{"C:\\Users\\100nout\\Documents\\RS\\react\\src\\components\\ErrorPage.tsx": {"path":"C:\\Users\\100nout\\Documents\\RS\\react\\src\\components\\ErrorPage.tsx","all":false,"statementMap":{"0":{"start":{"line":1,"column":0},"end":{"line":1,"column":40}},"1":{"start":{"line":2,"column":0},"end":{"line":2,"column":0}},"2":{"start":{"line":3,"column":0},"end":{"line":3,"column":22}},"3":{"start":{"line":4,"column":0},"end":{"line":4,"column":10}},"4":{"start":{"line":5,"column":0},"end":{"line":5,"column":80}},"5":{"start":{"line":6,"column":0},"end":{"line":6,"column":57}},"6":{"start":{"line":7,"column":0},"end":{"line":7,"column":11}},"7":{"start":{"line":8,"column":0},"end":{"line":8,"column":95}},"8":{"start":{"line":9,"column":0},"end":{"line":9,"column":14}},"9":{"start":{"line":10,"column":0},"end":{"line":10,"column":7}},"10":{"start":{"line":11,"column":0},"end":{"line":11,"column":17}},"11":{"start":{"line":12,"column":0},"end":{"line":12,"column":13}},"12":{"start":{"line":13,"column":0},"end":{"line":13,"column":11}},"13":{"start":{"line":14,"column":0},"end":{"line":14,"column":4}},"14":{"start":{"line":15,"column":0},"end":{"line":15,"column":1}},"15":{"start":{"line":16,"column":0},"end":{"line":16,"column":25}}},"s":{"0":1,"1":1,"2":1,"3":1,"4":1,"5":1,"6":1,"7":1,"8":1,"9":1,"10":1,"11":1,"12":1,"13":1,"14":1,"15":1},"branchMap":{"0":{"type":"branch","line":3,"loc":{"start":{"line":3,"column":0},"end":{"line":15,"column":1}},"locations":[{"start":{"line":3,"column":0},"end":{"line":15,"column":1}}]}},"b":{"0":[1]},"fnMap":{"0":{"name":"ErrorPage","decl":{"start":{"line":3,"column":0},"end":{"line":15,"column":1}},"loc":{"start":{"line":3,"column":0},"end":{"line":15,"column":1}},"line":3}},"f":{"0":1}}
,"C:\\Users\\100nout\\Documents\\RS\\react\\src\\components\\Loader.tsx": {"path":"C:\\Users\\100nout\\Documents\\RS\\react\\src\\components\\Loader.tsx","all":false,"statementMap":{"0":{"start":{"line":1,"column":0},"end":{"line":1,"column":19}},"1":{"start":{"line":2,"column":0},"end":{"line":2,"column":63}},"2":{"start":{"line":3,"column":0},"end":{"line":3,"column":1}},"3":{"start":{"line":4,"column":0},"end":{"line":4,"column":0}},"4":{"start":{"line":5,"column":0},"end":{"line":5,"column":22}}},"s":{"0":20,"1":20,"2":20,"3":1,"4":1},"branchMap":{"0":{"type":"branch","line":1,"loc":{"start":{"line":1,"column":0},"end":{"line":3,"column":1}},"locations":[{"start":{"line":1,"column":0},"end":{"line":3,"column":1}}]}},"b":{"0":[20]},"fnMap":{"0":{"name":"Loader","decl":{"start":{"line":1,"column":0},"end":{"line":3,"column":1}},"loc":{"start":{"line":1,"column":0},"end":{"line":3,"column":1}},"line":1}},"f":{"0":20}}
,"C:\\Users\\100nout\\Documents\\RS\\react\\src\\components\\SearchPage\\Details.tsx": {"path":"C:\\Users\\100nout\\Documents\\RS\\react\\src\\components\\SearchPage\\Details.tsx","all":false,"statementMap":{"0":{"start":{"line":1,"column":0},"end":{"line":1,"column":34}},"1":{"start":{"line":2,"column":0},"end":{"line":2,"column":51}},"2":{"start":{"line":3,"column":0},"end":{"line":3,"column":55}},"3":{"start":{"line":4,"column":0},"end":{"line":4,"column":57}},"4":{"start":{"line":5,"column":0},"end":{"line":5,"column":71}},"5":{"start":{"line":6,"column":0},"end":{"line":6,"column":68}},"6":{"start":{"line":7,"column":0},"end":{"line":7,"column":8}},"7":{"start":{"line":8,"column":0},"end":{"line":8,"column":17}},"8":{"start":{"line":9,"column":0},"end":{"line":9,"column":17}},"9":{"start":{"line":10,"column":0},"end":{"line":10,"column":43}},"10":{"start":{"line":11,"column":0},"end":{"line":11,"column":62}},"11":{"start":{"line":12,"column":0},"end":{"line":12,"column":31}},"12":{"start":{"line":13,"column":0},"end":{"line":13,"column":0}},"13":{"start":{"line":14,"column":0},"end":{"line":14,"column":20}},"14":{"start":{"line":15,"column":0},"end":{"line":15,"column":48}},"15":{"start":{"line":16,"column":0},"end":{"line":16,"column":51}},"16":{"start":{"line":17,"column":0},"end":{"line":17,"column":39}},"17":{"start":{"line":18,"column":0},"end":{"line":18,"column":4}},"18":{"start":{"line":19,"column":0},"end":{"line":19,"column":36}},"19":{"start":{"line":20,"column":0},"end":{"line":20,"column":52}},"20":{"start":{"line":21,"column":0},"end":{"line":21,"column":4}},"21":{"start":{"line":22,"column":0},"end":{"line":22,"column":33}},"22":{"start":{"line":23,"column":0},"end":{"line":23,"column":54}},"23":{"start":{"line":24,"column":0},"end":{"line":24,"column":31}},"24":{"start":{"line":25,"column":0},"end":{"line":25,"column":0}},"25":{"start":{"line":26,"column":0},"end":{"line":26,"column":19}},"26":{"start":{"line":27,"column":0},"end":{"line":27,"column":35}},"27":{"start":{"line":28,"column":0},"end":{"line":28,"column":69}},"28":{"start":{"line":29,"column":0},"end":{"line":29,"column":5}},"29":{"start":{"line":30,"column":0},"end":{"line":30,"column":35}},"30":{"start":{"line":31,"column":0},"end":{"line":31,"column":49}},"31":{"start":{"line":32,"column":0},"end":{"line":32,"column":70}},"32":{"start":{"line":33,"column":0},"end":{"line":33,"column":5}},"33":{"start":{"line":34,"column":0},"end":{"line":34,"column":67}},"34":{"start":{"line":35,"column":0},"end":{"line":35,"column":0}},"35":{"start":{"line":36,"column":0},"end":{"line":36,"column":19}},"36":{"start":{"line":37,"column":0},"end":{"line":37,"column":30}},"37":{"start":{"line":38,"column":0},"end":{"line":38,"column":24}},"38":{"start":{"line":39,"column":0},"end":{"line":39,"column":22}},"39":{"start":{"line":40,"column":0},"end":{"line":40,"column":23}},"40":{"start":{"line":41,"column":0},"end":{"line":41,"column":33}},"41":{"start":{"line":42,"column":0},"end":{"line":42,"column":9}},"42":{"start":{"line":43,"column":0},"end":{"line":43,"column":5}},"43":{"start":{"line":44,"column":0},"end":{"line":44,"column":31}},"44":{"start":{"line":45,"column":0},"end":{"line":45,"column":32}},"45":{"start":{"line":46,"column":0},"end":{"line":46,"column":0}},"46":{"start":{"line":47,"column":0},"end":{"line":47,"column":34}},"47":{"start":{"line":48,"column":0},"end":{"line":48,"column":10}},"48":{"start":{"line":49,"column":0},"end":{"line":49,"column":94}},"49":{"start":{"line":50,"column":0},"end":{"line":50,"column":27}},"50":{"start":{"line":51,"column":0},"end":{"line":51,"column":5}},"51":{"start":{"line":52,"column":0},"end":{"line":52,"column":13}},"52":{"start":{"line":53,"column":0},"end":{"line":53,"column":125}},"53":{"start":{"line":54,"column":0},"end":{"line":54,"column":27}},"54":{"start":{"line":55,"column":0},"end":{"line":55,"column":24}},"55":{"start":{"line":56,"column":0},"end":{"line":56,"column":39}},"56":{"start":{"line":57,"column":0},"end":{"line":57,"column":62}},"57":{"start":{"line":58,"column":0},"end":{"line":58,"column":10}},"58":{"start":{"line":59,"column":0},"end":{"line":59,"column":7}},"59":{"start":{"line":60,"column":0},"end":{"line":60,"column":9}},"60":{"start":{"line":61,"column":0},"end":{"line":61,"column":15}},"61":{"start":{"line":62,"column":0},"end":{"line":62,"column":24}},"62":{"start":{"line":63,"column":0},"end":{"line":63,"column":47}},"63":{"start":{"line":64,"column":0},"end":{"line":64,"column":11}},"64":{"start":{"line":65,"column":0},"end":{"line":65,"column":13}},"65":{"start":{"line":66,"column":0},"end":{"line":66,"column":13}},"66":{"start":{"line":67,"column":0},"end":{"line":67,"column":67}},"67":{"start":{"line":68,"column":0},"end":{"line":68,"column":36}},"68":{"start":{"line":69,"column":0},"end":{"line":69,"column":11}},"69":{"start":{"line":70,"column":0},"end":{"line":70,"column":30}},"70":{"start":{"line":71,"column":0},"end":{"line":71,"column":15}},"71":{"start":{"line":72,"column":0},"end":{"line":72,"column":50}},"72":{"start":{"line":73,"column":0},"end":{"line":73,"column":62}},"73":{"start":{"line":74,"column":0},"end":{"line":74,"column":64}},"74":{"start":{"line":75,"column":0},"end":{"line":75,"column":74}},"75":{"start":{"line":76,"column":0},"end":{"line":76,"column":74}},"76":{"start":{"line":77,"column":0},"end":{"line":77,"column":64}},"77":{"start":{"line":78,"column":0},"end":{"line":78,"column":15}},"78":{"start":{"line":79,"column":0},"end":{"line":79,"column":14}},"79":{"start":{"line":80,"column":0},"end":{"line":80,"column":8}},"80":{"start":{"line":81,"column":0},"end":{"line":81,"column":12}},"81":{"start":{"line":82,"column":0},"end":{"line":82,"column":7}},"82":{"start":{"line":83,"column":0},"end":{"line":83,"column":9}},"83":{"start":{"line":84,"column":0},"end":{"line":84,"column":4}},"84":{"start":{"line":85,"column":0},"end":{"line":85,"column":1}},"85":{"start":{"line":86,"column":0},"end":{"line":86,"column":0}},"86":{"start":{"line":87,"column":0},"end":{"line":87,"column":23}}},"s":{"0":1,"1":1,"2":1,"3":1,"4":1,"5":1,"6":1,"7":1,"8":1,"9":1,"10":1,"11":1,"12":1,"13":28,"14":28,"15":28,"16":28,"17":28,"18":28,"19":28,"20":28,"21":28,"22":28,"23":28,"24":28,"25":28,"26":15,"27":5,"28":5,"29":15,"30":2,"31":2,"32":2,"33":28,"34":28,"35":28,"36":8,"37":5,"38":5,"39":5,"40":5,"41":5,"42":5,"43":8,"44":28,"45":28,"46":28,"47":13,"48":13,"49":13,"50":13,"51":13,"52":13,"53":13,"54":13,"55":1,"56":1,"57":1,"58":13,"59":13,"60":13,"61":13,"62":3,"63":10,"64":10,"65":10,"66":10,"67":10,"68":10,"69":10,"70":10,"71":10,"72":10,"73":10,"74":10,"75":10,"76":10,"77":10,"78":10,"79":13,"80":13,"81":15,"82":15,"83":28,"84":28,"85":1,"86":1},"branchMap":{"0":{"type":"branch","line":14,"loc":{"start":{"line":14,"column":0},"end":{"line":85,"column":1}},"locations":[{"start":{"line":14,"column":0},"end":{"line":85,"column":1}}]},"1":{"type":"branch","line":34,"loc":{"start":{"line":34,"column":51},"end":{"line":34,"column":64}},"locations":[{"start":{"line":34,"column":51},"end":{"line":34,"column":64}}]},"2":{"type":"branch","line":47,"loc":{"start":{"line":47,"column":29},"end":{"line":81,"column":12}},"locations":[{"start":{"line":47,"column":29},"end":{"line":81,"column":12}}]},"3":{"type":"branch","line":62,"loc":{"start":{"line":62,"column":7},"end":{"line":63,"column":47}},"locations":[{"start":{"line":62,"column":7},"end":{"line":63,"column":47}}]},"4":{"type":"branch","line":63,"loc":{"start":{"line":63,"column":45},"end":{"line":79,"column":14}},"locations":[{"start":{"line":63,"column":45},"end":{"line":79,"column":14}}]},"5":{"type":"branch","line":73,"loc":{"start":{"line":73,"column":36},"end":{"line":73,"column":52}},"locations":[{"start":{"line":73,"column":36},"end":{"line":73,"column":52}}]},"6":{"type":"branch","line":73,"loc":{"start":{"line":73,"column":44},"end":{"line":73,"column":57}},"locations":[{"start":{"line":73,"column":44},"end":{"line":73,"column":57}}]},"7":{"type":"branch","line":74,"loc":{"start":{"line":74,"column":37},"end":{"line":74,"column":54}},"locations":[{"start":{"line":74,"column":37},"end":{"line":74,"column":54}}]},"8":{"type":"branch","line":75,"loc":{"start":{"line":75,"column":42},"end":{"line":75,"column":64}},"locations":[{"start":{"line":75,"column":42},"end":{"line":75,"column":64}}]},"9":{"type":"branch","line":76,"loc":{"start":{"line":76,"column":42},"end":{"line":76,"column":64}},"locations":[{"start":{"line":76,"column":42},"end":{"line":76,"column":64}}]},"10":{"type":"branch","line":77,"loc":{"start":{"line":77,"column":37},"end":{"line":77,"column":54}},"locations":[{"start":{"line":77,"column":37},"end":{"line":77,"column":54}}]},"11":{"type":"branch","line":81,"loc":{"start":{"line":81,"column":4},"end":{"line":83,"column":9}},"locations":[{"start":{"line":81,"column":4},"end":{"line":83,"column":9}}]},"12":{"type":"branch","line":17,"loc":{"start":{"line":17,"column":4},"end":{"line":17,"column":39}},"locations":[{"start":{"line":17,"column":4},"end":{"line":17,"column":39}}]},"13":{"type":"branch","line":20,"loc":{"start":{"line":20,"column":4},"end":{"line":20,"column":52}},"locations":[{"start":{"line":20,"column":4},"end":{"line":20,"column":52}}]},"14":{"type":"branch","line":26,"loc":{"start":{"line":26,"column":12},"end":{"line":34,"column":5}},"locations":[{"start":{"line":26,"column":12},"end":{"line":34,"column":5}}]},"15":{"type":"branch","line":27,"loc":{"start":{"line":27,"column":8},"end":{"line":27,"column":34}},"locations":[{"start":{"line":27,"column":8},"end":{"line":27,"column":34}}]},"16":{"type":"branch","line":27,"loc":{"start":{"line":27,"column":34},"end":{"line":29,"column":5}},"locations":[{"start":{"line":27,"column":34},"end":{"line":29,"column":5}}]},"17":{"type":"branch","line":30,"loc":{"start":{"line":30,"column":8},"end":{"line":30,"column":34}},"locations":[{"start":{"line":30,"column":8},"end":{"line":30,"column":34}}]},"18":{"type":"branch","line":30,"loc":{"start":{"line":30,"column":34},"end":{"line":33,"column":5}},"locations":[{"start":{"line":30,"column":34},"end":{"line":33,"column":5}}]},"19":{"type":"branch","line":36,"loc":{"start":{"line":36,"column":12},"end":{"line":45,"column":5}},"locations":[{"start":{"line":36,"column":12},"end":{"line":45,"column":5}}]},"20":{"type":"branch","line":44,"loc":{"start":{"line":44,"column":21},"end":{"line":44,"column":31}},"locations":[{"start":{"line":44,"column":21},"end":{"line":44,"column":31}}]},"21":{"type":"branch","line":37,"loc":{"start":{"line":37,"column":4},"end":{"line":43,"column":5}},"locations":[{"start":{"line":37,"column":4},"end":{"line":43,"column":5}}]},"22":{"type":"branch","line":55,"loc":{"start":{"line":55,"column":17},"end":{"line":58,"column":10}},"locations":[{"start":{"line":55,"column":17},"end":{"line":58,"column":10}}]}},"b":{"0":[28],"1":[10],"2":[13],"3":[3],"4":[10],"5":[6],"6":[4],"7":[0],"8":[0],"9":[0],"10":[0],"11":[15],"12":[80],"13":[80],"14":[15],"15":[12],"16":[5],"17":[12],"18":[2],"19":[8],"20":[5],"21":[5],"22":[1]},"fnMap":{"0":{"name":"Details","decl":{"start":{"line":14,"column":0},"end":{"line":85,"column":1}},"loc":{"start":{"line":14,"column":0},"end":{"line":85,"column":1}},"line":14},"1":{"name":"getData","decl":{"start":{"line":37,"column":4},"end":{"line":43,"column":5}},"loc":{"start":{"line":37,"column":4},"end":{"line":43,"column":5}},"line":37},"2":{"name":"onClick","decl":{"start":{"line":55,"column":17},"end":{"line":58,"column":10}},"loc":{"start":{"line":55,"column":17},"end":{"line":58,"column":10}},"line":55}},"f":{"0":28,"1":5,"2":1}}
,"C:\\Users\\100nout\\Documents\\RS\\react\\src\\components\\SearchPage\\ErrorWithFetch.tsx": {"path":"C:\\Users\\100nout\\Documents\\RS\\react\\src\\components\\SearchPage\\ErrorWithFetch.tsx","all":false,"statementMap":{"0":{"start":{"line":1,"column":0},"end":{"line":1,"column":51}},"1":{"start":{"line":2,"column":0},"end":{"line":2,"column":0}},"2":{"start":{"line":3,"column":0},"end":{"line":3,"column":62}},"3":{"start":{"line":4,"column":0},"end":{"line":4,"column":0}},"4":{"start":{"line":5,"column":0},"end":{"line":5,"column":56}},"5":{"start":{"line":6,"column":0},"end":{"line":6,"column":48}},"6":{"start":{"line":7,"column":0},"end":{"line":7,"column":0}},"7":{"start":{"line":8,"column":0},"end":{"line":8,"column":10}},"8":{"start":{"line":9,"column":0},"end":{"line":9,"column":66}},"9":{"start":{"line":10,"column":0},"end":{"line":10,"column":13}},"10":{"start":{"line":11,"column":0},"end":{"line":11,"column":125}},"11":{"start":{"line":12,"column":0},"end":{"line":12,"column":24}},"12":{"start":{"line":13,"column":0},"end":{"line":13,"column":62}},"13":{"start":{"line":14,"column":0},"end":{"line":14,"column":10}},"14":{"start":{"line":15,"column":0},"end":{"line":15,"column":7}},"15":{"start":{"line":16,"column":0},"end":{"line":16,"column":9}},"16":{"start":{"line":17,"column":0},"end":{"line":17,"column":15}},"17":{"start":{"line":18,"column":0},"end":{"line":18,"column":31}},"18":{"start":{"line":19,"column":0},"end":{"line":19,"column":110}},"19":{"start":{"line":20,"column":0},"end":{"line":20,"column":11}},"20":{"start":{"line":21,"column":0},"end":{"line":21,"column":12}},"21":{"start":{"line":22,"column":0},"end":{"line":22,"column":4}},"22":{"start":{"line":23,"column":0},"end":{"line":23,"column":1}},"23":{"start":{"line":24,"column":0},"end":{"line":24,"column":30}}},"s":{"0":1,"1":1,"2":1,"3":1,"4":1,"5":1,"6":1,"7":1,"8":1,"9":1,"10":1,"11":1,"12":0,"13":0,"14":1,"15":1,"16":1,"17":1,"18":1,"19":1,"20":1,"21":1,"22":1,"23":1},"branchMap":{"0":{"type":"branch","line":5,"loc":{"start":{"line":5,"column":0},"end":{"line":23,"column":1}},"locations":[{"start":{"line":5,"column":0},"end":{"line":23,"column":1}}]}},"b":{"0":[1]},"fnMap":{"0":{"name":"ErrorWithFetch","decl":{"start":{"line":5,"column":0},"end":{"line":23,"column":1}},"loc":{"start":{"line":5,"column":0},"end":{"line":23,"column":1}},"line":5},"1":{"name":"onClick","decl":{"start":{"line":12,"column":17},"end":{"line":14,"column":10}},"loc":{"start":{"line":12,"column":17},"end":{"line":14,"column":10}},"line":12}},"f":{"0":1,"1":0}}
,"C:\\Users\\100nout\\Documents\\RS\\react\\src\\components\\SearchPage\\Pagination.tsx": {"path":"C:\\Users\\100nout\\Documents\\RS\\react\\src\\components\\SearchPage\\Pagination.tsx","all":false,"statementMap":{"0":{"start":{"line":1,"column":0},"end":{"line":1,"column":54}},"1":{"start":{"line":2,"column":0},"end":{"line":2,"column":55}},"2":{"start":{"line":3,"column":0},"end":{"line":3,"column":57}},"3":{"start":{"line":4,"column":0},"end":{"line":4,"column":8}},"4":{"start":{"line":5,"column":0},"end":{"line":5,"column":22}},"5":{"start":{"line":6,"column":0},"end":{"line":6,"column":16}},"6":{"start":{"line":7,"column":0},"end":{"line":7,"column":16}},"7":{"start":{"line":8,"column":0},"end":{"line":8,"column":28}},"8":{"start":{"line":9,"column":0},"end":{"line":9,"column":46}},"9":{"start":{"line":10,"column":0},"end":{"line":10,"column":62}},"10":{"start":{"line":11,"column":0},"end":{"line":11,"column":0}},"11":{"start":{"line":12,"column":0},"end":{"line":12,"column":17}},"12":{"start":{"line":13,"column":0},"end":{"line":13,"column":26}},"13":{"start":{"line":14,"column":0},"end":{"line":14,"column":32}},"14":{"start":{"line":15,"column":0},"end":{"line":15,"column":1}},"15":{"start":{"line":16,"column":0},"end":{"line":16,"column":0}},"16":{"start":{"line":17,"column":0},"end":{"line":17,"column":35}},"17":{"start":{"line":18,"column":0},"end":{"line":18,"column":73}},"18":{"start":{"line":19,"column":0},"end":{"line":19,"column":42}},"19":{"start":{"line":20,"column":0},"end":{"line":20,"column":4}},"20":{"start":{"line":21,"column":0},"end":{"line":21,"column":0}},"21":{"start":{"line":22,"column":0},"end":{"line":22,"column":33}},"22":{"start":{"line":23,"column":0},"end":{"line":23,"column":0}},"23":{"start":{"line":24,"column":0},"end":{"line":24,"column":38}},"24":{"start":{"line":25,"column":0},"end":{"line":25,"column":0}},"25":{"start":{"line":26,"column":0},"end":{"line":26,"column":43}},"26":{"start":{"line":27,"column":0},"end":{"line":27,"column":8}},"27":{"start":{"line":28,"column":0},"end":{"line":28,"column":79}},"28":{"start":{"line":29,"column":0},"end":{"line":29,"column":7}},"29":{"start":{"line":30,"column":0},"end":{"line":30,"column":5}},"30":{"start":{"line":31,"column":0},"end":{"line":31,"column":13}},"31":{"start":{"line":32,"column":0},"end":{"line":32,"column":26}},"32":{"start":{"line":33,"column":0},"end":{"line":33,"column":78}},"33":{"start":{"line":34,"column":0},"end":{"line":34,"column":35}},"34":{"start":{"line":35,"column":0},"end":{"line":35,"column":11}},"35":{"start":{"line":36,"column":0},"end":{"line":36,"column":40}},"36":{"start":{"line":37,"column":0},"end":{"line":37,"column":55}},"37":{"start":{"line":38,"column":0},"end":{"line":38,"column":33}},"38":{"start":{"line":39,"column":0},"end":{"line":39,"column":6}},"39":{"start":{"line":40,"column":0},"end":{"line":40,"column":57}},"40":{"start":{"line":41,"column":0},"end":{"line":41,"column":25}},"41":{"start":{"line":42,"column":0},"end":{"line":42,"column":65}},"42":{"start":{"line":43,"column":0},"end":{"line":43,"column":21}},"43":{"start":{"line":44,"column":0},"end":{"line":44,"column":47}},"44":{"start":{"line":45,"column":0},"end":{"line":45,"column":75}},"45":{"start":{"line":46,"column":0},"end":{"line":46,"column":3}},"46":{"start":{"line":47,"column":0},"end":{"line":47,"column":0}},"47":{"start":{"line":48,"column":0},"end":{"line":48,"column":10}},"48":{"start":{"line":49,"column":0},"end":{"line":49,"column":78}},"49":{"start":{"line":50,"column":0},"end":{"line":50,"column":13}},"50":{"start":{"line":51,"column":0},"end":{"line":51,"column":95}},"51":{"start":{"line":52,"column":0},"end":{"line":52,"column":24}},"52":{"start":{"line":53,"column":0},"end":{"line":53,"column":38}},"53":{"start":{"line":54,"column":0},"end":{"line":54,"column":48}},"54":{"start":{"line":55,"column":0},"end":{"line":55,"column":78}},"55":{"start":{"line":56,"column":0},"end":{"line":56,"column":10}},"56":{"start":{"line":57,"column":0},"end":{"line":57,"column":7}},"57":{"start":{"line":58,"column":0},"end":{"line":58,"column":13}},"58":{"start":{"line":59,"column":0},"end":{"line":59,"column":15}},"59":{"start":{"line":60,"column":0},"end":{"line":60,"column":51}},"60":{"start":{"line":61,"column":0},"end":{"line":61,"column":16}},"61":{"start":{"line":62,"column":0},"end":{"line":62,"column":33}},"62":{"start":{"line":63,"column":0},"end":{"line":63,"column":19}},"63":{"start":{"line":64,"column":0},"end":{"line":64,"column":52}},"64":{"start":{"line":65,"column":0},"end":{"line":65,"column":37}},"65":{"start":{"line":66,"column":0},"end":{"line":66,"column":25}},"66":{"start":{"line":67,"column":0},"end":{"line":67,"column":40}},"67":{"start":{"line":68,"column":0},"end":{"line":68,"column":86}},"68":{"start":{"line":69,"column":0},"end":{"line":69,"column":86}},"69":{"start":{"line":70,"column":0},"end":{"line":70,"column":15}},"70":{"start":{"line":71,"column":0},"end":{"line":71,"column":30}},"71":{"start":{"line":72,"column":0},"end":{"line":72,"column":51}},"72":{"start":{"line":73,"column":0},"end":{"line":73,"column":79}},"73":{"start":{"line":74,"column":0},"end":{"line":74,"column":16}},"74":{"start":{"line":75,"column":0},"end":{"line":75,"column":13}},"75":{"start":{"line":76,"column":0},"end":{"line":76,"column":21}},"76":{"start":{"line":77,"column":0},"end":{"line":77,"column":21}},"77":{"start":{"line":78,"column":0},"end":{"line":78,"column":11}},"78":{"start":{"line":79,"column":0},"end":{"line":79,"column":10}},"79":{"start":{"line":80,"column":0},"end":{"line":80,"column":9}},"80":{"start":{"line":81,"column":0},"end":{"line":81,"column":0}},"81":{"start":{"line":82,"column":0},"end":{"line":82,"column":54}},"82":{"start":{"line":83,"column":0},"end":{"line":83,"column":15}},"83":{"start":{"line":84,"column":0},"end":{"line":84,"column":97}},"84":{"start":{"line":85,"column":0},"end":{"line":85,"column":26}},"85":{"start":{"line":86,"column":0},"end":{"line":86,"column":43}},"86":{"start":{"line":87,"column":0},"end":{"line":87,"column":12}},"87":{"start":{"line":88,"column":0},"end":{"line":88,"column":9}},"88":{"start":{"line":89,"column":0},"end":{"line":89,"column":13}},"89":{"start":{"line":90,"column":0},"end":{"line":90,"column":17}},"90":{"start":{"line":91,"column":0},"end":{"line":91,"column":8}},"91":{"start":{"line":92,"column":0},"end":{"line":92,"column":13}},"92":{"start":{"line":93,"column":0},"end":{"line":93,"column":19}},"93":{"start":{"line":94,"column":0},"end":{"line":94,"column":39}},"94":{"start":{"line":95,"column":0},"end":{"line":95,"column":80}},"95":{"start":{"line":96,"column":0},"end":{"line":96,"column":80}},"96":{"start":{"line":97,"column":0},"end":{"line":97,"column":9}},"97":{"start":{"line":98,"column":0},"end":{"line":98,"column":40}},"98":{"start":{"line":99,"column":0},"end":{"line":99,"column":24}},"99":{"start":{"line":100,"column":0},"end":{"line":100,"column":36}},"100":{"start":{"line":101,"column":0},"end":{"line":101,"column":78}},"101":{"start":{"line":102,"column":0},"end":{"line":102,"column":10}},"102":{"start":{"line":103,"column":0},"end":{"line":103,"column":7}},"103":{"start":{"line":104,"column":0},"end":{"line":104,"column":20}},"104":{"start":{"line":105,"column":0},"end":{"line":105,"column":15}},"105":{"start":{"line":106,"column":0},"end":{"line":106,"column":13}},"106":{"start":{"line":107,"column":0},"end":{"line":107,"column":95}},"107":{"start":{"line":108,"column":0},"end":{"line":108,"column":24}},"108":{"start":{"line":109,"column":0},"end":{"line":109,"column":54}},"109":{"start":{"line":110,"column":0},"end":{"line":110,"column":48}},"110":{"start":{"line":111,"column":0},"end":{"line":111,"column":20}},"111":{"start":{"line":112,"column":0},"end":{"line":112,"column":74}},"112":{"start":{"line":113,"column":0},"end":{"line":113,"column":12}},"113":{"start":{"line":114,"column":0},"end":{"line":114,"column":10}},"114":{"start":{"line":115,"column":0},"end":{"line":115,"column":7}},"115":{"start":{"line":116,"column":0},"end":{"line":116,"column":13}},"116":{"start":{"line":117,"column":0},"end":{"line":117,"column":15}},"117":{"start":{"line":118,"column":0},"end":{"line":118,"column":10}},"118":{"start":{"line":119,"column":0},"end":{"line":119,"column":4}},"119":{"start":{"line":120,"column":0},"end":{"line":120,"column":1}},"120":{"start":{"line":121,"column":0},"end":{"line":121,"column":0}},"121":{"start":{"line":122,"column":0},"end":{"line":122,"column":26}}},"s":{"0":1,"1":1,"2":1,"3":1,"4":1,"5":1,"6":1,"7":1,"8":1,"9":1,"10":1,"11":1,"12":1,"13":1,"14":1,"15":1,"16":42,"17":42,"18":42,"19":42,"20":42,"21":42,"22":42,"23":42,"24":42,"25":42,"26":1,"27":1,"28":1,"29":1,"30":1,"31":1,"32":1,"33":1,"34":0,"35":1,"36":1,"37":1,"38":1,"39":1,"40":1,"41":1,"42":1,"43":1,"44":1,"45":1,"46":42,"47":42,"48":42,"49":42,"50":42,"51":42,"52":0,"53":0,"54":0,"55":0,"56":42,"57":42,"58":42,"59":42,"60":126,"61":126,"62":126,"63":126,"64":126,"65":126,"66":126,"67":40,"68":86,"69":126,"70":126,"71":1,"72":1,"73":1,"74":126,"75":126,"76":126,"77":126,"78":126,"79":42,"80":42,"81":42,"82":42,"83":42,"84":42,"85":1,"86":1,"87":42,"88":42,"89":42,"90":42,"91":42,"92":42,"93":42,"94":2,"95":40,"96":42,"97":42,"98":42,"99":1,"100":1,"101":1,"102":42,"103":42,"104":42,"105":42,"106":42,"107":42,"108":1,"109":1,"110":1,"111":1,"112":1,"113":1,"114":42,"115":42,"116":42,"117":42,"118":42,"119":42,"120":1,"121":1},"branchMap":{"0":{"type":"branch","line":17,"loc":{"start":{"line":17,"column":0},"end":{"line":120,"column":1}},"locations":[{"start":{"line":17,"column":0},"end":{"line":120,"column":1}}]},"1":{"type":"branch","line":94,"loc":{"start":{"line":94,"column":29},"end":{"line":95,"column":80}},"locations":[{"start":{"line":94,"column":29},"end":{"line":95,"column":80}}]},"2":{"type":"branch","line":95,"loc":{"start":{"line":95,"column":14},"end":{"line":96,"column":80}},"locations":[{"start":{"line":95,"column":14},"end":{"line":96,"column":80}}]},"3":{"type":"branch","line":19,"loc":{"start":{"line":19,"column":4},"end":{"line":19,"column":42}},"locations":[{"start":{"line":19,"column":4},"end":{"line":19,"column":42}}]},"4":{"type":"branch","line":26,"loc":{"start":{"line":26,"column":2},"end":{"line":46,"column":3}},"locations":[{"start":{"line":26,"column":2},"end":{"line":46,"column":3}}]},"5":{"type":"branch","line":31,"loc":{"start":{"line":31,"column":6},"end":{"line":31,"column":13}},"locations":[{"start":{"line":31,"column":6},"end":{"line":31,"column":13}}]},"6":{"type":"branch","line":34,"loc":{"start":{"line":34,"column":29},"end":{"line":35,"column":11}},"locations":[{"start":{"line":34,"column":29},"end":{"line":35,"column":11}}]},"7":{"type":"branch","line":38,"loc":{"start":{"line":38,"column":6},"end":{"line":38,"column":33}},"locations":[{"start":{"line":38,"column":6},"end":{"line":38,"column":33}}]},"8":{"type":"branch","line":60,"loc":{"start":{"line":60,"column":34},"end":{"line":80,"column":7}},"locations":[{"start":{"line":60,"column":34},"end":{"line":80,"column":7}}]},"9":{"type":"branch","line":67,"loc":{"start":{"line":67,"column":35},"end":{"line":68,"column":86}},"locations":[{"start":{"line":67,"column":35},"end":{"line":68,"column":86}}]},"10":{"type":"branch","line":68,"loc":{"start":{"line":68,"column":20},"end":{"line":69,"column":86}},"locations":[{"start":{"line":68,"column":20},"end":{"line":69,"column":86}}]},"11":{"type":"branch","line":71,"loc":{"start":{"line":71,"column":23},"end":{"line":74,"column":16}},"locations":[{"start":{"line":71,"column":23},"end":{"line":74,"column":16}}]},"12":{"type":"branch","line":85,"loc":{"start":{"line":85,"column":19},"end":{"line":87,"column":12}},"locations":[{"start":{"line":85,"column":19},"end":{"line":87,"column":12}}]},"13":{"type":"branch","line":99,"loc":{"start":{"line":99,"column":17},"end":{"line":102,"column":10}},"locations":[{"start":{"line":99,"column":17},"end":{"line":102,"column":10}}]},"14":{"type":"branch","line":108,"loc":{"start":{"line":108,"column":17},"end":{"line":114,"column":10}},"locations":[{"start":{"line":108,"column":17},"end":{"line":114,"column":10}}]},"15":{"type":"branch","line":109,"loc":{"start":{"line":109,"column":47},"end":{"line":109,"column":54}},"locations":[{"start":{"line":109,"column":47},"end":{"line":109,"column":54}}]}},"b":{"0":[42],"1":[2],"2":[40],"3":[98],"4":[1],"5":[0],"6":[0],"7":[3],"8":[126],"9":[40],"10":[86],"11":[1],"12":[1],"13":[1],"14":[1],"15":[0]},"fnMap":{"0":{"name":"Pagination","decl":{"start":{"line":17,"column":0},"end":{"line":120,"column":1}},"loc":{"start":{"line":17,"column":0},"end":{"line":120,"column":1}},"line":17},"1":{"name":"changePaginationButtonsValue","decl":{"start":{"line":26,"column":2},"end":{"line":46,"column":3}},"loc":{"start":{"line":26,"column":2},"end":{"line":46,"column":3}},"line":26},"2":{"name":"onClick","decl":{"start":{"line":52,"column":17},"end":{"line":56,"column":10}},"loc":{"start":{"line":52,"column":17},"end":{"line":56,"column":10}},"line":52},"3":{"name":"onClick","decl":{"start":{"line":71,"column":23},"end":{"line":74,"column":16}},"loc":{"start":{"line":71,"column":23},"end":{"line":74,"column":16}},"line":71},"4":{"name":"onClick","decl":{"start":{"line":85,"column":19},"end":{"line":87,"column":12}},"loc":{"start":{"line":85,"column":19},"end":{"line":87,"column":12}},"line":85},"5":{"name":"onClick","decl":{"start":{"line":99,"column":17},"end":{"line":102,"column":10}},"loc":{"start":{"line":99,"column":17},"end":{"line":102,"column":10}},"line":99},"6":{"name":"onClick","decl":{"start":{"line":108,"column":17},"end":{"line":114,"column":10}},"loc":{"start":{"line":108,"column":17},"end":{"line":114,"column":10}},"line":108}},"f":{"0":42,"1":1,"2":0,"3":1,"4":1,"5":1,"6":1}}
,"C:\\Users\\100nout\\Documents\\RS\\react\\src\\components\\SearchPage\\SearchForm.tsx": {"path":"C:\\Users\\100nout\\Documents\\RS\\react\\src\\components\\SearchPage\\SearchForm.tsx","all":false,"statementMap":{"0":{"start":{"line":1,"column":0},"end":{"line":1,"column":41}},"1":{"start":{"line":2,"column":0},"end":{"line":2,"column":54}},"2":{"start":{"line":3,"column":0},"end":{"line":3,"column":55}},"3":{"start":{"line":4,"column":0},"end":{"line":4,"column":57}},"4":{"start":{"line":5,"column":0},"end":{"line":5,"column":66}},"5":{"start":{"line":6,"column":0},"end":{"line":6,"column":8}},"6":{"start":{"line":7,"column":0},"end":{"line":7,"column":16}},"7":{"start":{"line":8,"column":0},"end":{"line":8,"column":28}},"8":{"start":{"line":9,"column":0},"end":{"line":9,"column":46}},"9":{"start":{"line":10,"column":0},"end":{"line":10,"column":62}},"10":{"start":{"line":11,"column":0},"end":{"line":11,"column":0}},"11":{"start":{"line":12,"column":0},"end":{"line":12,"column":17}},"12":{"start":{"line":13,"column":0},"end":{"line":13,"column":26}},"13":{"start":{"line":14,"column":0},"end":{"line":14,"column":32}},"14":{"start":{"line":15,"column":0},"end":{"line":15,"column":1}},"15":{"start":{"line":16,"column":0},"end":{"line":16,"column":0}},"16":{"start":{"line":17,"column":0},"end":{"line":17,"column":35}},"17":{"start":{"line":18,"column":0},"end":{"line":18,"column":34}},"18":{"start":{"line":19,"column":0},"end":{"line":19,"column":50}},"19":{"start":{"line":20,"column":0},"end":{"line":20,"column":4}},"20":{"start":{"line":21,"column":0},"end":{"line":21,"column":33}},"21":{"start":{"line":22,"column":0},"end":{"line":22,"column":53}},"22":{"start":{"line":23,"column":0},"end":{"line":23,"column":4}},"23":{"start":{"line":24,"column":0},"end":{"line":24,"column":33}},"24":{"start":{"line":25,"column":0},"end":{"line":25,"column":48}},"25":{"start":{"line":26,"column":0},"end":{"line":26,"column":0}},"26":{"start":{"line":27,"column":0},"end":{"line":27,"column":38}},"27":{"start":{"line":28,"column":0},"end":{"line":28,"column":0}},"28":{"start":{"line":29,"column":0},"end":{"line":29,"column":58}},"29":{"start":{"line":30,"column":0},"end":{"line":30,"column":0}},"30":{"start":{"line":31,"column":0},"end":{"line":31,"column":21}},"31":{"start":{"line":32,"column":0},"end":{"line":32,"column":41}},"32":{"start":{"line":33,"column":0},"end":{"line":33,"column":3}},"33":{"start":{"line":34,"column":0},"end":{"line":34,"column":10}},"34":{"start":{"line":35,"column":0},"end":{"line":35,"column":9}},"35":{"start":{"line":36,"column":0},"end":{"line":36,"column":16}},"36":{"start":{"line":37,"column":0},"end":{"line":37,"column":67}},"37":{"start":{"line":38,"column":0},"end":{"line":38,"column":31}},"38":{"start":{"line":39,"column":0},"end":{"line":39,"column":24}},"39":{"start":{"line":40,"column":0},"end":{"line":40,"column":27}},"40":{"start":{"line":41,"column":0},"end":{"line":41,"column":60}},"41":{"start":{"line":42,"column":0},"end":{"line":42,"column":55}},"42":{"start":{"line":43,"column":0},"end":{"line":43,"column":59}},"43":{"start":{"line":44,"column":0},"end":{"line":44,"column":51}},"44":{"start":{"line":45,"column":0},"end":{"line":45,"column":8}},"45":{"start":{"line":46,"column":0},"end":{"line":46,"column":5}},"46":{"start":{"line":47,"column":0},"end":{"line":47,"column":13}},"47":{"start":{"line":48,"column":0},"end":{"line":48,"column":21}},"48":{"start":{"line":49,"column":0},"end":{"line":49,"column":75}},"49":{"start":{"line":50,"column":0},"end":{"line":50,"column":24}},"50":{"start":{"line":51,"column":0},"end":{"line":51,"column":32}},"51":{"start":{"line":52,"column":0},"end":{"line":52,"column":10}},"52":{"start":{"line":53,"column":0},"end":{"line":53,"column":7}},"53":{"start":{"line":54,"column":0},"end":{"line":54,"column":13}},"54":{"start":{"line":55,"column":0},"end":{"line":55,"column":15}},"55":{"start":{"line":56,"column":0},"end":{"line":56,"column":0}},"56":{"start":{"line":57,"column":0},"end":{"line":57,"column":12}},"57":{"start":{"line":58,"column":0},"end":{"line":58,"column":34}},"58":{"start":{"line":59,"column":0},"end":{"line":59,"column":19}},"59":{"start":{"line":60,"column":0},"end":{"line":60,"column":21}},"60":{"start":{"line":61,"column":0},"end":{"line":61,"column":19}},"61":{"start":{"line":62,"column":0},"end":{"line":62,"column":34}},"62":{"start":{"line":63,"column":0},"end":{"line":63,"column":29}},"63":{"start":{"line":64,"column":0},"end":{"line":64,"column":26}},"64":{"start":{"line":65,"column":0},"end":{"line":65,"column":49}},"65":{"start":{"line":66,"column":0},"end":{"line":66,"column":53}},"66":{"start":{"line":67,"column":0},"end":{"line":67,"column":10}},"67":{"start":{"line":68,"column":0},"end":{"line":68,"column":8}},"68":{"start":{"line":69,"column":0},"end":{"line":69,"column":13}},"69":{"start":{"line":70,"column":0},"end":{"line":70,"column":21}},"70":{"start":{"line":71,"column":0},"end":{"line":71,"column":75}},"71":{"start":{"line":72,"column":0},"end":{"line":72,"column":7}},"72":{"start":{"line":73,"column":0},"end":{"line":73,"column":14}},"73":{"start":{"line":74,"column":0},"end":{"line":74,"column":15}},"74":{"start":{"line":75,"column":0},"end":{"line":75,"column":11}},"75":{"start":{"line":76,"column":0},"end":{"line":76,"column":4}},"76":{"start":{"line":77,"column":0},"end":{"line":77,"column":1}},"77":{"start":{"line":78,"column":0},"end":{"line":78,"column":0}},"78":{"start":{"line":79,"column":0},"end":{"line":79,"column":26}}},"s":{"0":1,"1":1,"2":1,"3":1,"4":1,"5":1,"6":1,"7":1,"8":1,"9":1,"10":1,"11":1,"12":1,"13":1,"14":1,"15":1,"16":63,"17":63,"18":63,"19":63,"20":63,"21":63,"22":63,"23":63,"24":63,"25":63,"26":63,"27":63,"28":63,"29":63,"30":63,"31":0,"32":0,"33":63,"34":63,"35":63,"36":63,"37":63,"38":63,"39":2,"40":2,"41":2,"42":2,"43":2,"44":2,"45":63,"46":63,"47":63,"48":63,"49":63,"50":0,"51":0,"52":63,"53":63,"54":63,"55":63,"56":63,"57":63,"58":63,"59":63,"60":63,"61":63,"62":63,"63":63,"64":2,"65":2,"66":2,"67":63,"68":63,"69":63,"70":63,"71":63,"72":63,"73":63,"74":63,"75":63,"76":63,"77":1,"78":1},"branchMap":{"0":{"type":"branch","line":17,"loc":{"start":{"line":17,"column":0},"end":{"line":77,"column":1}},"locations":[{"start":{"line":17,"column":0},"end":{"line":77,"column":1}}]},"1":{"type":"branch","line":31,"loc":{"start":{"line":31,"column":20},"end":{"line":33,"column":3}},"locations":[{"start":{"line":31,"column":20},"end":{"line":33,"column":3}}]},"2":{"type":"branch","line":19,"loc":{"start":{"line":19,"column":4},"end":{"line":19,"column":50}},"locations":[{"start":{"line":19,"column":4},"end":{"line":19,"column":50}}]},"3":{"type":"branch","line":22,"loc":{"start":{"line":22,"column":4},"end":{"line":22,"column":53}},"locations":[{"start":{"line":22,"column":4},"end":{"line":22,"column":53}}]},"4":{"type":"branch","line":39,"loc":{"start":{"line":39,"column":16},"end":{"line":45,"column":8}},"locations":[{"start":{"line":39,"column":16},"end":{"line":45,"column":8}}]},"5":{"type":"branch","line":44,"loc":{"start":{"line":44,"column":24},"end":{"line":44,"column":51}},"locations":[{"start":{"line":44,"column":24},"end":{"line":44,"column":51}}]},"6":{"type":"branch","line":64,"loc":{"start":{"line":64,"column":18},"end":{"line":67,"column":10}},"locations":[{"start":{"line":64,"column":18},"end":{"line":67,"column":10}}]}},"b":{"0":[63],"1":[0],"2":[155],"3":[155],"4":[2],"5":[0],"6":[2]},"fnMap":{"0":{"name":"SearchForm","decl":{"start":{"line":17,"column":0},"end":{"line":77,"column":1}},"loc":{"start":{"line":17,"column":0},"end":{"line":77,"column":1}},"line":17},"1":{"name":"onSubmit","decl":{"start":{"line":39,"column":16},"end":{"line":45,"column":8}},"loc":{"start":{"line":39,"column":16},"end":{"line":45,"column":8}},"line":39},"2":{"name":"onClick","decl":{"start":{"line":50,"column":17},"end":{"line":52,"column":10}},"loc":{"start":{"line":50,"column":17},"end":{"line":52,"column":10}},"line":50},"3":{"name":"onChange","decl":{"start":{"line":64,"column":18},"end":{"line":67,"column":10}},"loc":{"start":{"line":64,"column":18},"end":{"line":67,"column":10}},"line":64}},"f":{"0":63,"1":2,"2":0,"3":2}}
,"C:\\Users\\100nout\\Documents\\RS\\react\\src\\components\\SearchPage\\SearchPage.tsx": {"path":"C:\\Users\\100nout\\Documents\\RS\\react\\src\\components\\SearchPage\\SearchPage.tsx","all":false,"statementMap":{"0":{"start":{"line":1,"column":0},"end":{"line":1,"column":34}},"1":{"start":{"line":2,"column":0},"end":{"line":2,"column":59}},"2":{"start":{"line":3,"column":0},"end":{"line":3,"column":55}},"3":{"start":{"line":4,"column":0},"end":{"line":4,"column":57}},"4":{"start":{"line":5,"column":0},"end":{"line":5,"column":62}},"5":{"start":{"line":6,"column":0},"end":{"line":6,"column":71}},"6":{"start":{"line":7,"column":0},"end":{"line":7,"column":68}},"7":{"start":{"line":8,"column":0},"end":{"line":8,"column":69}},"8":{"start":{"line":9,"column":0},"end":{"line":9,"column":68}},"9":{"start":{"line":10,"column":0},"end":{"line":10,"column":38}},"10":{"start":{"line":11,"column":0},"end":{"line":11,"column":44}},"11":{"start":{"line":12,"column":0},"end":{"line":12,"column":38}},"12":{"start":{"line":13,"column":0},"end":{"line":13,"column":31}},"13":{"start":{"line":14,"column":0},"end":{"line":14,"column":35}},"14":{"start":{"line":15,"column":0},"end":{"line":15,"column":0}},"15":{"start":{"line":16,"column":0},"end":{"line":16,"column":23}},"16":{"start":{"line":17,"column":0},"end":{"line":17,"column":48}},"17":{"start":{"line":18,"column":0},"end":{"line":18,"column":49}},"18":{"start":{"line":19,"column":0},"end":{"line":19,"column":42}},"19":{"start":{"line":20,"column":0},"end":{"line":20,"column":4}},"20":{"start":{"line":21,"column":0},"end":{"line":21,"column":75}},"21":{"start":{"line":22,"column":0},"end":{"line":22,"column":34}},"22":{"start":{"line":23,"column":0},"end":{"line":23,"column":50}},"23":{"start":{"line":24,"column":0},"end":{"line":24,"column":4}},"24":{"start":{"line":25,"column":0},"end":{"line":25,"column":36}},"25":{"start":{"line":26,"column":0},"end":{"line":26,"column":53}},"26":{"start":{"line":27,"column":0},"end":{"line":27,"column":4}},"27":{"start":{"line":28,"column":0},"end":{"line":28,"column":35}},"28":{"start":{"line":29,"column":0},"end":{"line":29,"column":51}},"29":{"start":{"line":30,"column":0},"end":{"line":30,"column":4}},"30":{"start":{"line":31,"column":0},"end":{"line":31,"column":0}},"31":{"start":{"line":32,"column":0},"end":{"line":32,"column":33}},"32":{"start":{"line":33,"column":0},"end":{"line":33,"column":0}},"33":{"start":{"line":34,"column":0},"end":{"line":34,"column":54}},"34":{"start":{"line":35,"column":0},"end":{"line":35,"column":31}},"35":{"start":{"line":36,"column":0},"end":{"line":36,"column":0}},"36":{"start":{"line":37,"column":0},"end":{"line":37,"column":19}},"37":{"start":{"line":38,"column":0},"end":{"line":38,"column":20}},"38":{"start":{"line":39,"column":0},"end":{"line":39,"column":68}},"39":{"start":{"line":40,"column":0},"end":{"line":40,"column":5}},"40":{"start":{"line":41,"column":0},"end":{"line":41,"column":20}},"41":{"start":{"line":42,"column":0},"end":{"line":42,"column":48}},"42":{"start":{"line":43,"column":0},"end":{"line":43,"column":52}},"43":{"start":{"line":44,"column":0},"end":{"line":44,"column":69}},"44":{"start":{"line":45,"column":0},"end":{"line":45,"column":5}},"45":{"start":{"line":46,"column":0},"end":{"line":46,"column":77}},"46":{"start":{"line":47,"column":0},"end":{"line":47,"column":0}},"47":{"start":{"line":48,"column":0},"end":{"line":48,"column":19}},"48":{"start":{"line":49,"column":0},"end":{"line":49,"column":92}},"49":{"start":{"line":50,"column":0},"end":{"line":50,"column":75}},"50":{"start":{"line":51,"column":0},"end":{"line":51,"column":30}},"51":{"start":{"line":52,"column":0},"end":{"line":52,"column":62}},"52":{"start":{"line":53,"column":0},"end":{"line":53,"column":5}},"53":{"start":{"line":54,"column":0},"end":{"line":54,"column":14}},"54":{"start":{"line":55,"column":0},"end":{"line":55,"column":54}},"55":{"start":{"line":56,"column":0},"end":{"line":56,"column":0}},"56":{"start":{"line":57,"column":0},"end":{"line":57,"column":10}},"57":{"start":{"line":58,"column":0},"end":{"line":58,"column":6}},"58":{"start":{"line":59,"column":0},"end":{"line":59,"column":65}},"59":{"start":{"line":60,"column":0},"end":{"line":60,"column":47}},"60":{"start":{"line":61,"column":0},"end":{"line":61,"column":62}},"61":{"start":{"line":62,"column":0},"end":{"line":62,"column":18}},"62":{"start":{"line":63,"column":0},"end":{"line":63,"column":49}},"63":{"start":{"line":64,"column":0},"end":{"line":64,"column":63}},"64":{"start":{"line":65,"column":0},"end":{"line":65,"column":29}},"65":{"start":{"line":66,"column":0},"end":{"line":66,"column":14}},"66":{"start":{"line":67,"column":0},"end":{"line":67,"column":24}},"67":{"start":{"line":68,"column":0},"end":{"line":68,"column":30}},"68":{"start":{"line":69,"column":0},"end":{"line":69,"column":33}},"69":{"start":{"line":70,"column":0},"end":{"line":70,"column":39}},"70":{"start":{"line":71,"column":0},"end":{"line":71,"column":47}},"71":{"start":{"line":72,"column":0},"end":{"line":72,"column":18}},"72":{"start":{"line":73,"column":0},"end":{"line":73,"column":16}},"73":{"start":{"line":74,"column":0},"end":{"line":74,"column":0}},"74":{"start":{"line":75,"column":0},"end":{"line":75,"column":30}},"75":{"start":{"line":76,"column":0},"end":{"line":76,"column":68}},"76":{"start":{"line":77,"column":0},"end":{"line":77,"column":16}},"77":{"start":{"line":78,"column":0},"end":{"line":78,"column":15}},"78":{"start":{"line":79,"column":0},"end":{"line":79,"column":12}},"79":{"start":{"line":80,"column":0},"end":{"line":80,"column":18}},"80":{"start":{"line":81,"column":0},"end":{"line":81,"column":36}},"81":{"start":{"line":82,"column":0},"end":{"line":82,"column":13}},"82":{"start":{"line":83,"column":0},"end":{"line":83,"column":33}},"83":{"start":{"line":84,"column":0},"end":{"line":84,"column":12}},"84":{"start":{"line":85,"column":0},"end":{"line":85,"column":59}},"85":{"start":{"line":86,"column":0},"end":{"line":86,"column":26}},"86":{"start":{"line":87,"column":0},"end":{"line":87,"column":38}},"87":{"start":{"line":88,"column":0},"end":{"line":88,"column":66}},"88":{"start":{"line":89,"column":0},"end":{"line":89,"column":12}},"89":{"start":{"line":90,"column":0},"end":{"line":90,"column":15}},"90":{"start":{"line":91,"column":0},"end":{"line":91,"column":8}},"91":{"start":{"line":92,"column":0},"end":{"line":92,"column":16}},"92":{"start":{"line":93,"column":0},"end":{"line":93,"column":7}},"93":{"start":{"line":94,"column":0},"end":{"line":94,"column":4}},"94":{"start":{"line":95,"column":0},"end":{"line":95,"column":1}},"95":{"start":{"line":96,"column":0},"end":{"line":96,"column":0}},"96":{"start":{"line":97,"column":0},"end":{"line":97,"column":26}}},"s":{"0":1,"1":1,"2":1,"3":1,"4":1,"5":1,"6":1,"7":1,"8":1,"9":1,"10":1,"11":1,"12":1,"13":1,"14":1,"15":59,"16":59,"17":59,"18":59,"19":59,"20":59,"21":59,"22":59,"23":59,"24":59,"25":59,"26":59,"27":59,"28":59,"29":59,"30":59,"31":59,"32":59,"33":59,"34":59,"35":59,"36":59,"37":22,"38":9,"39":9,"40":22,"41":8,"42":8,"43":8,"44":8,"45":59,"46":59,"47":59,"48":9,"49":9,"50":9,"51":9,"52":9,"53":9,"54":59,"55":59,"56":59,"57":59,"58":59,"59":59,"60":59,"61":59,"62":59,"63":59,"64":59,"65":42,"66":42,"67":28,"68":28,"69":28,"70":28,"71":28,"72":42,"73":42,"74":42,"75":42,"76":42,"77":42,"78":59,"79":59,"80":59,"81":59,"82":59,"83":8,"84":8,"85":8,"86":0,"87":0,"88":0,"89":8,"90":59,"91":59,"92":59,"93":59,"94":59,"95":1,"96":1},"branchMap":{"0":{"type":"branch","line":16,"loc":{"start":{"line":16,"column":0},"end":{"line":95,"column":1}},"locations":[{"start":{"line":16,"column":0},"end":{"line":95,"column":1}}]},"1":{"type":"branch","line":46,"loc":{"start":{"line":46,"column":28},"end":{"line":46,"column":43}},"locations":[{"start":{"line":46,"column":28},"end":{"line":46,"column":43}}]},"2":{"type":"branch","line":46,"loc":{"start":{"line":46,"column":43},"end":{"line":46,"column":54}},"locations":[{"start":{"line":46,"column":43},"end":{"line":46,"column":54}}]},"3":{"type":"branch","line":65,"loc":{"start":{"line":65,"column":12},"end":{"line":78,"column":15}},"locations":[{"start":{"line":65,"column":12},"end":{"line":78,"column":15}}]},"4":{"type":"branch","line":67,"loc":{"start":{"line":67,"column":15},"end":{"line":72,"column":18}},"locations":[{"start":{"line":67,"column":15},"end":{"line":72,"column":18}}]},"5":{"type":"branch","line":81,"loc":{"start":{"line":81,"column":9},"end":{"line":81,"column":36}},"locations":[{"start":{"line":81,"column":9},"end":{"line":81,"column":36}}]},"6":{"type":"branch","line":83,"loc":{"start":{"line":83,"column":27},"end":{"line":90,"column":15}},"locations":[{"start":{"line":83,"column":27},"end":{"line":90,"column":15}}]},"7":{"type":"branch","line":19,"loc":{"start":{"line":19,"column":4},"end":{"line":19,"column":42}},"locations":[{"start":{"line":19,"column":4},"end":{"line":19,"column":42}}]},"8":{"type":"branch","line":21,"loc":{"start":{"line":21,"column":31},"end":{"line":21,"column":73}},"locations":[{"start":{"line":21,"column":31},"end":{"line":21,"column":73}}]},"9":{"type":"branch","line":23,"loc":{"start":{"line":23,"column":4},"end":{"line":23,"column":50}},"locations":[{"start":{"line":23,"column":4},"end":{"line":23,"column":50}}]},"10":{"type":"branch","line":26,"loc":{"start":{"line":26,"column":4},"end":{"line":26,"column":53}},"locations":[{"start":{"line":26,"column":4},"end":{"line":26,"column":53}}]},"11":{"type":"branch","line":29,"loc":{"start":{"line":29,"column":4},"end":{"line":29,"column":51}},"locations":[{"start":{"line":29,"column":4},"end":{"line":29,"column":51}}]},"12":{"type":"branch","line":37,"loc":{"start":{"line":37,"column":12},"end":{"line":46,"column":5}},"locations":[{"start":{"line":37,"column":12},"end":{"line":46,"column":5}}]},"13":{"type":"branch","line":38,"loc":{"start":{"line":38,"column":19},"end":{"line":40,"column":5}},"locations":[{"start":{"line":38,"column":19},"end":{"line":40,"column":5}}]},"14":{"type":"branch","line":41,"loc":{"start":{"line":41,"column":19},"end":{"line":45,"column":5}},"locations":[{"start":{"line":41,"column":19},"end":{"line":45,"column":5}}]},"15":{"type":"branch","line":48,"loc":{"start":{"line":48,"column":12},"end":{"line":55,"column":5}},"locations":[{"start":{"line":48,"column":12},"end":{"line":55,"column":5}}]},"16":{"type":"branch","line":51,"loc":{"start":{"line":51,"column":4},"end":{"line":53,"column":5}},"locations":[{"start":{"line":51,"column":4},"end":{"line":53,"column":5}}]}},"b":{"0":[59],"1":[36],"2":[36],"3":[42],"4":[28],"5":[17],"6":[8],"7":[151],"8":[151],"9":[151],"10":[146],"11":[151],"12":[22],"13":[9],"14":[8],"15":[9],"16":[9]},"fnMap":{"0":{"name":"SearchPage","decl":{"start":{"line":16,"column":0},"end":{"line":95,"column":1}},"loc":{"start":{"line":16,"column":0},"end":{"line":95,"column":1}},"line":16},"1":{"name":"getData","decl":{"start":{"line":51,"column":4},"end":{"line":53,"column":5}},"loc":{"start":{"line":51,"column":4},"end":{"line":53,"column":5}},"line":51},"2":{"name":"onClick","decl":{"start":{"line":86,"column":19},"end":{"line":89,"column":12}},"loc":{"start":{"line":86,"column":19},"end":{"line":89,"column":12}},"line":86}},"f":{"0":59,"1":9,"2":0}}
,"C:\\Users\\100nout\\Documents\\RS\\react\\src\\components\\SearchPage\\SearchResults.tsx": {"path":"C:\\Users\\100nout\\Documents\\RS\\react\\src\\components\\SearchPage\\SearchResults.tsx","all":false,"statementMap":{"0":{"start":{"line":1,"column":0},"end":{"line":1,"column":34}},"1":{"start":{"line":2,"column":0},"end":{"line":2,"column":67}},"2":{"start":{"line":3,"column":0},"end":{"line":3,"column":42}},"3":{"start":{"line":4,"column":0},"end":{"line":4,"column":62}},"4":{"start":{"line":5,"column":0},"end":{"line":5,"column":67}},"5":{"start":{"line":6,"column":0},"end":{"line":6,"column":43}},"6":{"start":{"line":7,"column":0},"end":{"line":7,"column":42}},"7":{"start":{"line":8,"column":0},"end":{"line":8,"column":0}},"8":{"start":{"line":9,"column":0},"end":{"line":9,"column":17}},"9":{"start":{"line":10,"column":0},"end":{"line":10,"column":26}},"10":{"start":{"line":11,"column":0},"end":{"line":11,"column":32}},"11":{"start":{"line":12,"column":0},"end":{"line":12,"column":35}},"12":{"start":{"line":13,"column":0},"end":{"line":13,"column":1}},"13":{"start":{"line":14,"column":0},"end":{"line":14,"column":0}},"14":{"start":{"line":15,"column":0},"end":{"line":15,"column":38}},"15":{"start":{"line":16,"column":0},"end":{"line":16,"column":53}},"16":{"start":{"line":17,"column":0},"end":{"line":17,"column":33}},"17":{"start":{"line":18,"column":0},"end":{"line":18,"column":33}},"18":{"start":{"line":19,"column":0},"end":{"line":19,"column":0}},"19":{"start":{"line":20,"column":0},"end":{"line":20,"column":45}},"20":{"start":{"line":21,"column":0},"end":{"line":21,"column":40}},"21":{"start":{"line":22,"column":0},"end":{"line":22,"column":44}},"22":{"start":{"line":23,"column":0},"end":{"line":23,"column":27}},"23":{"start":{"line":24,"column":0},"end":{"line":24,"column":35}},"24":{"start":{"line":25,"column":0},"end":{"line":25,"column":7}},"25":{"start":{"line":26,"column":0},"end":{"line":26,"column":7}},"26":{"start":{"line":27,"column":0},"end":{"line":27,"column":32}},"27":{"start":{"line":28,"column":0},"end":{"line":28,"column":33}},"28":{"start":{"line":29,"column":0},"end":{"line":29,"column":43}},"29":{"start":{"line":30,"column":0},"end":{"line":30,"column":3}},"30":{"start":{"line":31,"column":0},"end":{"line":31,"column":0}},"31":{"start":{"line":32,"column":0},"end":{"line":32,"column":19}},"32":{"start":{"line":33,"column":0},"end":{"line":33,"column":52}},"33":{"start":{"line":34,"column":0},"end":{"line":34,"column":31}},"34":{"start":{"line":35,"column":0},"end":{"line":35,"column":0}},"35":{"start":{"line":36,"column":0},"end":{"line":36,"column":10}},"36":{"start":{"line":37,"column":0},"end":{"line":37,"column":8}},"37":{"start":{"line":38,"column":0},"end":{"line":38,"column":57}},"38":{"start":{"line":39,"column":0},"end":{"line":39,"column":34}},"39":{"start":{"line":40,"column":0},"end":{"line":40,"column":5}},"40":{"start":{"line":41,"column":0},"end":{"line":41,"column":31}},"41":{"start":{"line":42,"column":0},"end":{"line":42,"column":35}},"42":{"start":{"line":43,"column":0},"end":{"line":43,"column":57}},"43":{"start":{"line":44,"column":0},"end":{"line":44,"column":18}},"44":{"start":{"line":45,"column":0},"end":{"line":45,"column":16}},"45":{"start":{"line":46,"column":0},"end":{"line":46,"column":26}},"46":{"start":{"line":47,"column":0},"end":{"line":47,"column":67}},"47":{"start":{"line":48,"column":0},"end":{"line":48,"column":32}},"48":{"start":{"line":49,"column":0},"end":{"line":49,"column":30}},"49":{"start":{"line":50,"column":0},"end":{"line":50,"column":73}},"50":{"start":{"line":51,"column":0},"end":{"line":51,"column":50}},"51":{"start":{"line":52,"column":0},"end":{"line":52,"column":16}},"52":{"start":{"line":53,"column":0},"end":{"line":53,"column":13}},"53":{"start":{"line":54,"column":0},"end":{"line":54,"column":77}},"54":{"start":{"line":55,"column":0},"end":{"line":55,"column":36}},"55":{"start":{"line":56,"column":0},"end":{"line":56,"column":66}},"56":{"start":{"line":57,"column":0},"end":{"line":57,"column":55}},"57":{"start":{"line":58,"column":0},"end":{"line":58,"column":20}},"58":{"start":{"line":59,"column":0},"end":{"line":59,"column":18}},"59":{"start":{"line":60,"column":0},"end":{"line":60,"column":12}},"60":{"start":{"line":61,"column":0},"end":{"line":61,"column":10}},"61":{"start":{"line":62,"column":0},"end":{"line":62,"column":11}},"62":{"start":{"line":63,"column":0},"end":{"line":63,"column":55}},"63":{"start":{"line":64,"column":0},"end":{"line":64,"column":25}},"64":{"start":{"line":65,"column":0},"end":{"line":65,"column":12}},"65":{"start":{"line":66,"column":0},"end":{"line":66,"column":8}},"66":{"start":{"line":67,"column":0},"end":{"line":67,"column":10}},"67":{"start":{"line":68,"column":0},"end":{"line":68,"column":4}},"68":{"start":{"line":69,"column":0},"end":{"line":69,"column":1}},"69":{"start":{"line":70,"column":0},"end":{"line":70,"column":0}},"70":{"start":{"line":71,"column":0},"end":{"line":71,"column":29}}},"s":{"0":1,"1":1,"2":1,"3":1,"4":1,"5":1,"6":1,"7":1,"8":1,"9":1,"10":1,"11":1,"12":1,"13":1,"14":34,"15":34,"16":34,"17":34,"18":34,"19":34,"20":308,"21":308,"22":2156,"23":308,"24":308,"25":308,"26":308,"27":308,"28":0,"29":308,"30":34,"31":34,"32":19,"33":34,"34":34,"35":34,"36":34,"37":34,"38":34,"39":34,"40":34,"41":32,"42":308,"43":308,"44":308,"45":308,"46":308,"47":308,"48":308,"49":4,"50":4,"51":4,"52":308,"53":308,"54":308,"55":308,"56":308,"57":308,"58":308,"59":308,"60":32,"61":2,"62":2,"63":2,"64":2,"65":34,"66":34,"67":34,"68":34,"69":1,"70":1},"branchMap":{"0":{"type":"branch","line":15,"loc":{"start":{"line":15,"column":0},"end":{"line":69,"column":1}},"locations":[{"start":{"line":15,"column":0},"end":{"line":69,"column":1}}]},"1":{"type":"branch","line":41,"loc":{"start":{"line":41,"column":21},"end":{"line":61,"column":10}},"locations":[{"start":{"line":41,"column":21},"end":{"line":61,"column":10}}]},"2":{"type":"branch","line":61,"loc":{"start":{"line":61,"column":9},"end":{"line":65,"column":12}},"locations":[{"start":{"line":61,"column":9},"end":{"line":65,"column":12}}]},"3":{"type":"branch","line":20,"loc":{"start":{"line":20,"column":2},"end":{"line":30,"column":3}},"locations":[{"start":{"line":20,"column":2},"end":{"line":30,"column":3}}]},"4":{"type":"branch","line":28,"loc":{"start":{"line":28,"column":32},"end":{"line":29,"column":43}},"locations":[{"start":{"line":28,"column":32},"end":{"line":29,"column":43}}]},"5":{"type":"branch","line":22,"loc":{"start":{"line":22,"column":35},"end":{"line":26,"column":5}},"locations":[{"start":{"line":22,"column":35},"end":{"line":26,"column":5}}]},"6":{"type":"branch","line":23,"loc":{"start":{"line":23,"column":26},"end":{"line":25,"column":7}},"locations":[{"start":{"line":23,"column":26},"end":{"line":25,"column":7}}]},"7":{"type":"branch","line":32,"loc":{"start":{"line":32,"column":12},"end":{"line":34,"column":5}},"locations":[{"start":{"line":32,"column":12},"end":{"line":34,"column":5}}]},"8":{"type":"branch","line":42,"loc":{"start":{"line":42,"column":26},"end":{"line":61,"column":9}},"locations":[{"start":{"line":42,"column":26},"end":{"line":61,"column":9}}]},"9":{"type":"branch","line":49,"loc":{"start":{"line":49,"column":23},"end":{"line":52,"column":16}},"locations":[{"start":{"line":49,"column":23},"end":{"line":52,"column":16}}]}},"b":{"0":[34],"1":[32],"2":[2],"3":[308],"4":[0],"5":[2156],"6":[308],"7":[19],"8":[308],"9":[4]},"fnMap":{"0":{"name":"SearchResults","decl":{"start":{"line":15,"column":0},"end":{"line":69,"column":1}},"loc":{"start":{"line":15,"column":0},"end":{"line":69,"column":1}},"line":15},"1":{"name":"checkDescription","decl":{"start":{"line":20,"column":2},"end":{"line":30,"column":3}},"loc":{"start":{"line":20,"column":2},"end":{"line":30,"column":3}},"line":20},"2":{"name":"onClick","decl":{"start":{"line":49,"column":23},"end":{"line":52,"column":16}},"loc":{"start":{"line":49,"column":23},"end":{"line":52,"column":16}},"line":49}},"f":{"0":34,"1":308,"2":4}}
,"C:\\Users\\100nout\\Documents\\RS\\react\\src\\components\\SearchPage\\Select.tsx": {"path":"C:\\Users\\100nout\\Documents\\RS\\react\\src\\components\\SearchPage\\Select.tsx","all":false,"statementMap":{"0":{"start":{"line":1,"column":0},"end":{"line":1,"column":54}},"1":{"start":{"line":2,"column":0},"end":{"line":2,"column":55}},"2":{"start":{"line":3,"column":0},"end":{"line":3,"column":62}},"3":{"start":{"line":4,"column":0},"end":{"line":4,"column":68}},"4":{"start":{"line":5,"column":0},"end":{"line":5,"column":57}},"5":{"start":{"line":6,"column":0},"end":{"line":6,"column":62}},"6":{"start":{"line":7,"column":0},"end":{"line":7,"column":0}},"7":{"start":{"line":8,"column":0},"end":{"line":8,"column":17}},"8":{"start":{"line":9,"column":0},"end":{"line":9,"column":26}},"9":{"start":{"line":10,"column":0},"end":{"line":10,"column":32}},"10":{"start":{"line":11,"column":0},"end":{"line":11,"column":1}},"11":{"start":{"line":12,"column":0},"end":{"line":12,"column":0}},"12":{"start":{"line":13,"column":0},"end":{"line":13,"column":36}},"13":{"start":{"line":14,"column":0},"end":{"line":14,"column":75}},"14":{"start":{"line":15,"column":0},"end":{"line":15,"column":44}},"15":{"start":{"line":16,"column":0},"end":{"line":16,"column":0}},"16":{"start":{"line":17,"column":0},"end":{"line":17,"column":33}},"17":{"start":{"line":18,"column":0},"end":{"line":18,"column":0}},"18":{"start":{"line":19,"column":0},"end":{"line":19,"column":38}},"19":{"start":{"line":20,"column":0},"end":{"line":20,"column":0}},"20":{"start":{"line":21,"column":0},"end":{"line":21,"column":10}},"21":{"start":{"line":22,"column":0},"end":{"line":22,"column":69}},"22":{"start":{"line":23,"column":0},"end":{"line":23,"column":21}},"23":{"start":{"line":24,"column":0},"end":{"line":24,"column":13}},"24":{"start":{"line":25,"column":0},"end":{"line":25,"column":42}},"25":{"start":{"line":26,"column":0},"end":{"line":26,"column":27}},"26":{"start":{"line":27,"column":0},"end":{"line":27,"column":25}},"27":{"start":{"line":28,"column":0},"end":{"line":28,"column":28}},"28":{"start":{"line":29,"column":0},"end":{"line":29,"column":24}},"29":{"start":{"line":30,"column":0},"end":{"line":30,"column":26}},"30":{"start":{"line":31,"column":0},"end":{"line":31,"column":49}},"31":{"start":{"line":32,"column":0},"end":{"line":32,"column":35}},"32":{"start":{"line":33,"column":0},"end":{"line":33,"column":72}},"33":{"start":{"line":34,"column":0},"end":{"line":34,"column":10}},"34":{"start":{"line":35,"column":0},"end":{"line":35,"column":7}},"35":{"start":{"line":36,"column":0},"end":{"line":36,"column":35}},"36":{"start":{"line":37,"column":0},"end":{"line":37,"column":66}},"37":{"start":{"line":38,"column":0},"end":{"line":38,"column":16}},"38":{"start":{"line":39,"column":0},"end":{"line":39,"column":19}},"39":{"start":{"line":40,"column":0},"end":{"line":40,"column":11}},"40":{"start":{"line":41,"column":0},"end":{"line":41,"column":15}},"41":{"start":{"line":42,"column":0},"end":{"line":42,"column":12}},"42":{"start":{"line":43,"column":0},"end":{"line":43,"column":4}},"43":{"start":{"line":44,"column":0},"end":{"line":44,"column":1}},"44":{"start":{"line":45,"column":0},"end":{"line":45,"column":27}}},"s":{"0":1,"1":1,"2":1,"3":1,"4":1,"5":1,"6":1,"7":1,"8":1,"9":1,"10":1,"11":1,"12":61,"13":61,"14":61,"15":61,"16":61,"17":61,"18":61,"19":61,"20":61,"21":61,"22":61,"23":61,"24":61,"25":61,"26":61,"27":61,"28":61,"29":61,"30":1,"31":1,"32":1,"33":1,"34":61,"35":61,"36":305,"37":305,"38":305,"39":61,"40":61,"41":61,"42":61,"43":61,"44":1},"branchMap":{"0":{"type":"branch","line":13,"loc":{"start":{"line":13,"column":0},"end":{"line":44,"column":1}},"locations":[{"start":{"line":13,"column":0},"end":{"line":44,"column":1}}]},"1":{"type":"branch","line":14,"loc":{"start":{"line":14,"column":31},"end":{"line":14,"column":73}},"locations":[{"start":{"line":14,"column":31},"end":{"line":14,"column":73}}]},"2":{"type":"branch","line":30,"loc":{"start":{"line":30,"column":18},"end":{"line":34,"column":10}},"locations":[{"start":{"line":30,"column":18},"end":{"line":34,"column":10}}]},"3":{"type":"branch","line":36,"loc":{"start":{"line":36,"column":26},"end":{"line":39,"column":19}},"locations":[{"start":{"line":36,"column":26},"end":{"line":39,"column":19}}]}},"b":{"0":[61],"1":[150],"2":[1],"3":[305]},"fnMap":{"0":{"name":"SelectLimit","decl":{"start":{"line":13,"column":0},"end":{"line":44,"column":1}},"loc":{"start":{"line":13,"column":0},"end":{"line":44,"column":1}},"line":13},"1":{"name":"onChange","decl":{"start":{"line":30,"column":18},"end":{"line":34,"column":10}},"loc":{"start":{"line":30,"column":18},"end":{"line":34,"column":10}},"line":30}},"f":{"0":61,"1":1}}
,"C:\\Users\\100nout\\Documents\\RS\\react\\src\\redux\\api\\searchCards.ts": {"path":"C:\\Users\\100nout\\Documents\\RS\\react\\src\\redux\\api\\searchCards.ts","all":false,"statementMap":{"0":{"start":{"line":1,"column":0},"end":{"line":1,"column":73}},"1":{"start":{"line":2,"column":0},"end":{"line":2,"column":48}},"2":{"start":{"line":3,"column":0},"end":{"line":3,"column":0}},"3":{"start":{"line":4,"column":0},"end":{"line":4,"column":15}},"4":{"start":{"line":5,"column":0},"end":{"line":5,"column":21}},"5":{"start":{"line":6,"column":0},"end":{"line":6,"column":19}},"6":{"start":{"line":7,"column":0},"end":{"line":7,"column":23}},"7":{"start":{"line":8,"column":0},"end":{"line":8,"column":2}},"8":{"start":{"line":9,"column":0},"end":{"line":9,"column":0}},"9":{"start":{"line":10,"column":0},"end":{"line":10,"column":35}},"10":{"start":{"line":11,"column":0},"end":{"line":11,"column":26}},"11":{"start":{"line":12,"column":0},"end":{"line":12,"column":29}},"12":{"start":{"line":13,"column":0},"end":{"line":13,"column":58}},"13":{"start":{"line":14,"column":0},"end":{"line":14,"column":5}},"14":{"start":{"line":15,"column":0},"end":{"line":15,"column":26}},"15":{"start":{"line":16,"column":0},"end":{"line":16,"column":56}},"16":{"start":{"line":17,"column":0},"end":{"line":17,"column":27}},"17":{"start":{"line":18,"column":0},"end":{"line":18,"column":76}},"18":{"start":{"line":19,"column":0},"end":{"line":19,"column":23}},"19":{"start":{"line":20,"column":0},"end":{"line":20,"column":73}},"20":{"start":{"line":21,"column":0},"end":{"line":21,"column":66}},"21":{"start":{"line":22,"column":0},"end":{"line":22,"column":34}},"22":{"start":{"line":23,"column":0},"end":{"line":23,"column":12}},"23":{"start":{"line":24,"column":0},"end":{"line":24,"column":9}},"24":{"start":{"line":25,"column":0},"end":{"line":25,"column":7}},"25":{"start":{"line":26,"column":0},"end":{"line":26,"column":5}},"26":{"start":{"line":27,"column":0},"end":{"line":27,"column":3}},"27":{"start":{"line":28,"column":0},"end":{"line":28,"column":0}},"28":{"start":{"line":29,"column":0},"end":{"line":29,"column":53}}},"s":{"0":1,"1":1,"2":1,"3":1,"4":1,"5":1,"6":1,"7":1,"8":1,"9":1,"10":1,"11":1,"12":1,"13":1,"14":1,"15":6,"16":6,"17":14,"18":14,"19":14,"20":14,"21":14,"22":14,"23":14,"24":6,"25":6,"26":1,"27":1,"28":1},"branchMap":{"0":{"type":"branch","line":15,"loc":{"start":{"line":15,"column":13},"end":{"line":26,"column":5}},"locations":[{"start":{"line":15,"column":13},"end":{"line":26,"column":5}}]},"1":{"type":"branch","line":17,"loc":{"start":{"line":17,"column":13},"end":{"line":24,"column":9}},"locations":[{"start":{"line":17,"column":13},"end":{"line":24,"column":9}}]},"2":{"type":"branch","line":22,"loc":{"start":{"line":22,"column":17},"end":{"line":22,"column":34}},"locations":[{"start":{"line":22,"column":17},"end":{"line":22,"column":34}}]}},"b":{"0":[6],"1":[14],"2":[9]},"fnMap":{"0":{"name":"endpoints","decl":{"start":{"line":15,"column":13},"end":{"line":26,"column":5}},"loc":{"start":{"line":15,"column":13},"end":{"line":26,"column":5}},"line":15},"1":{"name":"query","decl":{"start":{"line":17,"column":13},"end":{"line":24,"column":9}},"loc":{"start":{"line":17,"column":13},"end":{"line":24,"column":9}},"line":17}},"f":{"0":6,"1":14}}
,"C:\\Users\\100nout\\Documents\\RS\\react\\src\\redux\\features\\detailsSlice.ts": {"path":"C:\\Users\\100nout\\Documents\\RS\\react\\src\\redux\\features\\detailsSlice.ts","all":false,"statementMap":{"0":{"start":{"line":1,"column":0},"end":{"line":1,"column":47}},"1":{"start":{"line":2,"column":0},"end":{"line":2,"column":43}},"2":{"start":{"line":3,"column":0},"end":{"line":3,"column":0}},"3":{"start":{"line":4,"column":0},"end":{"line":4,"column":22}},"4":{"start":{"line":5,"column":0},"end":{"line":5,"column":80}},"5":{"start":{"line":6,"column":0},"end":{"line":6,"column":26}},"6":{"start":{"line":7,"column":0},"end":{"line":7,"column":2}},"7":{"start":{"line":8,"column":0},"end":{"line":8,"column":0}},"8":{"start":{"line":9,"column":0},"end":{"line":9,"column":41}},"9":{"start":{"line":10,"column":0},"end":{"line":10,"column":18}},"10":{"start":{"line":11,"column":0},"end":{"line":11,"column":15}},"11":{"start":{"line":12,"column":0},"end":{"line":12,"column":13}},"12":{"start":{"line":13,"column":0},"end":{"line":13,"column":35}},"13":{"start":{"line":14,"column":0},"end":{"line":14,"column":41}},"14":{"start":{"line":15,"column":0},"end":{"line":15,"column":6}},"15":{"start":{"line":16,"column":0},"end":{"line":16,"column":35}},"16":{"start":{"line":17,"column":0},"end":{"line":17,"column":41}},"17":{"start":{"line":18,"column":0},"end":{"line":18,"column":6}},"18":{"start":{"line":19,"column":0},"end":{"line":19,"column":4}},"19":{"start":{"line":20,"column":0},"end":{"line":20,"column":3}},"20":{"start":{"line":21,"column":0},"end":{"line":21,"column":0}},"21":{"start":{"line":22,"column":0},"end":{"line":22,"column":71}},"22":{"start":{"line":23,"column":0},"end":{"line":23,"column":36}}},"s":{"0":1,"1":1,"2":1,"3":1,"4":1,"5":1,"6":1,"7":1,"8":1,"9":1,"10":1,"11":1,"12":1,"13":5,"14":5,"15":1,"16":2,"17":2,"18":1,"19":1,"20":1,"21":1,"22":1},"branchMap":{"0":{"type":"branch","line":13,"loc":{"start":{"line":13,"column":4},"end":{"line":15,"column":6}},"locations":[{"start":{"line":13,"column":4},"end":{"line":15,"column":6}}]},"1":{"type":"branch","line":16,"loc":{"start":{"line":16,"column":4},"end":{"line":18,"column":6}},"locations":[{"start":{"line":16,"column":4},"end":{"line":18,"column":6}}]}},"b":{"0":[5],"1":[2]},"fnMap":{"0":{"name":"setDetailsName","decl":{"start":{"line":13,"column":4},"end":{"line":15,"column":6}},"loc":{"start":{"line":13,"column":4},"end":{"line":15,"column":6}},"line":13},"1":{"name":"setDetailsData","decl":{"start":{"line":16,"column":4},"end":{"line":18,"column":6}},"loc":{"start":{"line":16,"column":4},"end":{"line":18,"column":6}},"line":16}},"f":{"0":5,"1":2}}
,"C:\\Users\\100nout\\Documents\\RS\\react\\src\\redux\\features\\limitSlice.ts": {"path":"C:\\Users\\100nout\\Documents\\RS\\react\\src\\redux\\features\\limitSlice.ts","all":false,"statementMap":{"0":{"start":{"line":1,"column":0},"end":{"line":1,"column":47}},"1":{"start":{"line":2,"column":0},"end":{"line":2,"column":0}},"2":{"start":{"line":3,"column":0},"end":{"line":3,"column":79}},"3":{"start":{"line":4,"column":0},"end":{"line":4,"column":0}},"4":{"start":{"line":5,"column":0},"end":{"line":5,"column":22}},"5":{"start":{"line":6,"column":0},"end":{"line":6,"column":32}},"6":{"start":{"line":7,"column":0},"end":{"line":7,"column":2}},"7":{"start":{"line":8,"column":0},"end":{"line":8,"column":0}},"8":{"start":{"line":9,"column":0},"end":{"line":9,"column":39}},"9":{"start":{"line":10,"column":0},"end":{"line":10,"column":16}},"10":{"start":{"line":11,"column":0},"end":{"line":11,"column":15}},"11":{"start":{"line":12,"column":0},"end":{"line":12,"column":13}},"12":{"start":{"line":13,"column":0},"end":{"line":13,"column":32}},"13":{"start":{"line":14,"column":0},"end":{"line":14,"column":38}},"14":{"start":{"line":15,"column":0},"end":{"line":15,"column":6}},"15":{"start":{"line":16,"column":0},"end":{"line":16,"column":4}},"16":{"start":{"line":17,"column":0},"end":{"line":17,"column":3}},"17":{"start":{"line":18,"column":0},"end":{"line":18,"column":0}},"18":{"start":{"line":19,"column":0},"end":{"line":19,"column":50}},"19":{"start":{"line":20,"column":0},"end":{"line":20,"column":34}}},"s":{"0":1,"1":1,"2":1,"3":1,"4":1,"5":1,"6":1,"7":1,"8":1,"9":1,"10":1,"11":1,"12":1,"13":1,"14":1,"15":1,"16":1,"17":1,"18":1,"19":1},"branchMap":{"0":{"type":"branch","line":13,"loc":{"start":{"line":13,"column":4},"end":{"line":15,"column":6}},"locations":[{"start":{"line":13,"column":4},"end":{"line":15,"column":6}}]}},"b":{"0":[1]},"fnMap":{"0":{"name":"setPageSize","decl":{"start":{"line":13,"column":4},"end":{"line":15,"column":6}},"loc":{"start":{"line":13,"column":4},"end":{"line":15,"column":6}},"line":13}},"f":{"0":1}}
,"C:\\Users\\100nout\\Documents\\RS\\react\\src\\redux\\features\\loaderSlice.ts": {"path":"C:\\Users\\100nout\\Documents\\RS\\react\\src\\redux\\features\\loaderSlice.ts","all":false,"statementMap":{"0":{"start":{"line":1,"column":0},"end":{"line":1,"column":47}},"1":{"start":{"line":2,"column":0},"end":{"line":2,"column":0}},"2":{"start":{"line":3,"column":0},"end":{"line":3,"column":22}},"3":{"start":{"line":4,"column":0},"end":{"line":4,"column":22}},"4":{"start":{"line":5,"column":0},"end":{"line":5,"column":23}},"5":{"start":{"line":6,"column":0},"end":{"line":6,"column":2}},"6":{"start":{"line":7,"column":0},"end":{"line":7,"column":0}},"7":{"start":{"line":8,"column":0},"end":{"line":8,"column":40}},"8":{"start":{"line":9,"column":0},"end":{"line":9,"column":17}},"9":{"start":{"line":10,"column":0},"end":{"line":10,"column":15}},"10":{"start":{"line":11,"column":0},"end":{"line":11,"column":13}},"11":{"start":{"line":12,"column":0},"end":{"line":12,"column":37}},"12":{"start":{"line":13,"column":0},"end":{"line":13,"column":38}},"13":{"start":{"line":14,"column":0},"end":{"line":14,"column":22}},"14":{"start":{"line":15,"column":0},"end":{"line":15,"column":52}},"15":{"start":{"line":16,"column":0},"end":{"line":16,"column":16}},"16":{"start":{"line":17,"column":0},"end":{"line":17,"column":0}},"17":{"start":{"line":18,"column":0},"end":{"line":18,"column":23}},"18":{"start":{"line":19,"column":0},"end":{"line":19,"column":53}},"19":{"start":{"line":20,"column":0},"end":{"line":20,"column":16}},"20":{"start":{"line":21,"column":0},"end":{"line":21,"column":7}},"21":{"start":{"line":22,"column":0},"end":{"line":22,"column":6}},"22":{"start":{"line":23,"column":0},"end":{"line":23,"column":4}},"23":{"start":{"line":24,"column":0},"end":{"line":24,"column":3}},"24":{"start":{"line":25,"column":0},"end":{"line":25,"column":0}},"25":{"start":{"line":26,"column":0},"end":{"line":26,"column":56}},"26":{"start":{"line":27,"column":0},"end":{"line":27,"column":35}}},"s":{"0":1,"1":1,"2":1,"3":1,"4":1,"5":1,"6":1,"7":1,"8":1,"9":1,"10":1,"11":1,"12":24,"13":24,"14":17,"15":17,"16":24,"17":24,"18":7,"19":7,"20":24,"21":24,"22":1,"23":1,"24":1,"25":1,"26":1},"branchMap":{"0":{"type":"branch","line":12,"loc":{"start":{"line":12,"column":4},"end":{"line":22,"column":6}},"locations":[{"start":{"line":12,"column":4},"end":{"line":22,"column":6}}]},"1":{"type":"branch","line":14,"loc":{"start":{"line":14,"column":8},"end":{"line":16,"column":16}},"locations":[{"start":{"line":14,"column":8},"end":{"line":16,"column":16}}]},"2":{"type":"branch","line":18,"loc":{"start":{"line":18,"column":8},"end":{"line":20,"column":16}},"locations":[{"start":{"line":18,"column":8},"end":{"line":20,"column":16}}]}},"b":{"0":[24],"1":[17],"2":[7]},"fnMap":{"0":{"name":"setLoadingStatus","decl":{"start":{"line":12,"column":4},"end":{"line":22,"column":6}},"loc":{"start":{"line":12,"column":4},"end":{"line":22,"column":6}},"line":12}},"f":{"0":24}}
,"C:\\Users\\100nout\\Documents\\RS\\react\\src\\redux\\features\\paginationSlice.ts": {"path":"C:\\Users\\100nout\\Documents\\RS\\react\\src\\redux\\features\\paginationSlice.ts","all":false,"statementMap":{"0":{"start":{"line":1,"column":0},"end":{"line":1,"column":47}},"1":{"start":{"line":2,"column":0},"end":{"line":2,"column":0}},"2":{"start":{"line":3,"column":0},"end":{"line":3,"column":77}},"3":{"start":{"line":4,"column":0},"end":{"line":4,"column":0}},"4":{"start":{"line":5,"column":0},"end":{"line":5,"column":22}},"5":{"start":{"line":6,"column":0},"end":{"line":6,"column":34}},"6":{"start":{"line":7,"column":0},"end":{"line":7,"column":17}},"7":{"start":{"line":8,"column":0},"end":{"line":8,"column":25}},"8":{"start":{"line":9,"column":0},"end":{"line":9,"column":77}},"9":{"start":{"line":10,"column":0},"end":{"line":10,"column":2}},"10":{"start":{"line":11,"column":0},"end":{"line":11,"column":0}},"11":{"start":{"line":12,"column":0},"end":{"line":12,"column":44}},"12":{"start":{"line":13,"column":0},"end":{"line":13,"column":21}},"13":{"start":{"line":14,"column":0},"end":{"line":14,"column":15}},"14":{"start":{"line":15,"column":0},"end":{"line":15,"column":13}},"15":{"start":{"line":16,"column":0},"end":{"line":16,"column":34}},"16":{"start":{"line":17,"column":0},"end":{"line":17,"column":40}},"17":{"start":{"line":18,"column":0},"end":{"line":18,"column":6}},"18":{"start":{"line":19,"column":0},"end":{"line":19,"column":33}},"19":{"start":{"line":20,"column":0},"end":{"line":20,"column":40}},"20":{"start":{"line":21,"column":0},"end":{"line":21,"column":6}},"21":{"start":{"line":22,"column":0},"end":{"line":22,"column":46}},"22":{"start":{"line":23,"column":0},"end":{"line":23,"column":52}},"23":{"start":{"line":24,"column":0},"end":{"line":24,"column":6}},"24":{"start":{"line":25,"column":0},"end":{"line":25,"column":25}},"25":{"start":{"line":26,"column":0},"end":{"line":26,"column":27}},"26":{"start":{"line":27,"column":0},"end":{"line":27,"column":47}},"27":{"start":{"line":28,"column":0},"end":{"line":28,"column":6}},"28":{"start":{"line":29,"column":0},"end":{"line":29,"column":0}},"29":{"start":{"line":30,"column":0},"end":{"line":30,"column":40}},"30":{"start":{"line":31,"column":0},"end":{"line":31,"column":71}},"31":{"start":{"line":32,"column":0},"end":{"line":32,"column":70}},"32":{"start":{"line":33,"column":0},"end":{"line":33,"column":67}},"33":{"start":{"line":34,"column":0},"end":{"line":34,"column":41}},"34":{"start":{"line":35,"column":0},"end":{"line":35,"column":12}},"35":{"start":{"line":36,"column":0},"end":{"line":36,"column":72}},"36":{"start":{"line":37,"column":0},"end":{"line":37,"column":45}},"37":{"start":{"line":38,"column":0},"end":{"line":38,"column":10}},"38":{"start":{"line":39,"column":0},"end":{"line":39,"column":29}},"39":{"start":{"line":40,"column":0},"end":{"line":40,"column":34}},"40":{"start":{"line":41,"column":0},"end":{"line":41,"column":43}},"41":{"start":{"line":42,"column":0},"end":{"line":42,"column":55}},"42":{"start":{"line":43,"column":0},"end":{"line":43,"column":15}},"43":{"start":{"line":44,"column":0},"end":{"line":44,"column":46}},"44":{"start":{"line":45,"column":0},"end":{"line":45,"column":0}},"45":{"start":{"line":46,"column":0},"end":{"line":46,"column":45}},"46":{"start":{"line":47,"column":0},"end":{"line":47,"column":7}},"47":{"start":{"line":48,"column":0},"end":{"line":48,"column":6}},"48":{"start":{"line":49,"column":0},"end":{"line":49,"column":0}},"49":{"start":{"line":50,"column":0},"end":{"line":50,"column":26}},"50":{"start":{"line":51,"column":0},"end":{"line":51,"column":65}},"51":{"start":{"line":52,"column":0},"end":{"line":52,"column":72}},"52":{"start":{"line":53,"column":0},"end":{"line":53,"column":21}},"53":{"start":{"line":54,"column":0},"end":{"line":54,"column":72}},"54":{"start":{"line":55,"column":0},"end":{"line":55,"column":10}},"55":{"start":{"line":56,"column":0},"end":{"line":56,"column":46}},"56":{"start":{"line":57,"column":0},"end":{"line":57,"column":6}},"57":{"start":{"line":58,"column":0},"end":{"line":58,"column":4}},"58":{"start":{"line":59,"column":0},"end":{"line":59,"column":3}},"59":{"start":{"line":60,"column":0},"end":{"line":60,"column":0}},"60":{"start":{"line":61,"column":0},"end":{"line":61,"column":14}},"61":{"start":{"line":62,"column":0},"end":{"line":62,"column":16}},"62":{"start":{"line":63,"column":0},"end":{"line":63,"column":15}},"63":{"start":{"line":64,"column":0},"end":{"line":64,"column":28}},"64":{"start":{"line":65,"column":0},"end":{"line":65,"column":15}},"65":{"start":{"line":66,"column":0},"end":{"line":66,"column":22}},"66":{"start":{"line":67,"column":0},"end":{"line":67,"column":16}},"67":{"start":{"line":68,"column":0},"end":{"line":68,"column":28}},"68":{"start":{"line":69,"column":0},"end":{"line":69,"column":39}}},"s":{"0":1,"1":1,"2":1,"3":1,"4":1,"5":1,"6":1,"7":1,"8":1,"9":1,"10":1,"11":1,"12":1,"13":1,"14":1,"15":1,"16":2,"17":2,"18":1,"19":8,"20":8,"21":1,"22":3,"23":3,"24":1,"25":1,"26":1,"27":1,"28":1,"29":1,"30":1,"31":1,"32":1,"33":1,"34":1,"35":1,"36":1,"37":1,"38":1,"39":1,"40":1,"41":1,"42":1,"43":0,"44":1,"45":1,"46":1,"47":1,"48":1,"49":1,"50":1,"51":1,"52":1,"53":3,"54":1,"55":1,"56":1,"57":1,"58":1,"59":1,"60":1,"61":1,"62":1,"63":1,"64":1,"65":1,"66":1,"67":1,"68":1},"branchMap":{"0":{"type":"branch","line":6,"loc":{"start":{"line":6,"column":14},"end":{"line":6,"column":32}},"locations":[{"start":{"line":6,"column":14},"end":{"line":6,"column":32}}]},"1":{"type":"branch","line":9,"loc":{"start":{"line":9,"column":4},"end":{"line":9,"column":23}},"locations":[{"start":{"line":9,"column":4},"end":{"line":9,"column":23}}]},"2":{"type":"branch","line":9,"loc":{"start":{"line":9,"column":19},"end":{"line":9,"column":67}},"locations":[{"start":{"line":9,"column":19},"end":{"line":9,"column":67}}]},"3":{"type":"branch","line":16,"loc":{"start":{"line":16,"column":4},"end":{"line":18,"column":6}},"locations":[{"start":{"line":16,"column":4},"end":{"line":18,"column":6}}]},"4":{"type":"branch","line":19,"loc"
[...]
,"C:\\Users\\100nout\\Documents\\RS\\react\\src\\redux\\features\\searchSlice.ts": {"path":"C:\\Users\\100nout\\Documents\\RS\\react\\src\\redux\\features\\searchSlice.ts","all":false,"statementMap":{"0":{"start":{"line":1,"column":0},"end":{"line":1,"column":47}},"1":{"start":{"line":2,"column":0},"end":{"line":2,"column":0}},"2":{"start":{"line":3,"column":0},"end":{"line":3,"column":22}},"3":{"start":{"line":4,"column":0},"end":{"line":4,"column":18}},"4":{"start":{"line":5,"column":0},"end":{"line":5,"column":2}},"5":{"start":{"line":6,"column":0},"end":{"line":6,"column":0}},"6":{"start":{"line":7,"column":0},"end":{"line":7,"column":40}},"7":{"start":{"line":8,"column":0},"end":{"line":8,"column":17}},"8":{"start":{"line":9,"column":0},"end":{"line":9,"column":15}},"9":{"start":{"line":10,"column":0},"end":{"line":10,"column":13}},"10":{"start":{"line":11,"column":0},"end":{"line":11,"column":35}},"11":{"start":{"line":12,"column":0},"end":{"line":12,"column":41}},"12":{"start":{"line":13,"column":0},"end":{"line":13,"column":6}},"13":{"start":{"line":14,"column":0},"end":{"line":14,"column":4}},"14":{"start":{"line":15,"column":0},"end":{"line":15,"column":3}},"15":{"start":{"line":16,"column":0},"end":{"line":16,"column":0}},"16":{"start":{"line":17,"column":0},"end":{"line":17,"column":54}},"17":{"start":{"line":18,"column":0},"end":{"line":18,"column":35}}},"s":{"0":1,"1":1,"2":1,"3":1,"4":1,"5":1,"6":1,"7":1,"8":1,"9":1,"10":1,"11":2,"12":2,"13":1,"14":1,"15":1,"16":1,"17":1},"branchMap":{"0":{"type":"branch","line":11,"loc":{"start":{"line":11,"column":4},"end":{"line":13,"column":6}},"locations":[{"start":{"line":11,"column":4},"end":{"line":13,"column":6}}]}},"b":{"0":[2]},"fnMap":{"0":{"name":"setSearchValue","decl":{"start":{"line":11,"column":4},"end":{"line":13,"column":6}},"loc":{"start":{"line":11,"column":4},"end":{"line":13,"column":6}},"line":11}},"f":{"0":2}}
,"C:\\Users\\100nout\\Documents\\RS\\react\\src\\redux\\store\\store.ts": {"path":"C:\\Users\\100nout\\Documents\\RS\\react\\src\\redux\\store\\store.ts","all":false,"statementMap":{"0":{"start":{"line":1,"column":0},"end":{"line":1,"column":67}},"1":{"start":{"line":2,"column":0},"end":{"line":2,"column":8}},"2":{"start":{"line":3,"column":0},"end":{"line":3,"column":15}},"3":{"start":{"line":4,"column":0},"end":{"line":4,"column":17}},"4":{"start":{"line":5,"column":0},"end":{"line":5,"column":8}},"5":{"start":{"line":6,"column":0},"end":{"line":6,"column":12}},"6":{"start":{"line":7,"column":0},"end":{"line":7,"column":8}},"7":{"start":{"line":8,"column":0},"end":{"line":8,"column":10}},"8":{"start":{"line":9,"column":0},"end":{"line":9,"column":8}},"9":{"start":{"line":10,"column":0},"end":{"line":10,"column":11}},"10":{"start":{"line":11,"column":0},"end":{"line":11,"column":23}},"11":{"start":{"line":12,"column":0},"end":{"line":12,"column":48}},"12":{"start":{"line":13,"column":0},"end":{"line":13,"column":58}},"13":{"start":{"line":14,"column":0},"end":{"line":14,"column":48}},"14":{"start":{"line":15,"column":0},"end":{"line":15,"column":50}},"15":{"start":{"line":16,"column":0},"end":{"line":16,"column":50}},"16":{"start":{"line":17,"column":0},"end":{"line":17,"column":52}},"17":{"start":{"line":18,"column":0},"end":{"line":18,"column":46}},"18":{"start":{"line":19,"column":0},"end":{"line":19,"column":52}},"19":{"start":{"line":20,"column":0},"end":{"line":20,"column":0}},"20":{"start":{"line":21,"column":0},"end":{"line":21,"column":23}},"21":{"start":{"line":22,"column":0},"end":{"line":22,"column":14}},"22":{"start":{"line":23,"column":0},"end":{"line":23,"column":10}},"23":{"start":{"line":24,"column":0},"end":{"line":24,"column":24}},"24":{"start":{"line":25,"column":0},"end":{"line":25,"column":2}},"25":{"start":{"line":26,"column":0},"end":{"line":26,"column":37}},"26":{"start":{"line":27,"column":0},"end":{"line":27,"column":30}},"27":{"start":{"line":28,"column":0},"end":{"line":28,"column":20}},"28":{"start":{"line":29,"column":0},"end":{"line":29,"column":22}},"29":{"start":{"line":30,"column":0},"end":{"line":30,"column":22}},"30":{"start":{"line":31,"column":0},"end":{"line":31,"column":24}},"31":{"start":{"line":32,"column":0},"end":{"line":32,"column":24}},"32":{"start":{"line":33,"column":0},"end":{"line":33,"column":43}},"33":{"start":{"line":34,"column":0},"end":{"line":34,"column":3}},"34":{"start":{"line":35,"column":0},"end":{"line":35,"column":0}},"35":{"start":{"line":36,"column":0},"end":{"line":36,"column":68}},"36":{"start":{"line":37,"column":0},"end":{"line":37,"column":0}},"37":{"start":{"line":38,"column":0},"end":{"line":38,"column":37}},"38":{"start":{"line":39,"column":0},"end":{"line":39,"column":28}},"39":{"start":{"line":40,"column":0},"end":{"line":40,"column":39}},"40":{"start":{"line":41,"column":0},"end":{"line":41,"column":26}},"41":{"start":{"line":42,"column":0},"end":{"line":42,"column":26}},"42":{"start":{"line":43,"column":0},"end":{"line":43,"column":76}},"43":{"start":{"line":44,"column":0},"end":{"line":44,"column":8}},"44":{"start":{"line":45,"column":0},"end":{"line":45,"column":35}},"45":{"start":{"line":46,"column":0},"end":{"line":46,"column":3}},"46":{"start":{"line":47,"column":0},"end":{"line":47,"column":0}},"47":{"start":{"line":48,"column":0},"end":{"line":48,"column":45}},"48":{"start":{"line":49,"column":0},"end":{"line":49,"column":0}},"49":{"start":{"line":50,"column":0},"end":{"line":50,"column":58}},"50":{"start":{"line":51,"column":0},"end":{"line":51,"column":0}},"51":{"start":{"line":52,"column":0},"end":{"line":52,"column":48}}},"s":{"0":1,"1":1,"2":1,"3":1,"4":1,"5":1,"6":1,"7":1,"8":1,"9":1,"10":1,"11":1,"12":1,"13":1,"14":1,"15":1,"16":1,"17":1,"18":1,"19":1,"20":1,"21":1,"22":1,"23":1,"24":1,"25":1,"26":1,"27":1,"28":1,"29":1,"30":1,"31":1,"32":1,"33":1,"34":1,"35":1,"36":1,"37":1,"38":1,"39":1,"40":5,"41":5,"42":5,"43":5,"44":5,"45":1,"46":1,"47":1,"48":1,"49":1,"50":1,"51":1},"branchMap":{"0":{"type":"branch","line":40,"loc":{"start":{"line":40,"column":14},"end":{"line":45,"column":35}},"locations":[{"start":{"line":40,"column":14},"end":{"line":45,"column":35}}]}},"b":{"0":[5]},"fnMap":{"0":{"name":"middleware","decl":{"start":{"line":40,"column":14},"end":{"line":45,"column":35}},"loc":{"start":{"line":40,"column":14},"end":{"line":45,"column":35}},"line":40}},"f":{"0":5}}
,"C:\\Users\\100nout\\Documents\\RS\\react\\src\\tests\\mocks.ts": {"path":"C:\\Users\\100nout\\Documents\\RS\\react\\src\\tests\\mocks.ts","all":false,"statementMap":{"0":{"start":{"line":1,"column":0},"end":{"line":1,"column":40}},"1":{"start":{"line":2,"column":0},"end":{"line":2,"column":20}},"2":{"start":{"line":3,"column":0},"end":{"line":3,"column":16}},"3":{"start":{"line":4,"column":0},"end":{"line":4,"column":18}},"4":{"start":{"line":5,"column":0},"end":{"line":5,"column":3}},"5":{"start":{"line":6,"column":0},"end":{"line":6,"column":77}},"6":{"start":{"line":7,"column":0},"end":{"line":7,"column":20}},"7":{"start":{"line":8,"column":0},"end":{"line":8,"column":25}},"8":{"start":{"line":9,"column":0},"end":{"line":9,"column":11}},"9":{"start":{"line":10,"column":0},"end":{"line":10,"column":19}},"10":{"start":{"line":11,"column":0},"end":{"line":11,"column":45}},"11":{"start":{"line":12,"column":0},"end":{"line":12,"column":34}},"12":{"start":{"line":13,"column":0},"end":{"line":13,"column":20}},"13":{"start":{"line":14,"column":0},"end":{"line":14,"column":22}},"14":{"start":{"line":15,"column":0},"end":{"line":15,"column":31}},"15":{"start":{"line":16,"column":0},"end":{"line":16,"column":47}},"16":{"start":{"line":17,"column":0},"end":{"line":17,"column":6}},"17":{"start":{"line":18,"column":0},"end":{"line":18,"column":11}},"18":{"start":{"line":19,"column":0},"end":{"line":19,"column":18}},"19":{"start":{"line":20,"column":0},"end":{"line":20,"column":6}},"20":{"start":{"line":21,"column":0},"end":{"line":21,"column":4}},"21":{"start":{"line":22,"column":0},"end":{"line":22,"column":18}},"22":{"start":{"line":23,"column":0},"end":{"line":23,"column":1}},"23":{"start":{"line":24,"column":0},"end":{"line":24,"column":44}},"24":{"start":{"line":25,"column":0},"end":{"line":25,"column":20}},"25":{"start":{"line":26,"column":0},"end":{"line":26,"column":16}},"26":{"start":{"line":27,"column":0},"end":{"line":27,"column":18}},"27":{"start":{"line":28,"column":0},"end":{"line":28,"column":3}},"28":{"start":{"line":29,"column":0},"end":{"line":29,"column":29}},"29":{"start":{"line":30,"column":0},"end":{"line":30,"column":20}},"30":{"start":{"line":31,"column":0},"end":{"line":31,"column":22}},"31":{"start":{"line":32,"column":0},"end":{"line":32,"column":14}},"32":{"start":{"line":33,"column":0},"end":{"line":33,"column":20}},"33":{"start":{"line":34,"column":0},"end":{"line":34,"column":22}},"34":{"start":{"line":35,"column":0},"end":{"line":35,"column":27}},"35":{"start":{"line":36,"column":0},"end":{"line":36,"column":27}},"36":{"start":{"line":37,"column":0},"end":{"line":37,"column":22}},"37":{"start":{"line":38,"column":0},"end":{"line":38,"column":54}},"38":{"start":{"line":39,"column":0},"end":{"line":39,"column":28}},"39":{"start":{"line":40,"column":0},"end":{"line":40,"column":8}},"40":{"start":{"line":41,"column":0},"end":{"line":41,"column":6}},"41":{"start":{"line":42,"column":0},"end":{"line":42,"column":21}},"42":{"start":{"line":43,"column":0},"end":{"line":43,"column":1}},"43":{"start":{"line":44,"column":0},"end":{"line":44,"column":0}},"44":{"start":{"line":45,"column":0},"end":{"line":45,"column":37}},"45":{"start":{"line":46,"column":0},"end":{"line":46,"column":11}},"46":{"start":{"line":47,"column":0},"end":{"line":47,"column":3}},"47":{"start":{"line":48,"column":0},"end":{"line":48,"column":11}},"48":{"start":{"line":49,"column":0},"end":{"line":49,"column":16}},"49":{"start":{"line":50,"column":0},"end":{"line":50,"column":9}},"50":{"start":{"line":51,"column":0},"end":{"line":51,"column":22}},"51":{"start":{"line":52,"column":0},"end":{"line":52,"column":24}},"52":{"start":{"line":53,"column":0},"end":{"line":53,"column":29}},"53":{"start":{"line":54,"column":0},"end":{"line":54,"column":29}},"54":{"start":{"line":55,"column":0},"end":{"line":55,"column":24}},"55":{"start":{"line":56,"column":0},"end":{"line":56,"column":38}},"56":{"start":{"line":57,"column":0},"end":{"line":57,"column":19}},"57":{"start":{"line":58,"column":0},"end":{"line":58,"column":10}},"58":{"start":{"line":59,"column":0},"end":{"line":59,"column":8}},"59":{"start":{"line":60,"column":0},"end":{"line":60,"column":13}},"60":{"start":{"line":61,"column":0},"end":{"line":61,"column":21}},"61":{"start":{"line":62,"column":0},"end":{"line":62,"column":20}},"62":{"start":{"line":63,"column":0},"end":{"line":63,"column":28}},"63":{"start":{"line":64,"column":0},"end":{"line":64,"column":22}},"64":{"start":{"line":65,"column":0},"end":{"line":65,"column":21}},"65":{"start":{"line":66,"column":0},"end":{"line":66,"column":25}},"66":{"start":{"line":67,"column":0},"end":{"line":67,"column":22}},"67":{"start":{"line":68,"column":0},"end":{"line":68,"column":8}},"68":{"start":{"line":69,"column":0},"end":{"line":69,"column":13}},"69":{"start":{"line":70,"column":0},"end":{"line":70,"column":20}},"70":{"start":{"line":71,"column":0},"end":{"line":71,"column":8}},"71":{"start":{"line":72,"column":0},"end":{"line":72,"column":6}},"72":{"start":{"line":73,"column":0},"end":{"line":73,"column":34}},"73":{"start":{"line":74,"column":0},"end":{"line":74,"column":38}},"74":{"start":{"line":75,"column":0},"end":{"line":75,"column":19}},"75":{"start":{"line":76,"column":0},"end":{"line":76,"column":21}},"76":{"start":{"line":77,"column":0},"end":{"line":77,"column":20}},"77":{"start":{"line":78,"column":0},"end":{"line":78,"column":27}},"78":{"start":{"line":79,"column":0},"end":{"line":79,"column":19}},"79":{"start":{"line":80,"column":0},"end":{"line":80,"column":20}},"80":{"start":{"line":81,"column":0},"end":{"line":81,"column":21}},"81":{"start":{"line":82,"column":0},"end":{"line":82,"column":41}},"82":{"start":{"line":83,"column":0},"end":{"line":83,"column":6}},"83":{"start":{"line":84,"column":0},"end":{"line":84,"column":39}},"84":{"start":{"line":85,"column":0},"end":{"line":85,"column":20}},"85":{"start":{"line":86,"column":0},"end":{"line":86,"column":36}},"86":{"start":{"line":87,"column":0},"end":{"line":87,"column":24}},"87":{"start":{"line":88,"column":0},"end":{"line":88,"column":4}},"88":{"start":{"line":89,"column":0},"end":{"line":89,"column":2}}},"s":{"0":1,"1":14,"2":14,"3":14,"4":14,"5":14,"6":14,"7":14,"8":14,"9":14,"10":14,"11":14,"12":14,"13":14,"14":14,"15":14,"16":14,"17":14,"18":14,"19":14,"20":14,"21":14,"22":14,"23":1,"24":16,"25":16,"26":16,"27":16,"28":16,"29":16,"30":16,"31":1819,"32":1819,"33":1819,"34":1819,"35":1819,"36":1819,"37":1819,"38":1819,"39":1819,"40":16,"41":16,"42":16,"43":1,"44":1,"45":1,"46":1,"47":1,"48":1,"49":1,"50":1,"51":1,"52":1,"53":1,"54":1,"55":1,"56":1,"57":1,"58":1,"59":1,"60":1,"61":1,"62":1,"63":1,"64":1,"65":1,"66":1,"67":1,"68":1,"69":1,"70":1,"71":1,"72":1,"73":1,"74":1,"75":1,"76":1,"77":1,"78":1,"79":1,"80":1,"81":1,"82":1,"83":1,"84":1,"85":1,"86":1,"87":1,"88":1},"branchMap":{"0":{"type":"branch","line":1,"loc":{"start":{"line":1,"column":7},"end":{"line":23,"column":1}},"locations":[{"start":{"line":1,"column":7},"end":{"line":23,"column":1}}]},"1":{"type":"branch","line":24,"loc":{"start":{"line":24,"column":7},"end":{"line":43,"column":1}},"locations":[{"start":{"line":24,"column":7},"end":{"line":43,"column":1}}]},"2":{"type":"branch","line":31,"loc":{"start":{"line":31,"column":9},"end":{"line":41,"column":5}},"locations":[{"start":{"line":31,"column":9},"end":{"line":41,"column":5}}]},"3":{"type":"branch","line":38,"loc":{"start":{"line":38,"column":14},"end":{"line":38,"column":36}},"locations":[{"start":{"line":38,"column":14},"end":{"line":38,"column":36}}]},"4":{"type":"branch","line":38,"loc":{"start":{"line":38,"column":24},"end":{"line":38,"column":54}},"locations":[{"start":{"line":38,"column":24},"end":{"line":38,"column":54}}]}},"b":{"0":[14],"1":[16],"2":[1819],"3":[5],"4":[1814]},"fnMap":{"0":{"name":"createCardsResponseMock","decl":{"start":{"line":1,"column":7},"end":{"line":23,"column":1}},"loc":{"start":{"line":1,"column":7},"end":{"line":23,"column":1}},"line":1},"1":{"name":"createCardsListResponseMock","decl":{"start":{"line":24,"column":7},"end":{"line":43,"column":1}},"loc":{"start":{"line":24,"column":7},"end":{"line":43,"column":1}},"line":24},"2":{"name":"useMutationMockValue.data.animals.avian","decl":{"start":{"line":46,"column":2},"end":{"line":46,"column":11}},"loc":{"start":{"line":46,"column":2},"end":{"line":46,"column":11}},"line":46},"3":{"name":"reset","decl":{"start":{"line":85,"column":11},"end":{"line":85,"column":20}},"loc":{"start":{"line":85,"column":11},"end":{"line":85,"column":20}},"line":85}},"f":{"0":14,"1":16,"2":0,"3":0}}
,"C:\\Users\\100nout\\Documents\\RS\\react\\src\\utils\\helpFunctions.ts": {"path":"C:\\Users\\100nout\\Documents\\RS\\react\\src\\utils\\helpFunctions.ts","all":false,"statementMap":{"0":{"start":{"line":1,"column":0},"end":{"line":1,"column":34}},"1":{"start":{"line":2,"column":0},"end":{"line":2,"column":26}},"2":{"start":{"line":3,"column":0},"end":{"line":3,"column":17}},"3":{"start":{"line":4,"column":0},"end":{"line":4,"column":18}},"4":{"start":{"line":5,"column":0},"end":{"line":5,"column":3}},"5":{"start":{"line":6,"column":0},"end":{"line":6,"column":51}},"6":{"start":{"line":7,"column":0},"end":{"line":7,"column":19}},"7":{"start":{"line":8,"column":0},"end":{"line":8,"column":20}},"8":{"start":{"line":9,"column":0},"end":{"line":9,"column":22}},"9":{"start":{"line":10,"column":0},"end":{"line":10,"column":12}},"10":{"start":{"line":11,"column":0},"end":{"line":11,"column":5}},"11":{"start":{"line":12,"column":0},"end":{"line":12,"column":17}},"12":{"start":{"line":13,"column":0},"end":{"line":13,"column":22}},"13":{"start":{"line":14,"column":0},"end":{"line":14,"column":29}},"14":{"start":{"line":15,"column":0},"end":{"line":15,"column":12}},"15":{"start":{"line":16,"column":0},"end":{"line":16,"column":12}},"16":{"start":{"line":17,"column":0},"end":{"line":17,"column":40}},"17":{"start":{"line":18,"column":0},"end":{"line":18,"column":12}},"18":{"start":{"line":19,"column":0},"end":{"line":19,"column":31}},"19":{"start":{"line":20,"column":0},"end":{"line":20,"column":7}},"20":{"start":{"line":21,"column":0},"end":{"line":21,"column":3}},"21":{"start":{"line":22,"column":0},"end":{"line":22,"column":13}},"22":{"start":{"line":23,"column":0},"end":{"line":23,"column":1}}},"s":{"0":1,"1":12,"2":12,"3":12,"4":12,"5":12,"6":12,"7":12,"8":2,"9":2,"10":2,"11":12,"12":1,"13":1,"14":1,"15":12,"16":9,"17":8,"18":8,"19":8,"20":12,"21":12,"22":12},"branchMap":{"0":{"type":"branch","line":1,"loc":{"start":{"line":1,"column":7},"end":{"line":23,"column":1}},"locations":[{"start":{"line":1,"column":7},"end":{"line":23,"column":1}}]},"1":{"type":"branch","line":8,"loc":{"start":{"line":8,"column":4},"end":{"line":11,"column":5}},"locations":[{"start":{"line":8,"column":4},"end":{"line":11,"column":5}}]},"2":{"type":"branch","line":12,"loc":{"start":{"line":12,"column":4},"end":{"line":15,"column":12}},"locations":[{"start":{"line":12,"column":4},"end":{"line":15,"column":12}}]},"3":{"type":"branch","line":16,"loc":{"start":{"line":16,"column":4},"end":{"line":20,"column":7}},"locations":[{"start":{"line":16,"column":4},"end":{"line":20,"column":7}}]},"4":{"type":"branch","line":17,"loc":{"start":{"line":17,"column":21},"end":{"line":17,"column":40}},"locations":[{"start":{"line":17,"column":21},"end":{"line":17,"column":40}}]},"5":{"type":"branch","line":17,"loc":{"start":{"line":17,"column":38},"end":{"line":20,"column":7}},"locations":[{"start":{"line":17,"column":38},"end":{"line":20,"column":7}}]}},"b":{"0":[12],"1":[2],"2":[1],"3":[9],"4":[1],"5":[8]},"fnMap":{"0":{"name":"updateQueryParams","decl":{"start":{"line":1,"column":7},"end":{"line":23,"column":1}},"loc":{"start":{"line":1,"column":7},"end":{"line":23,"column":1}},"line":1}},"f":{"0":12}}
}
