{
  "C:\\Users\\100nout\\Documents\\RS\\react\\src\\App.tsx": {
    "path": "C:\\Users\\100nout\\Documents\\RS\\react\\src\\App.tsx",
    "all": false,
    "statementMap": {
      "0": {
        "start": { "line": 1, "column": 0 },
        "end": { "line": 1, "column": 8 }
      },
      "1": {
        "start": { "line": 2, "column": 0 },
        "end": { "line": 2, "column": 22 }
      },
      "2": {
        "start": { "line": 3, "column": 0 },
        "end": { "line": 3, "column": 27 }
      },
      "3": {
        "start": { "line": 4, "column": 0 },
        "end": { "line": 4, "column": 17 }
      },
      "4": {
        "start": { "line": 5, "column": 0 },
        "end": { "line": 5, "column": 8 }
      },
      "5": {
        "start": { "line": 6, "column": 0 },
        "end": { "line": 6, "column": 26 }
      },
      "6": {
        "start": { "line": 7, "column": 0 },
        "end": { "line": 7, "column": 0 }
      },
      "7": {
        "start": { "line": 8, "column": 0 },
        "end": { "line": 8, "column": 60 }
      },
      "8": {
        "start": { "line": 9, "column": 0 },
        "end": { "line": 9, "column": 66 }
      },
      "9": {
        "start": { "line": 10, "column": 0 },
        "end": { "line": 10, "column": 58 }
      },
      "10": {
        "start": { "line": 11, "column": 0 },
        "end": { "line": 11, "column": 68 }
      },
      "11": {
        "start": { "line": 12, "column": 0 },
        "end": { "line": 12, "column": 0 }
      },
      "12": {
        "start": { "line": 13, "column": 0 },
        "end": { "line": 13, "column": 35 }
      },
      "13": {
        "start": { "line": 14, "column": 0 },
        "end": { "line": 14, "column": 27 }
      },
      "14": {
        "start": { "line": 15, "column": 0 },
        "end": { "line": 15, "column": 6 }
      },
      "15": {
        "start": { "line": 16, "column": 0 },
        "end": { "line": 16, "column": 47 }
      },
      "16": {
        "start": { "line": 17, "column": 0 },
        "end": { "line": 17, "column": 14 }
      },
      "17": {
        "start": { "line": 18, "column": 0 },
        "end": { "line": 18, "column": 15 }
      },
      "18": {
        "start": { "line": 19, "column": 0 },
        "end": { "line": 19, "column": 31 }
      },
      "19": {
        "start": { "line": 20, "column": 0 },
        "end": { "line": 20, "column": 25 }
      },
      "20": {
        "start": { "line": 21, "column": 0 },
        "end": { "line": 21, "column": 58 }
      },
      "21": {
        "start": { "line": 22, "column": 0 },
        "end": { "line": 22, "column": 10 }
      },
      "22": {
        "start": { "line": 23, "column": 0 },
        "end": { "line": 23, "column": 14 }
      },
      "23": {
        "start": { "line": 24, "column": 0 },
        "end": { "line": 24, "column": 48 }
      },
      "24": {
        "start": { "line": 25, "column": 0 },
        "end": { "line": 25, "column": 7 }
      },
      "25": {
        "start": { "line": 26, "column": 0 },
        "end": { "line": 26, "column": 3 }
      },
      "26": {
        "start": { "line": 27, "column": 0 },
        "end": { "line": 27, "column": 2 }
      },
      "27": {
        "start": { "line": 28, "column": 0 },
        "end": { "line": 28, "column": 0 }
      },
      "28": {
        "start": { "line": 29, "column": 0 },
        "end": { "line": 29, "column": 16 }
      },
      "29": {
        "start": { "line": 30, "column": 0 },
        "end": { "line": 30, "column": 44 }
      },
      "30": {
        "start": { "line": 31, "column": 0 },
        "end": { "line": 31, "column": 1 }
      },
      "31": {
        "start": { "line": 32, "column": 0 },
        "end": { "line": 32, "column": 0 }
      },
      "32": {
        "start": { "line": 33, "column": 0 },
        "end": { "line": 33, "column": 19 }
      }
    },
    "s": {
      "0": 1,
      "1": 1,
      "2": 1,
      "3": 1,
      "4": 1,
      "5": 1,
      "6": 1,
      "7": 1,
      "8": 1,
      "9": 1,
      "10": 1,
      "11": 1,
      "12": 1,
      "13": 1,
      "14": 1,
      "15": 1,
      "16": 1,
      "17": 1,
      "18": 1,
      "19": 1,
      "20": 1,
      "21": 1,
      "22": 1,
      "23": 1,
      "24": 1,
      "25": 1,
      "26": 1,
      "27": 1,
      "28": 10,
      "29": 10,
      "30": 10,
      "31": 1,
      "32": 1
    },
    "branchMap": {
      "0": {
        "type": "branch",
        "line": 29,
        "loc": {
          "start": { "line": 29, "column": 0 },
          "end": { "line": 31, "column": 1 }
        },
        "locations": [
          {
            "start": { "line": 29, "column": 0 },
            "end": { "line": 31, "column": 1 }
          }
        ]
      }
    },
    "b": { "0": [10] },
    "fnMap": {
      "0": {
        "name": "App",
        "decl": {
          "start": { "line": 29, "column": 0 },
          "end": { "line": 31, "column": 1 }
        },
        "loc": {
          "start": { "line": 29, "column": 0 },
          "end": { "line": 31, "column": 1 }
        },
        "line": 29
      }
    },
    "f": { "0": 10 }
  },
  "C:\\Users\\100nout\\Documents\\RS\\react\\src\\components\\ErrorBoundary.tsx": {
    "path": "C:\\Users\\100nout\\Documents\\RS\\react\\src\\components\\ErrorBoundary.tsx",
    "all": false,
    "statementMap": {
      "0": {
        "start": { "line": 1, "column": 0 },
        "end": { "line": 1, "column": 26 }
      },
      "1": {
        "start": { "line": 2, "column": 0 },
        "end": { "line": 2, "column": 34 }
      },
      "2": {
        "start": { "line": 3, "column": 0 },
        "end": { "line": 3, "column": 0 }
      },
      "3": {
        "start": { "line": 4, "column": 0 },
        "end": { "line": 4, "column": 17 }
      },
      "4": {
        "start": { "line": 5, "column": 0 },
        "end": { "line": 5, "column": 28 }
      },
      "5": {
        "start": { "line": 6, "column": 0 },
        "end": { "line": 6, "column": 1 }
      },
      "6": {
        "start": { "line": 7, "column": 0 },
        "end": { "line": 7, "column": 0 }
      },
      "7": {
        "start": { "line": 8, "column": 0 },
        "end": { "line": 8, "column": 17 }
      },
      "8": {
        "start": { "line": 9, "column": 0 },
        "end": { "line": 9, "column": 20 }
      },
      "9": {
        "start": { "line": 10, "column": 0 },
        "end": { "line": 10, "column": 1 }
      },
      "10": {
        "start": { "line": 11, "column": 0 },
        "end": { "line": 11, "column": 59 }
      },
      "11": {
        "start": { "line": 12, "column": 0 },
        "end": { "line": 12, "column": 29 }
      },
      "12": {
        "start": { "line": 13, "column": 0 },
        "end": { "line": 13, "column": 17 }
      },
      "13": {
        "start": { "line": 14, "column": 0 },
        "end": { "line": 14, "column": 37 }
      },
      "14": {
        "start": { "line": 15, "column": 0 },
        "end": { "line": 15, "column": 3 }
      },
      "15": {
        "start": { "line": 16, "column": 0 },
        "end": { "line": 16, "column": 0 }
      },
      "16": {
        "start": { "line": 17, "column": 0 },
        "end": { "line": 17, "column": 57 }
      },
      "17": {
        "start": { "line": 18, "column": 0 },
        "end": { "line": 18, "column": 71 }
      },
      "18": {
        "start": { "line": 19, "column": 0 },
        "end": { "line": 19, "column": 38 }
      },
      "19": {
        "start": { "line": 20, "column": 0 },
        "end": { "line": 20, "column": 3 }
      },
      "20": {
        "start": { "line": 21, "column": 0 },
        "end": { "line": 21, "column": 0 }
      },
      "21": {
        "start": { "line": 22, "column": 0 },
        "end": { "line": 22, "column": 12 }
      },
      "22": {
        "start": { "line": 23, "column": 0 },
        "end": { "line": 23, "column": 30 }
      },
      "23": {
        "start": { "line": 24, "column": 0 },
        "end": { "line": 24, "column": 14 }
      },
      "24": {
        "start": { "line": 25, "column": 0 },
        "end": { "line": 25, "column": 84 }
      },
      "25": {
        "start": { "line": 26, "column": 0 },
        "end": { "line": 26, "column": 35 }
      },
      "26": {
        "start": { "line": 27, "column": 0 },
        "end": { "line": 27, "column": 55 }
      },
      "27": {
        "start": { "line": 28, "column": 0 },
        "end": { "line": 28, "column": 15 }
      },
      "28": {
        "start": { "line": 29, "column": 0 },
        "end": { "line": 29, "column": 17 }
      },
      "29": {
        "start": { "line": 30, "column": 0 },
        "end": { "line": 30, "column": 25 }
      },
      "30": {
        "start": { "line": 31, "column": 0 },
        "end": { "line": 31, "column": 99 }
      },
      "31": {
        "start": { "line": 32, "column": 0 },
        "end": { "line": 32, "column": 28 }
      },
      "32": {
        "start": { "line": 33, "column": 0 },
        "end": { "line": 33, "column": 49 }
      },
      "33": {
        "start": { "line": 34, "column": 0 },
        "end": { "line": 34, "column": 14 }
      },
      "34": {
        "start": { "line": 35, "column": 0 },
        "end": { "line": 35, "column": 11 }
      },
      "35": {
        "start": { "line": 36, "column": 0 },
        "end": { "line": 36, "column": 21 }
      },
      "36": {
        "start": { "line": 37, "column": 0 },
        "end": { "line": 37, "column": 19 }
      },
      "37": {
        "start": { "line": 38, "column": 0 },
        "end": { "line": 38, "column": 15 }
      },
      "38": {
        "start": { "line": 39, "column": 0 },
        "end": { "line": 39, "column": 8 }
      },
      "39": {
        "start": { "line": 40, "column": 0 },
        "end": { "line": 40, "column": 5 }
      },
      "40": {
        "start": { "line": 41, "column": 0 },
        "end": { "line": 41, "column": 0 }
      },
      "41": {
        "start": { "line": 42, "column": 0 },
        "end": { "line": 42, "column": 31 }
      },
      "42": {
        "start": { "line": 43, "column": 0 },
        "end": { "line": 43, "column": 3 }
      },
      "43": {
        "start": { "line": 44, "column": 0 },
        "end": { "line": 44, "column": 1 }
      },
      "44": {
        "start": { "line": 45, "column": 0 },
        "end": { "line": 45, "column": 0 }
      },
      "45": {
        "start": { "line": 46, "column": 0 },
        "end": { "line": 46, "column": 29 }
      }
    },
    "s": {
      "0": 1,
      "1": 1,
      "2": 1,
      "3": 1,
      "4": 1,
      "5": 1,
      "6": 1,
      "7": 1,
      "8": 1,
      "9": 1,
      "10": 1,
      "11": 1,
      "12": 12,
      "13": 12,
      "14": 12,
      "15": 1,
      "16": 1,
      "17": 0,
      "18": 0,
      "19": 0,
      "20": 1,
      "21": 1,
      "22": 68,
      "23": 0,
      "24": 0,
      "25": 0,
      "26": 0,
      "27": 0,
      "28": 0,
      "29": 0,
      "30": 0,
      "31": 0,
      "32": 0,
      "33": 0,
      "34": 0,
      "35": 0,
      "36": 0,
      "37": 0,
      "38": 0,
      "39": 0,
      "40": 68,
      "41": 68,
      "42": 68,
      "43": 1,
      "44": 1,
      "45": 1
    },
    "branchMap": {
      "0": {
        "type": "branch",
        "line": 12,
        "loc": {
          "start": { "line": 12, "column": 2 },
          "end": { "line": 15, "column": 3 }
        },
        "locations": [
          {
            "start": { "line": 12, "column": 2 },
            "end": { "line": 15, "column": 3 }
          }
        ]
      },
      "1": {
        "type": "branch",
        "line": 22,
        "loc": {
          "start": { "line": 22, "column": 2 },
          "end": { "line": 43, "column": 3 }
        },
        "locations": [
          {
            "start": { "line": 22, "column": 2 },
            "end": { "line": 43, "column": 3 }
          }
        ]
      },
      "2": {
        "type": "branch",
        "line": 23,
        "loc": {
          "start": { "line": 23, "column": 29 },
          "end": { "line": 40, "column": 5 }
        },
        "locations": [
          {
            "start": { "line": 23, "column": 29 },
            "end": { "line": 40, "column": 5 }
          }
        ]
      }
    },
    "b": { "0": [12], "1": [68], "2": [0] },
    "fnMap": {
      "0": {
        "name": "ErrorBoundary",
        "decl": {
          "start": { "line": 12, "column": 2 },
          "end": { "line": 15, "column": 3 }
        },
        "loc": {
          "start": { "line": 12, "column": 2 },
          "end": { "line": 15, "column": 3 }
        },
        "line": 12
      },
      "1": {
        "name": "componentDidCatch",
        "decl": {
          "start": { "line": 17, "column": 2 },
          "end": { "line": 20, "column": 3 }
        },
        "loc": {
          "start": { "line": 17, "column": 2 },
          "end": { "line": 20, "column": 3 }
        },
        "line": 17
      },
      "2": {
        "name": "render",
        "decl": {
          "start": { "line": 22, "column": 2 },
          "end": { "line": 43, "column": 3 }
        },
        "loc": {
          "start": { "line": 22, "column": 2 },
          "end": { "line": 43, "column": 3 }
        },
        "line": 22
      },
      "3": {
        "name": "onClick",
        "decl": {
          "start": { "line": 32, "column": 21 },
          "end": { "line": 34, "column": 14 }
        },
        "loc": {
          "start": { "line": 32, "column": 21 },
          "end": { "line": 34, "column": 14 }
        },
        "line": 32
      }
    },
    "f": { "0": 12, "1": 0, "2": 68, "3": 0 }
  },
  "C:\\Users\\100nout\\Documents\\RS\\react\\src\\components\\Loader.tsx": {
    "path": "C:\\Users\\100nout\\Documents\\RS\\react\\src\\components\\Loader.tsx",
    "all": false,
    "statementMap": {
      "0": {
        "start": { "line": 1, "column": 0 },
        "end": { "line": 1, "column": 19 }
      },
      "1": {
        "start": { "line": 2, "column": 0 },
        "end": { "line": 2, "column": 63 }
      },
      "2": {
        "start": { "line": 3, "column": 0 },
        "end": { "line": 3, "column": 1 }
      },
      "3": {
        "start": { "line": 4, "column": 0 },
        "end": { "line": 4, "column": 0 }
      },
      "4": {
        "start": { "line": 5, "column": 0 },
        "end": { "line": 5, "column": 22 }
      }
    },
    "s": { "0": 25, "1": 25, "2": 25, "3": 1, "4": 1 },
    "branchMap": {
      "0": {
        "type": "branch",
        "line": 1,
        "loc": {
          "start": { "line": 1, "column": 0 },
          "end": { "line": 3, "column": 1 }
        },
        "locations": [
          {
            "start": { "line": 1, "column": 0 },
            "end": { "line": 3, "column": 1 }
          }
        ]
      }
    },
    "b": { "0": [25] },
    "fnMap": {
      "0": {
        "name": "Loader",
        "decl": {
          "start": { "line": 1, "column": 0 },
          "end": { "line": 3, "column": 1 }
        },
        "loc": {
          "start": { "line": 1, "column": 0 },
          "end": { "line": 3, "column": 1 }
        },
        "line": 1
      }
    },
    "f": { "0": 25 }
  },
  "C:\\Users\\100nout\\Documents\\RS\\react\\src\\components\\SearchPage\\Contexts.ts": {
    "path": "C:\\Users\\100nout\\Documents\\RS\\react\\src\\components\\SearchPage\\Contexts.ts",
    "all": false,
    "statementMap": {
      "0": {
        "start": { "line": 1, "column": 0 },
        "end": { "line": 1, "column": 38 }
      },
      "1": {
        "start": { "line": 2, "column": 0 },
        "end": { "line": 2, "column": 43 }
      },
      "2": {
        "start": { "line": 3, "column": 0 },
        "end": { "line": 3, "column": 0 }
      },
      "3": {
        "start": { "line": 4, "column": 0 },
        "end": { "line": 4, "column": 56 }
      },
      "4": {
        "start": { "line": 5, "column": 0 },
        "end": { "line": 5, "column": 43 }
      },
      "5": {
        "start": { "line": 6, "column": 0 },
        "end": { "line": 6, "column": 2 }
      },
      "6": {
        "start": { "line": 7, "column": 0 },
        "end": { "line": 7, "column": 74 }
      }
    },
    "s": { "0": 1, "1": 1, "2": 1, "3": 1, "4": 1, "5": 1, "6": 1 },
    "branchMap": {},
    "b": {},
    "fnMap": {},
    "f": {}
  },
  "C:\\Users\\100nout\\Documents\\RS\\react\\src\\components\\SearchPage\\Details.tsx": {
    "path": "C:\\Users\\100nout\\Documents\\RS\\react\\src\\components\\SearchPage\\Details.tsx",
    "all": false,
    "statementMap": {
      "0": {
        "start": { "line": 1, "column": 0 },
        "end": { "line": 1, "column": 8 }
      },
      "1": {
        "start": { "line": 2, "column": 0 },
        "end": { "line": 2, "column": 18 }
      },
      "2": {
        "start": { "line": 3, "column": 0 },
        "end": { "line": 3, "column": 16 }
      },
      "3": {
        "start": { "line": 4, "column": 0 },
        "end": { "line": 4, "column": 16 }
      },
      "4": {
        "start": { "line": 5, "column": 0 },
        "end": { "line": 5, "column": 26 }
      },
      "5": {
        "start": { "line": 6, "column": 0 },
        "end": { "line": 6, "column": 31 }
      },
      "6": {
        "start": { "line": 7, "column": 0 },
        "end": { "line": 7, "column": 56 }
      },
      "7": {
        "start": { "line": 8, "column": 0 },
        "end": { "line": 8, "column": 62 }
      },
      "8": {
        "start": { "line": 9, "column": 0 },
        "end": { "line": 9, "column": 0 }
      },
      "9": {
        "start": { "line": 10, "column": 0 },
        "end": { "line": 10, "column": 20 }
      },
      "10": {
        "start": { "line": 11, "column": 0 },
        "end": { "line": 11, "column": 48 }
      },
      "11": {
        "start": { "line": 12, "column": 0 },
        "end": { "line": 12, "column": 37 }
      },
      "12": {
        "start": { "line": 13, "column": 0 },
        "end": { "line": 13, "column": 50 }
      },
      "13": {
        "start": { "line": 14, "column": 0 },
        "end": { "line": 14, "column": 0 }
      },
      "14": {
        "start": { "line": 15, "column": 0 },
        "end": { "line": 15, "column": 34 }
      },
      "15": {
        "start": { "line": 16, "column": 0 },
        "end": { "line": 16, "column": 10 }
      },
      "16": {
        "start": { "line": 17, "column": 0 },
        "end": { "line": 17, "column": 94 }
      },
      "17": {
        "start": { "line": 18, "column": 0 },
        "end": { "line": 18, "column": 27 }
      },
      "18": {
        "start": { "line": 19, "column": 0 },
        "end": { "line": 19, "column": 5 }
      },
      "19": {
        "start": { "line": 20, "column": 0 },
        "end": { "line": 20, "column": 13 }
      },
      "20": {
        "start": { "line": 21, "column": 0 },
        "end": { "line": 21, "column": 125 }
      },
      "21": {
        "start": { "line": 22, "column": 0 },
        "end": { "line": 22, "column": 27 }
      },
      "22": {
        "start": { "line": 23, "column": 0 },
        "end": { "line": 23, "column": 24 }
      },
      "23": {
        "start": { "line": 24, "column": 0 },
        "end": { "line": 24, "column": 62 }
      },
      "24": {
        "start": { "line": 25, "column": 0 },
        "end": { "line": 25, "column": 10 }
      },
      "25": {
        "start": { "line": 26, "column": 0 },
        "end": { "line": 26, "column": 7 }
      },
      "26": {
        "start": { "line": 27, "column": 0 },
        "end": { "line": 27, "column": 9 }
      },
      "27": {
        "start": { "line": 28, "column": 0 },
        "end": { "line": 28, "column": 15 }
      },
      "28": {
        "start": { "line": 29, "column": 0 },
        "end": { "line": 29, "column": 41 }
      },
      "29": {
        "start": { "line": 30, "column": 0 },
        "end": { "line": 30, "column": 47 }
      },
      "30": {
        "start": { "line": 31, "column": 0 },
        "end": { "line": 31, "column": 11 }
      },
      "31": {
        "start": { "line": 32, "column": 0 },
        "end": { "line": 32, "column": 13 }
      },
      "32": {
        "start": { "line": 33, "column": 0 },
        "end": { "line": 33, "column": 13 }
      },
      "33": {
        "start": { "line": 34, "column": 0 },
        "end": { "line": 34, "column": 67 }
      },
      "34": {
        "start": { "line": 35, "column": 0 },
        "end": { "line": 35, "column": 36 }
      },
      "35": {
        "start": { "line": 36, "column": 0 },
        "end": { "line": 36, "column": 11 }
      },
      "36": {
        "start": { "line": 37, "column": 0 },
        "end": { "line": 37, "column": 26 }
      },
      "37": {
        "start": { "line": 38, "column": 0 },
        "end": { "line": 38, "column": 15 }
      },
      "38": {
        "start": { "line": 39, "column": 0 },
        "end": { "line": 39, "column": 50 }
      },
      "39": {
        "start": { "line": 40, "column": 0 },
        "end": { "line": 40, "column": 58 }
      },
      "40": {
        "start": { "line": 41, "column": 0 },
        "end": { "line": 41, "column": 60 }
      },
      "41": {
        "start": { "line": 42, "column": 0 },
        "end": { "line": 42, "column": 70 }
      },
      "42": {
        "start": { "line": 43, "column": 0 },
        "end": { "line": 43, "column": 70 }
      },
      "43": {
        "start": { "line": 44, "column": 0 },
        "end": { "line": 44, "column": 60 }
      },
      "44": {
        "start": { "line": 45, "column": 0 },
        "end": { "line": 45, "column": 15 }
      },
      "45": {
        "start": { "line": 46, "column": 0 },
        "end": { "line": 46, "column": 14 }
      },
      "46": {
        "start": { "line": 47, "column": 0 },
        "end": { "line": 47, "column": 8 }
      },
      "47": {
        "start": { "line": 48, "column": 0 },
        "end": { "line": 48, "column": 12 }
      },
      "48": {
        "start": { "line": 49, "column": 0 },
        "end": { "line": 49, "column": 7 }
      },
      "49": {
        "start": { "line": 50, "column": 0 },
        "end": { "line": 50, "column": 6 }
      },
      "50": {
        "start": { "line": 51, "column": 0 },
        "end": { "line": 51, "column": 4 }
      },
      "51": {
        "start": { "line": 52, "column": 0 },
        "end": { "line": 52, "column": 1 }
      },
      "52": {
        "start": { "line": 53, "column": 0 },
        "end": { "line": 53, "column": 0 }
      },
      "53": {
        "start": { "line": 54, "column": 0 },
        "end": { "line": 54, "column": 56 }
      },
      "54": {
        "start": { "line": 55, "column": 0 },
        "end": { "line": 55, "column": 7 }
      },
      "55": {
        "start": { "line": 56, "column": 0 },
        "end": { "line": 56, "column": 74 }
      },
      "56": {
        "start": { "line": 57, "column": 0 },
        "end": { "line": 57, "column": 21 }
      },
      "57": {
        "start": { "line": 58, "column": 0 },
        "end": { "line": 58, "column": 35 }
      },
      "58": {
        "start": { "line": 59, "column": 0 },
        "end": { "line": 59, "column": 79 }
      },
      "59": {
        "start": { "line": 60, "column": 0 },
        "end": { "line": 60, "column": 9 }
      },
      "60": {
        "start": { "line": 61, "column": 0 },
        "end": { "line": 61, "column": 25 }
      },
      "61": {
        "start": { "line": 62, "column": 0 },
        "end": { "line": 62, "column": 75 }
      },
      "62": {
        "start": { "line": 63, "column": 0 },
        "end": { "line": 63, "column": 68 }
      },
      "63": {
        "start": { "line": 64, "column": 0 },
        "end": { "line": 64, "column": 22 }
      },
      "64": {
        "start": { "line": 65, "column": 0 },
        "end": { "line": 65, "column": 14 }
      },
      "65": {
        "start": { "line": 66, "column": 0 },
        "end": { "line": 66, "column": 9 }
      },
      "66": {
        "start": { "line": 67, "column": 0 },
        "end": { "line": 67, "column": 8 }
      },
      "67": {
        "start": { "line": 68, "column": 0 },
        "end": { "line": 68, "column": 54 }
      },
      "68": {
        "start": { "line": 69, "column": 0 },
        "end": { "line": 69, "column": 29 }
      },
      "69": {
        "start": { "line": 70, "column": 0 },
        "end": { "line": 70, "column": 5 }
      },
      "70": {
        "start": { "line": 71, "column": 0 },
        "end": { "line": 71, "column": 16 }
      },
      "71": {
        "start": { "line": 72, "column": 0 },
        "end": { "line": 72, "column": 11 }
      },
      "72": {
        "start": { "line": 73, "column": 0 },
        "end": { "line": 73, "column": 35 }
      },
      "73": {
        "start": { "line": 74, "column": 0 },
        "end": { "line": 74, "column": 3 }
      },
      "74": {
        "start": { "line": 75, "column": 0 },
        "end": { "line": 75, "column": 1 }
      },
      "75": {
        "start": { "line": 76, "column": 0 },
        "end": { "line": 76, "column": 0 }
      },
      "76": {
        "start": { "line": 77, "column": 0 },
        "end": { "line": 77, "column": 23 }
      }
    },
    "s": {
      "0": 1,
      "1": 1,
      "2": 1,
      "3": 1,
      "4": 1,
      "5": 1,
      "6": 1,
      "7": 1,
      "8": 1,
      "9": 57,
      "10": 57,
      "11": 57,
      "12": 57,
      "13": 57,
      "14": 57,
      "15": 13,
      "16": 13,
      "17": 13,
      "18": 13,
      "19": 13,
      "20": 13,
      "21": 13,
      "22": 13,
      "23": 1,
      "24": 1,
      "25": 13,
      "26": 13,
      "27": 13,
      "28": 13,
      "29": 6,
      "30": 7,
      "31": 7,
      "32": 7,
      "33": 7,
      "34": 7,
      "35": 7,
      "36": 7,
      "37": 7,
      "38": 7,
      "39": 7,
      "40": 7,
      "41": 7,
      "42": 7,
      "43": 7,
      "44": 7,
      "45": 7,
      "46": 13,
      "47": 13,
      "48": 44,
      "49": 44,
      "50": 57,
      "51": 57,
      "52": 1,
      "53": 40,
      "54": 40,
      "55": 40,
      "56": 40,
      "57": 8,
      "58": 8,
      "59": 8,
      "60": 8,
      "61": 8,
      "62": 8,
      "63": 8,
      "64": 8,
      "65": 8,
      "66": 8,
      "67": 8,
      "68": 8,
      "69": 8,
      "70": 32,
      "71": 40,
      "72": 0,
      "73": 0,
      "74": 40,
      "75": 1,
      "76": 1
    },
    "branchMap": {
      "0": {
        "type": "branch",
        "line": 10,
        "loc": {
          "start": { "line": 10, "column": 0 },
          "end": { "line": 52, "column": 1 }
        },
        "locations": [
          {
            "start": { "line": 10, "column": 0 },
            "end": { "line": 52, "column": 1 }
          }
        ]
      },
      "1": {
        "type": "branch",
        "line": 15,
        "loc": {
          "start": { "line": 15, "column": 29 },
          "end": { "line": 48, "column": 12 }
        },
        "locations": [
          {
            "start": { "line": 15, "column": 29 },
            "end": { "line": 48, "column": 12 }
          }
        ]
      },
      "2": {
        "type": "branch",
        "line": 29,
        "loc": {
          "start": { "line": 29, "column": 28 },
          "end": { "line": 30, "column": 47 }
        },
        "locations": [
          {
            "start": { "line": 29, "column": 28 },
            "end": { "line": 30, "column": 47 }
          }
        ]
      },
      "3": {
        "type": "branch",
        "line": 30,
        "loc": {
          "start": { "line": 30, "column": 45 },
          "end": { "line": 46, "column": 14 }
        },
        "locations": [
          {
            "start": { "line": 30, "column": 45 },
            "end": { "line": 46, "column": 14 }
          }
        ]
      },
      "4": {
        "type": "branch",
        "line": 37,
        "loc": {
          "start": { "line": 37, "column": 13 },
          "end": { "line": 37, "column": 26 }
        },
        "locations": [
          {
            "start": { "line": 37, "column": 13 },
            "end": { "line": 37, "column": 26 }
          }
        ]
      },
      "5": {
        "type": "branch",
        "line": 40,
        "loc": {
          "start": { "line": 40, "column": 24 },
          "end": { "line": 40, "column": 40 }
        },
        "locations": [
          {
            "start": { "line": 40, "column": 24 },
            "end": { "line": 40, "column": 40 }
          }
        ]
      },
      "6": {
        "type": "branch",
        "line": 40,
        "loc": {
          "start": { "line": 40, "column": 32 },
          "end": { "line": 40, "column": 48 }
        },
        "locations": [
          {
            "start": { "line": 40, "column": 32 },
            "end": { "line": 40, "column": 48 }
          }
        ]
      },
      "7": {
        "type": "branch",
        "line": 40,
        "loc": {
          "start": { "line": 40, "column": 40 },
          "end": { "line": 40, "column": 53 }
        },
        "locations": [
          {
            "start": { "line": 40, "column": 40 },
            "end": { "line": 40, "column": 53 }
          }
        ]
      },
      "8": {
        "type": "branch",
        "line": 41,
        "loc": {
          "start": { "line": 41, "column": 25 },
          "end": { "line": 41, "column": 42 }
        },
        "locations": [
          {
            "start": { "line": 41, "column": 25 },
            "end": { "line": 41, "column": 42 }
          }
        ]
      },
      "9": {
        "type": "branch",
        "line": 41,
        "loc": {
          "start": { "line": 41, "column": 33 },
          "end": { "line": 41, "column": 50 }
        },
        "locations": [
          {
            "start": { "line": 41, "column": 33 },
            "end": { "line": 41, "column": 50 }
          }
        ]
      },
      "10": {
        "type": "branch",
        "line": 42,
        "loc": {
          "start": { "line": 42, "column": 30 },
          "end": { "line": 42, "column": 52 }
        },
        "locations": [
          {
            "start": { "line": 42, "column": 30 },
            "end": { "line": 42, "column": 52 }
          }
        ]
      },
      "11": {
        "type": "branch",
        "line": 42,
        "loc": {
          "start": { "line": 42, "column": 38 },
          "end": { "line": 42, "column": 60 }
        },
        "locations": [
          {
            "start": { "line": 42, "column": 38 },
            "end": { "line": 42, "column": 60 }
          }
        ]
      },
      "12": {
        "type": "branch",
        "line": 43,
        "loc": {
          "start": { "line": 43, "column": 30 },
          "end": { "line": 43, "column": 52 }
        },
        "locations": [
          {
            "start": { "line": 43, "column": 30 },
            "end": { "line": 43, "column": 52 }
          }
        ]
      },
      "13": {
        "type": "branch",
        "line": 43,
        "loc": {
          "start": { "line": 43, "column": 38 },
          "end": { "line": 43, "column": 60 }
        },
        "locations": [
          {
            "start": { "line": 43, "column": 38 },
            "end": { "line": 43, "column": 60 }
          }
        ]
      },
      "14": {
        "type": "branch",
        "line": 44,
        "loc": {
          "start": { "line": 44, "column": 25 },
          "end": { "line": 44, "column": 42 }
        },
        "locations": [
          {
            "start": { "line": 44, "column": 25 },
            "end": { "line": 44, "column": 42 }
          }
        ]
      },
      "15": {
        "type": "branch",
        "line": 44,
        "loc": {
          "start": { "line": 44, "column": 33 },
          "end": { "line": 44, "column": 50 }
        },
        "locations": [
          {
            "start": { "line": 44, "column": 33 },
            "end": { "line": 44, "column": 50 }
          }
        ]
      },
      "16": {
        "type": "branch",
        "line": 48,
        "loc": {
          "start": { "line": 48, "column": 4 },
          "end": { "line": 50, "column": 6 }
        },
        "locations": [
          {
            "start": { "line": 48, "column": 4 },
            "end": { "line": 50, "column": 6 }
          }
        ]
      },
      "17": {
        "type": "branch",
        "line": 23,
        "loc": {
          "start": { "line": 23, "column": 17 },
          "end": { "line": 25, "column": 10 }
        },
        "locations": [
          {
            "start": { "line": 23, "column": 17 },
            "end": { "line": 25, "column": 10 }
          }
        ]
      },
      "18": {
        "type": "branch",
        "line": 54,
        "loc": {
          "start": { "line": 54, "column": 0 },
          "end": { "line": 75, "column": 1 }
        },
        "locations": [
          {
            "start": { "line": 54, "column": 0 },
            "end": { "line": 75, "column": 1 }
          }
        ]
      },
      "19": {
        "type": "branch",
        "line": 57,
        "loc": {
          "start": { "line": 57, "column": 20 },
          "end": { "line": 70, "column": 5 }
        },
        "locations": [
          {
            "start": { "line": 57, "column": 20 },
            "end": { "line": 70, "column": 5 }
          }
        ]
      },
      "20": {
        "type": "branch",
        "line": 70,
        "loc": {
          "start": { "line": 70, "column": 4 },
          "end": { "line": 72, "column": 10 }
        },
        "locations": [
          {
            "start": { "line": 70, "column": 4 },
            "end": { "line": 72, "column": 10 }
          }
        ]
      },
      "21": {
        "type": "branch",
        "line": 72,
        "loc": {
          "start": { "line": 72, "column": 2 },
          "end": { "line": 74, "column": 3 }
        },
        "locations": [
          {
            "start": { "line": 72, "column": 2 },
            "end": { "line": 74, "column": 3 }
          }
        ]
      }
    },
    "b": {
      "0": [57],
      "1": [13],
      "2": [6],
      "3": [7],
      "4": [4],
      "5": [4],
      "6": [4],
      "7": [3],
      "8": [4],
      "9": [0],
      "10": [4],
      "11": [0],
      "12": [4],
      "13": [0],
      "14": [4],
      "15": [0],
      "16": [44],
      "17": [1],
      "18": [40],
      "19": [8],
      "20": [32],
      "21": [0]
    },
    "fnMap": {
      "0": {
        "name": "Details",
        "decl": {
          "start": { "line": 10, "column": 0 },
          "end": { "line": 52, "column": 1 }
        },
        "loc": {
          "start": { "line": 10, "column": 0 },
          "end": { "line": 52, "column": 1 }
        },
        "line": 10
      },
      "1": {
        "name": "onClick",
        "decl": {
          "start": { "line": 23, "column": 17 },
          "end": { "line": 25, "column": 10 }
        },
        "loc": {
          "start": { "line": 23, "column": 17 },
          "end": { "line": 25, "column": 10 }
        },
        "line": 23
      },
      "2": {
        "name": "loader",
        "decl": {
          "start": { "line": 54, "column": 0 },
          "end": { "line": 75, "column": 1 }
        },
        "loc": {
          "start": { "line": 54, "column": 0 },
          "end": { "line": 75, "column": 1 }
        },
        "line": 54
      }
    },
    "f": { "0": 57, "1": 1, "2": 40 }
  },
  "C:\\Users\\100nout\\Documents\\RS\\react\\src\\components\\SearchPage\\ErrorPage.tsx": {
    "path": "C:\\Users\\100nout\\Documents\\RS\\react\\src\\components\\SearchPage\\ErrorPage.tsx",
    "all": false,
    "statementMap": {
      "0": {
        "start": { "line": 1, "column": 0 },
        "end": { "line": 1, "column": 40 }
      },
      "1": {
        "start": { "line": 2, "column": 0 },
        "end": { "line": 2, "column": 0 }
      },
      "2": {
        "start": { "line": 3, "column": 0 },
        "end": { "line": 3, "column": 22 }
      },
      "3": {
        "start": { "line": 4, "column": 0 },
        "end": { "line": 4, "column": 10 }
      },
      "4": {
        "start": { "line": 5, "column": 0 },
        "end": { "line": 5, "column": 80 }
      },
      "5": {
        "start": { "line": 6, "column": 0 },
        "end": { "line": 6, "column": 57 }
      },
      "6": {
        "start": { "line": 7, "column": 0 },
        "end": { "line": 7, "column": 11 }
      },
      "7": {
        "start": { "line": 8, "column": 0 },
        "end": { "line": 8, "column": 95 }
      },
      "8": {
        "start": { "line": 9, "column": 0 },
        "end": { "line": 9, "column": 14 }
      },
      "9": {
        "start": { "line": 10, "column": 0 },
        "end": { "line": 10, "column": 7 }
      },
      "10": {
        "start": { "line": 11, "column": 0 },
        "end": { "line": 11, "column": 17 }
      },
      "11": {
        "start": { "line": 12, "column": 0 },
        "end": { "line": 12, "column": 13 }
      },
      "12": {
        "start": { "line": 13, "column": 0 },
        "end": { "line": 13, "column": 11 }
      },
      "13": {
        "start": { "line": 14, "column": 0 },
        "end": { "line": 14, "column": 4 }
      },
      "14": {
        "start": { "line": 15, "column": 0 },
        "end": { "line": 15, "column": 1 }
      },
      "15": {
        "start": { "line": 16, "column": 0 },
        "end": { "line": 16, "column": 25 }
      }
    },
    "s": {
      "0": 1,
      "1": 1,
      "2": 1,
      "3": 1,
      "4": 1,
      "5": 1,
      "6": 1,
      "7": 1,
      "8": 1,
      "9": 1,
      "10": 1,
      "11": 1,
      "12": 1,
      "13": 1,
      "14": 1,
      "15": 1
    },
    "branchMap": {
      "0": {
        "type": "branch",
        "line": 3,
        "loc": {
          "start": { "line": 3, "column": 0 },
          "end": { "line": 15, "column": 1 }
        },
        "locations": [
          {
            "start": { "line": 3, "column": 0 },
            "end": { "line": 15, "column": 1 }
          }
        ]
      }
    },
    "b": { "0": [1] },
    "fnMap": {
      "0": {
        "name": "ErrorPage",
        "decl": {
          "start": { "line": 3, "column": 0 },
          "end": { "line": 15, "column": 1 }
        },
        "loc": {
          "start": { "line": 3, "column": 0 },
          "end": { "line": 15, "column": 1 }
        },
        "line": 3
      }
    },
    "f": { "0": 1 }
  },
  "C:\\Users\\100nout\\Documents\\RS\\react\\src\\components\\SearchPage\\ErrorWithFetch.tsx": {
    "path": "C:\\Users\\100nout\\Documents\\RS\\react\\src\\components\\SearchPage\\ErrorWithFetch.tsx",
    "all": false,
    "statementMap": {
      "0": {
        "start": { "line": 1, "column": 0 },
        "end": { "line": 1, "column": 51 }
      },
      "1": {
        "start": { "line": 2, "column": 0 },
        "end": { "line": 2, "column": 0 }
      },
      "2": {
        "start": { "line": 3, "column": 0 },
        "end": { "line": 3, "column": 62 }
      },
      "3": {
        "start": { "line": 4, "column": 0 },
        "end": { "line": 4, "column": 0 }
      },
      "4": {
        "start": { "line": 5, "column": 0 },
        "end": { "line": 5, "column": 56 }
      },
      "5": {
        "start": { "line": 6, "column": 0 },
        "end": { "line": 6, "column": 48 }
      },
      "6": {
        "start": { "line": 7, "column": 0 },
        "end": { "line": 7, "column": 0 }
      },
      "7": {
        "start": { "line": 8, "column": 0 },
        "end": { "line": 8, "column": 10 }
      },
      "8": {
        "start": { "line": 9, "column": 0 },
        "end": { "line": 9, "column": 66 }
      },
      "9": {
        "start": { "line": 10, "column": 0 },
        "end": { "line": 10, "column": 13 }
      },
      "10": {
        "start": { "line": 11, "column": 0 },
        "end": { "line": 11, "column": 125 }
      },
      "11": {
        "start": { "line": 12, "column": 0 },
        "end": { "line": 12, "column": 24 }
      },
      "12": {
        "start": { "line": 13, "column": 0 },
        "end": { "line": 13, "column": 62 }
      },
      "13": {
        "start": { "line": 14, "column": 0 },
        "end": { "line": 14, "column": 10 }
      },
      "14": {
        "start": { "line": 15, "column": 0 },
        "end": { "line": 15, "column": 7 }
      },
      "15": {
        "start": { "line": 16, "column": 0 },
        "end": { "line": 16, "column": 9 }
      },
      "16": {
        "start": { "line": 17, "column": 0 },
        "end": { "line": 17, "column": 15 }
      },
      "17": {
        "start": { "line": 18, "column": 0 },
        "end": { "line": 18, "column": 31 }
      },
      "18": {
        "start": { "line": 19, "column": 0 },
        "end": { "line": 19, "column": 110 }
      },
      "19": {
        "start": { "line": 20, "column": 0 },
        "end": { "line": 20, "column": 11 }
      },
      "20": {
        "start": { "line": 21, "column": 0 },
        "end": { "line": 21, "column": 12 }
      },
      "21": {
        "start": { "line": 22, "column": 0 },
        "end": { "line": 22, "column": 4 }
      },
      "22": {
        "start": { "line": 23, "column": 0 },
        "end": { "line": 23, "column": 1 }
      },
      "23": {
        "start": { "line": 24, "column": 0 },
        "end": { "line": 24, "column": 30 }
      }
    },
    "s": {
      "0": 1,
      "1": 1,
      "2": 1,
      "3": 1,
      "4": 1,
      "5": 1,
      "6": 1,
      "7": 1,
      "8": 1,
      "9": 1,
      "10": 1,
      "11": 1,
      "12": 0,
      "13": 0,
      "14": 1,
      "15": 1,
      "16": 1,
      "17": 1,
      "18": 1,
      "19": 1,
      "20": 1,
      "21": 1,
      "22": 1,
      "23": 1
    },
    "branchMap": {
      "0": {
        "type": "branch",
        "line": 5,
        "loc": {
          "start": { "line": 5, "column": 0 },
          "end": { "line": 23, "column": 1 }
        },
        "locations": [
          {
            "start": { "line": 5, "column": 0 },
            "end": { "line": 23, "column": 1 }
          }
        ]
      }
    },
    "b": { "0": [1] },
    "fnMap": {
      "0": {
        "name": "ErrorWithFetch",
        "decl": {
          "start": { "line": 5, "column": 0 },
          "end": { "line": 23, "column": 1 }
        },
        "loc": {
          "start": { "line": 5, "column": 0 },
          "end": { "line": 23, "column": 1 }
        },
        "line": 5
      },
      "1": {
        "name": "onClick",
        "decl": {
          "start": { "line": 12, "column": 17 },
          "end": { "line": 14, "column": 10 }
        },
        "loc": {
          "start": { "line": 12, "column": 17 },
          "end": { "line": 14, "column": 10 }
        },
        "line": 12
      }
    },
    "f": { "0": 1, "1": 0 }
  },
  "C:\\Users\\100nout\\Documents\\RS\\react\\src\\components\\SearchPage\\Pagination.tsx": {
    "path": "C:\\Users\\100nout\\Documents\\RS\\react\\src\\components\\SearchPage\\Pagination.tsx",
    "all": false,
    "statementMap": {
      "0": {
        "start": { "line": 1, "column": 0 },
        "end": { "line": 1, "column": 54 }
      },
      "1": {
        "start": { "line": 2, "column": 0 },
        "end": { "line": 2, "column": 62 }
      },
      "2": {
        "start": { "line": 3, "column": 0 },
        "end": { "line": 3, "column": 0 }
      },
      "3": {
        "start": { "line": 4, "column": 0 },
        "end": { "line": 4, "column": 17 }
      },
      "4": {
        "start": { "line": 5, "column": 0 },
        "end": { "line": 5, "column": 21 }
      },
      "5": {
        "start": { "line": 6, "column": 0 },
        "end": { "line": 6, "column": 62 }
      },
      "6": {
        "start": { "line": 7, "column": 0 },
        "end": { "line": 7, "column": 21 }
      },
      "7": {
        "start": { "line": 8, "column": 0 },
        "end": { "line": 8, "column": 35 }
      },
      "8": {
        "start": { "line": 9, "column": 0 },
        "end": { "line": 9, "column": 76 }
      },
      "9": {
        "start": { "line": 10, "column": 0 },
        "end": { "line": 10, "column": 26 }
      },
      "10": {
        "start": { "line": 11, "column": 0 },
        "end": { "line": 11, "column": 32 }
      },
      "11": {
        "start": { "line": 12, "column": 0 },
        "end": { "line": 12, "column": 1 }
      },
      "12": {
        "start": { "line": 13, "column": 0 },
        "end": { "line": 13, "column": 0 }
      },
      "13": {
        "start": { "line": 14, "column": 0 },
        "end": { "line": 14, "column": 35 }
      },
      "14": {
        "start": { "line": 15, "column": 0 },
        "end": { "line": 15, "column": 9 }
      },
      "15": {
        "start": { "line": 16, "column": 0 },
        "end": { "line": 16, "column": 15 }
      },
      "16": {
        "start": { "line": 17, "column": 0 },
        "end": { "line": 17, "column": 18 }
      },
      "17": {
        "start": { "line": 18, "column": 0 },
        "end": { "line": 18, "column": 15 }
      },
      "18": {
        "start": { "line": 19, "column": 0 },
        "end": { "line": 19, "column": 27 }
      },
      "19": {
        "start": { "line": 20, "column": 0 },
        "end": { "line": 20, "column": 30 }
      },
      "20": {
        "start": { "line": 21, "column": 0 },
        "end": { "line": 21, "column": 11 }
      },
      "21": {
        "start": { "line": 22, "column": 0 },
        "end": { "line": 22, "column": 14 }
      },
      "22": {
        "start": { "line": 23, "column": 0 },
        "end": { "line": 23, "column": 12 }
      },
      "23": {
        "start": { "line": 24, "column": 0 },
        "end": { "line": 24, "column": 0 }
      },
      "24": {
        "start": { "line": 25, "column": 0 },
        "end": { "line": 25, "column": 43 }
      },
      "25": {
        "start": { "line": 26, "column": 0 },
        "end": { "line": 26, "column": 8 }
      },
      "26": {
        "start": { "line": 27, "column": 0 },
        "end": { "line": 27, "column": 79 }
      },
      "27": {
        "start": { "line": 28, "column": 0 },
        "end": { "line": 28, "column": 7 }
      },
      "28": {
        "start": { "line": 29, "column": 0 },
        "end": { "line": 29, "column": 7 }
      },
      "29": {
        "start": { "line": 30, "column": 0 },
        "end": { "line": 30, "column": 13 }
      },
      "30": {
        "start": { "line": 31, "column": 0 },
        "end": { "line": 31, "column": 5 }
      },
      "31": {
        "start": { "line": 32, "column": 0 },
        "end": { "line": 32, "column": 26 }
      },
      "32": {
        "start": { "line": 33, "column": 0 },
        "end": { "line": 33, "column": 78 }
      },
      "33": {
        "start": { "line": 34, "column": 0 },
        "end": { "line": 34, "column": 35 }
      },
      "34": {
        "start": { "line": 35, "column": 0 },
        "end": { "line": 35, "column": 11 }
      },
      "35": {
        "start": { "line": 36, "column": 0 },
        "end": { "line": 36, "column": 40 }
      },
      "36": {
        "start": { "line": 37, "column": 0 },
        "end": { "line": 37, "column": 0 }
      },
      "37": {
        "start": { "line": 38, "column": 0 },
        "end": { "line": 38, "column": 30 }
      },
      "38": {
        "start": { "line": 39, "column": 0 },
        "end": { "line": 39, "column": 61 }
      },
      "39": {
        "start": { "line": 40, "column": 0 },
        "end": { "line": 40, "column": 6 }
      },
      "40": {
        "start": { "line": 41, "column": 0 },
        "end": { "line": 41, "column": 25 }
      },
      "41": {
        "start": { "line": 42, "column": 0 },
        "end": { "line": 42, "column": 65 }
      },
      "42": {
        "start": { "line": 43, "column": 0 },
        "end": { "line": 43, "column": 21 }
      },
      "43": {
        "start": { "line": 44, "column": 0 },
        "end": { "line": 44, "column": 75 }
      },
      "44": {
        "start": { "line": 45, "column": 0 },
        "end": { "line": 45, "column": 37 }
      },
      "45": {
        "start": { "line": 46, "column": 0 },
        "end": { "line": 46, "column": 3 }
      },
      "46": {
        "start": { "line": 47, "column": 0 },
        "end": { "line": 47, "column": 0 }
      },
      "47": {
        "start": { "line": 48, "column": 0 },
        "end": { "line": 48, "column": 60 }
      },
      "48": {
        "start": { "line": 49, "column": 0 },
        "end": { "line": 49, "column": 64 }
      },
      "49": {
        "start": { "line": 50, "column": 0 },
        "end": { "line": 50, "column": 62 }
      },
      "50": {
        "start": { "line": 51, "column": 0 },
        "end": { "line": 51, "column": 68 }
      },
      "51": {
        "start": { "line": 52, "column": 0 },
        "end": { "line": 52, "column": 14 }
      },
      "52": {
        "start": { "line": 53, "column": 0 },
        "end": { "line": 53, "column": 71 }
      },
      "53": {
        "start": { "line": 54, "column": 0 },
        "end": { "line": 54, "column": 6 }
      },
      "54": {
        "start": { "line": 55, "column": 0 },
        "end": { "line": 55, "column": 59 }
      },
      "55": {
        "start": { "line": 56, "column": 0 },
        "end": { "line": 56, "column": 35 }
      },
      "56": {
        "start": { "line": 57, "column": 0 },
        "end": { "line": 57, "column": 10 }
      },
      "57": {
        "start": { "line": 58, "column": 0 },
        "end": { "line": 58, "column": 52 }
      },
      "58": {
        "start": { "line": 59, "column": 0 },
        "end": { "line": 59, "column": 43 }
      },
      "59": {
        "start": { "line": 60, "column": 0 },
        "end": { "line": 60, "column": 8 }
      },
      "60": {
        "start": { "line": 61, "column": 0 },
        "end": { "line": 61, "column": 44 }
      },
      "61": {
        "start": { "line": 62, "column": 0 },
        "end": { "line": 62, "column": 27 }
      },
      "62": {
        "start": { "line": 63, "column": 0 },
        "end": { "line": 63, "column": 80 }
      },
      "63": {
        "start": { "line": 64, "column": 0 },
        "end": { "line": 64, "column": 0 }
      },
      "64": {
        "start": { "line": 65, "column": 0 },
        "end": { "line": 65, "column": 39 }
      },
      "65": {
        "start": { "line": 66, "column": 0 },
        "end": { "line": 66, "column": 5 }
      },
      "66": {
        "start": { "line": 67, "column": 0 },
        "end": { "line": 67, "column": 3 }
      },
      "67": {
        "start": { "line": 68, "column": 0 },
        "end": { "line": 68, "column": 0 }
      },
      "68": {
        "start": { "line": 69, "column": 0 },
        "end": { "line": 69, "column": 28 }
      },
      "69": {
        "start": { "line": 70, "column": 0 },
        "end": { "line": 70, "column": 51 }
      },
      "70": {
        "start": { "line": 71, "column": 0 },
        "end": { "line": 71, "column": 32 }
      },
      "71": {
        "start": { "line": 72, "column": 0 },
        "end": { "line": 72, "column": 35 }
      },
      "72": {
        "start": { "line": 73, "column": 0 },
        "end": { "line": 73, "column": 22 }
      },
      "73": {
        "start": { "line": 74, "column": 0 },
        "end": { "line": 74, "column": 70 }
      },
      "74": {
        "start": { "line": 75, "column": 0 },
        "end": { "line": 75, "column": 9 }
      },
      "75": {
        "start": { "line": 76, "column": 0 },
        "end": { "line": 76, "column": 8 }
      },
      "76": {
        "start": { "line": 77, "column": 0 },
        "end": { "line": 77, "column": 72 }
      },
      "77": {
        "start": { "line": 78, "column": 0 },
        "end": { "line": 78, "column": 34 }
      },
      "78": {
        "start": { "line": 79, "column": 0 },
        "end": { "line": 79, "column": 3 }
      },
      "79": {
        "start": { "line": 80, "column": 0 },
        "end": { "line": 80, "column": 0 }
      },
      "80": {
        "start": { "line": 81, "column": 0 },
        "end": { "line": 81, "column": 10 }
      },
      "81": {
        "start": { "line": 82, "column": 0 },
        "end": { "line": 82, "column": 78 }
      },
      "82": {
        "start": { "line": 83, "column": 0 },
        "end": { "line": 83, "column": 13 }
      },
      "83": {
        "start": { "line": 84, "column": 0 },
        "end": { "line": 84, "column": 95 }
      },
      "84": {
        "start": { "line": 85, "column": 0 },
        "end": { "line": 85, "column": 51 }
      },
      "85": {
        "start": { "line": 86, "column": 0 },
        "end": { "line": 86, "column": 7 }
      },
      "86": {
        "start": { "line": 87, "column": 0 },
        "end": { "line": 87, "column": 13 }
      },
      "87": {
        "start": { "line": 88, "column": 0 },
        "end": { "line": 88, "column": 15 }
      },
      "88": {
        "start": { "line": 89, "column": 0 },
        "end": { "line": 89, "column": 51 }
      },
      "89": {
        "start": { "line": 90, "column": 0 },
        "end": { "line": 90, "column": 16 }
      },
      "90": {
        "start": { "line": 91, "column": 0 },
        "end": { "line": 91, "column": 33 }
      },
      "91": {
        "start": { "line": 92, "column": 0 },
        "end": { "line": 92, "column": 19 }
      },
      "92": {
        "start": { "line": 93, "column": 0 },
        "end": { "line": 93, "column": 52 }
      },
      "93": {
        "start": { "line": 94, "column": 0 },
        "end": { "line": 94, "column": 37 }
      },
      "94": {
        "start": { "line": 95, "column": 0 },
        "end": { "line": 95, "column": 25 }
      },
      "95": {
        "start": { "line": 96, "column": 0 },
        "end": { "line": 96, "column": 40 }
      },
      "96": {
        "start": { "line": 97, "column": 0 },
        "end": { "line": 97, "column": 86 }
      },
      "97": {
        "start": { "line": 98, "column": 0 },
        "end": { "line": 98, "column": 86 }
      },
      "98": {
        "start": { "line": 99, "column": 0 },
        "end": { "line": 99, "column": 15 }
      },
      "99": {
        "start": { "line": 100, "column": 0 },
        "end": { "line": 100, "column": 30 }
      },
      "100": {
        "start": { "line": 101, "column": 0 },
        "end": { "line": 101, "column": 79 }
      },
      "101": {
        "start": { "line": 102, "column": 0 },
        "end": { "line": 102, "column": 41 }
      },
      "102": {
        "start": { "line": 103, "column": 0 },
        "end": { "line": 103, "column": 16 }
      },
      "103": {
        "start": { "line": 104, "column": 0 },
        "end": { "line": 104, "column": 13 }
      },
      "104": {
        "start": { "line": 105, "column": 0 },
        "end": { "line": 105, "column": 21 }
      },
      "105": {
        "start": { "line": 106, "column": 0 },
        "end": { "line": 106, "column": 21 }
      },
      "106": {
        "start": { "line": 107, "column": 0 },
        "end": { "line": 107, "column": 11 }
      },
      "107": {
        "start": { "line": 108, "column": 0 },
        "end": { "line": 108, "column": 10 }
      },
      "108": {
        "start": { "line": 109, "column": 0 },
        "end": { "line": 109, "column": 9 }
      },
      "109": {
        "start": { "line": 110, "column": 0 },
        "end": { "line": 110, "column": 0 }
      },
      "110": {
        "start": { "line": 111, "column": 0 },
        "end": { "line": 111, "column": 54 }
      },
      "111": {
        "start": { "line": 112, "column": 0 },
        "end": { "line": 112, "column": 15 }
      },
      "112": {
        "start": { "line": 113, "column": 0 },
        "end": { "line": 113, "column": 97 }
      },
      "113": {
        "start": { "line": 114, "column": 0 },
        "end": { "line": 114, "column": 26 }
      },
      "114": {
        "start": { "line": 115, "column": 0 },
        "end": { "line": 115, "column": 43 }
      },
      "115": {
        "start": { "line": 116, "column": 0 },
        "end": { "line": 116, "column": 12 }
      },
      "116": {
        "start": { "line": 117, "column": 0 },
        "end": { "line": 117, "column": 9 }
      },
      "117": {
        "start": { "line": 118, "column": 0 },
        "end": { "line": 118, "column": 13 }
      },
      "118": {
        "start": { "line": 119, "column": 0 },
        "end": { "line": 119, "column": 17 }
      },
      "119": {
        "start": { "line": 120, "column": 0 },
        "end": { "line": 120, "column": 8 }
      },
      "120": {
        "start": { "line": 121, "column": 0 },
        "end": { "line": 121, "column": 13 }
      },
      "121": {
        "start": { "line": 122, "column": 0 },
        "end": { "line": 122, "column": 19 }
      },
      "122": {
        "start": { "line": 123, "column": 0 },
        "end": { "line": 123, "column": 39 }
      },
      "123": {
        "start": { "line": 124, "column": 0 },
        "end": { "line": 124, "column": 80 }
      },
      "124": {
        "start": { "line": 125, "column": 0 },
        "end": { "line": 125, "column": 80 }
      },
      "125": {
        "start": { "line": 126, "column": 0 },
        "end": { "line": 126, "column": 9 }
      },
      "126": {
        "start": { "line": 127, "column": 0 },
        "end": { "line": 127, "column": 40 }
      },
      "127": {
        "start": { "line": 128, "column": 0 },
        "end": { "line": 128, "column": 24 }
      },
      "128": {
        "start": { "line": 129, "column": 0 },
        "end": { "line": 129, "column": 26 }
      },
      "129": {
        "start": { "line": 130, "column": 0 },
        "end": { "line": 130, "column": 10 }
      },
      "130": {
        "start": { "line": 131, "column": 0 },
        "end": { "line": 131, "column": 7 }
      },
      "131": {
        "start": { "line": 132, "column": 0 },
        "end": { "line": 132, "column": 20 }
      },
      "132": {
        "start": { "line": 133, "column": 0 },
        "end": { "line": 133, "column": 15 }
      },
      "133": {
        "start": { "line": 134, "column": 0 },
        "end": { "line": 134, "column": 13 }
      },
      "134": {
        "start": { "line": 135, "column": 0 },
        "end": { "line": 135, "column": 95 }
      },
      "135": {
        "start": { "line": 136, "column": 0 },
        "end": { "line": 136, "column": 51 }
      },
      "136": {
        "start": { "line": 137, "column": 0 },
        "end": { "line": 137, "column": 7 }
      },
      "137": {
        "start": { "line": 138, "column": 0 },
        "end": { "line": 138, "column": 13 }
      },
      "138": {
        "start": { "line": 139, "column": 0 },
        "end": { "line": 139, "column": 15 }
      },
      "139": {
        "start": { "line": 140, "column": 0 },
        "end": { "line": 140, "column": 10 }
      },
      "140": {
        "start": { "line": 141, "column": 0 },
        "end": { "line": 141, "column": 4 }
      },
      "141": {
        "start": { "line": 142, "column": 0 },
        "end": { "line": 142, "column": 1 }
      },
      "142": {
        "start": { "line": 143, "column": 0 },
        "end": { "line": 143, "column": 0 }
      },
      "143": {
        "start": { "line": 144, "column": 0 },
        "end": { "line": 144, "column": 26 }
      }
    },
    "s": {
      "0": 1,
      "1": 1,
      "2": 1,
      "3": 1,
      "4": 1,
      "5": 1,
      "6": 1,
      "7": 1,
      "8": 1,
      "9": 1,
      "10": 1,
      "11": 1,
      "12": 1,
      "13": 37,
      "14": 37,
      "15": 37,
      "16": 37,
      "17": 37,
      "18": 37,
      "19": 37,
      "20": 37,
      "21": 37,
      "22": 37,
      "23": 37,
      "24": 37,
      "25": 1,
      "26": 1,
      "27": 1,
      "28": 1,
      "29": 0,
      "30": 0,
      "31": 1,
      "32": 1,
      "33": 1,
      "34": 0,
      "35": 1,
      "36": 1,
      "37": 1,
      "38": 1,
      "39": 1,
      "40": 1,
      "41": 1,
      "42": 1,
      "43": 1,
      "44": 1,
      "45": 1,
      "46": 37,
      "47": 37,
      "48": 1,
      "49": 1,
      "50": 1,
      "51": 1,
      "52": 1,
      "53": 1,
      "54": 1,
      "55": 1,
      "56": 1,
      "57": 1,
      "58": 1,
      "59": 1,
      "60": 1,
      "61": 1,
      "62": 1,
      "63": 1,
      "64": 1,
      "65": 1,
      "66": 1,
      "67": 37,
      "68": 37,
      "69": 1,
      "70": 1,
      "71": 1,
      "72": 1,
      "73": 3,
      "74": 1,
      "75": 1,
      "76": 1,
      "77": 1,
      "78": 1,
      "79": 37,
      "80": 37,
      "81": 37,
      "82": 37,
      "83": 37,
      "84": 37,
      "85": 37,
      "86": 37,
      "87": 37,
      "88": 37,
      "89": 111,
      "90": 111,
      "91": 111,
      "92": 111,
      "93": 111,
      "94": 111,
      "95": 111,
      "96": 36,
      "97": 75,
      "98": 111,
      "99": 111,
      "100": 2,
      "101": 2,
      "102": 2,
      "103": 111,
      "104": 111,
      "105": 111,
      "106": 111,
      "107": 111,
      "108": 37,
      "109": 37,
      "110": 37,
      "111": 37,
      "112": 37,
      "113": 37,
      "114": 1,
      "115": 1,
      "116": 37,
      "117": 37,
      "118": 37,
      "119": 37,
      "120": 37,
      "121": 37,
      "122": 37,
      "123": 1,
      "124": 36,
      "125": 37,
      "126": 37,
      "127": 37,
      "128": 1,
      "129": 1,
      "130": 37,
      "131": 37,
      "132": 37,
      "133": 37,
      "134": 37,
      "135": 37,
      "136": 37,
      "137": 37,
      "138": 37,
      "139": 37,
      "140": 37,
      "141": 37,
      "142": 1,
      "143": 1
    },
    "branchMap": {
      "0": {
        "type": "branch",
        "line": 14,
        "loc": {
          "start": { "line": 14, "column": 0 },
          "end": { "line": 142, "column": 1 }
        },
        "locations": [
          {
            "start": { "line": 14, "column": 0 },
            "end": { "line": 142, "column": 1 }
          }
        ]
      },
      "1": {
        "type": "branch",
        "line": 123,
        "loc": {
          "start": { "line": 123, "column": 29 },
          "end": { "line": 124, "column": 80 }
        },
        "locations": [
          {
            "start": { "line": 123, "column": 29 },
            "end": { "line": 124, "column": 80 }
          }
        ]
      },
      "2": {
        "type": "branch",
        "line": 124,
        "loc": {
          "start": { "line": 124, "column": 14 },
          "end": { "line": 125, "column": 80 }
        },
        "locations": [
          {
            "start": { "line": 124, "column": 14 },
            "end": { "line": 125, "column": 80 }
          }
        ]
      },
      "3": {
        "type": "branch",
        "line": 25,
        "loc": {
          "start": { "line": 25, "column": 2 },
          "end": { "line": 46, "column": 3 }
        },
        "locations": [
          {
            "start": { "line": 25, "column": 2 },
            "end": { "line": 46, "column": 3 }
          }
        ]
      },
      "4": {
        "type": "branch",
        "line": 29,
        "loc": {
          "start": { "line": 29, "column": 6 },
          "end": { "line": 31, "column": 5 }
        },
        "locations": [
          {
            "start": { "line": 29, "column": 6 },
            "end": { "line": 31, "column": 5 }
          }
        ]
      },
      "5": {
        "type": "branch",
        "line": 34,
        "loc": {
          "start": { "line": 34, "column": 29 },
          "end": { "line": 35, "column": 11 }
        },
        "locations": [
          {
            "start": { "line": 34, "column": 29 },
            "end": { "line": 35, "column": 11 }
          }
        ]
      },
      "6": {
        "type": "branch",
        "line": 39,
        "loc": {
          "start": { "line": 39, "column": 33 },
          "end": { "line": 39, "column": 60 }
        },
        "locations": [
          {
            "start": { "line": 39, "column": 33 },
            "end": { "line": 39, "column": 60 }
          }
        ]
      },
      "7": {
        "type": "branch",
        "line": 48,
        "loc": {
          "start": { "line": 48, "column": 2 },
          "end": { "line": 67, "column": 3 }
        },
        "locations": [
          {
            "start": { "line": 48, "column": 2 },
            "end": { "line": 67, "column": 3 }
          }
        ]
      },
      "8": {
        "type": "branch",
        "line": 49,
        "loc": {
          "start": { "line": 49, "column": 57 },
          "end": { "line": 49, "column": 64 }
        },
        "locations": [
          {
            "start": { "line": 49, "column": 57 },
            "end": { "line": 49, "column": 64 }
          }
        ]
      },
      "9": {
        "type": "branch",
        "line": 51,
        "loc": {
          "start": { "line": 51, "column": 61 },
          "end": { "line": 51, "column": 68 }
        },
        "locations": [
          {
            "start": { "line": 51, "column": 61 },
            "end": { "line": 51, "column": 68 }
          }
        ]
      },
      "10": {
        "type": "branch",
        "line": 56,
        "loc": {
          "start": { "line": 56, "column": 6 },
          "end": { "line": 56, "column": 35 }
        },
        "locations": [
          {
            "start": { "line": 56, "column": 6 },
            "end": { "line": 56, "column": 35 }
          }
        ]
      },
      "11": {
        "type": "branch",
        "line": 63,
        "loc": {
          "start": { "line": 63, "column": 62 },
          "end": { "line": 63, "column": 80 }
        },
        "locations": [
          {
            "start": { "line": 63, "column": 62 },
            "end": { "line": 63, "column": 80 }
          }
        ]
      },
      "12": {
        "type": "branch",
        "line": 59,
        "loc": {
          "start": { "line": 59, "column": 8 },
          "end": { "line": 59, "column": 43 }
        },
        "locations": [
          {
            "start": { "line": 59, "column": 8 },
            "end": { "line": 59, "column": 43 }
          }
        ]
      },
      "13": {
        "type": "branch",
        "line": 69,
        "loc": {
          "start": { "line": 69, "column": 2 },
          "end": { "line": 79, "column": 3 }
        },
        "locations": [
          {
            "start": { "line": 69, "column": 2 },
            "end": { "line": 79, "column": 3 }
          }
        ]
      },
      "14": {
        "type": "branch",
        "line": 73,
        "loc": {
          "start": { "line": 73, "column": 10 },
          "end": { "line": 74, "column": 70 }
        },
        "locations": [
          {
            "start": { "line": 73, "column": 10 },
            "end": { "line": 74, "column": 70 }
          }
        ]
      },
      "15": {
        "type": "branch",
        "line": 89,
        "loc": {
          "start": { "line": 89, "column": 34 },
          "end": { "line": 109, "column": 7 }
        },
        "locations": [
          {
            "start": { "line": 89, "column": 34 },
            "end": { "line": 109, "column": 7 }
          }
        ]
      },
      "16": {
        "type": "branch",
        "line": 96,
        "loc": {
          "start": { "line": 96, "column": 35 },
          "end": { "line": 97, "column": 86 }
        },
        "locations": [
          {
            "start": { "line": 96, "column": 35 },
            "end": { "line": 97, "column": 86 }
          }
        ]
      },
      "17": {
        "type": "branch",
        "line": 97,
        "loc": {
          "start": { "line": 97, "column": 20 },
          "end": { "line": 98, "column": 86 }
        },
        "locations": [
          {
            "start": { "line": 97, "column": 20 },
            "end": { "line": 98, "column": 86 }
          }
        ]
      },
      "18": {
        "type": "branch",
        "line": 100,
        "loc": {
          "start": { "line": 100, "column": 23 },
          "end": { "line": 103, "column": 16 }
        },
        "locations": [
          {
            "start": { "line": 100, "column": 23 },
            "end": { "line": 103, "column": 16 }
          }
        ]
      },
      "19": {
        "type": "branch",
        "line": 114,
        "loc": {
          "start": { "line": 114, "column": 19 },
          "end": { "line": 116, "column": 12 }
        },
        "locations": [
          {
            "start": { "line": 114, "column": 19 },
            "end": { "line": 116, "column": 12 }
          }
        ]
      },
      "20": {
        "type": "branch",
        "line": 128,
        "loc": {
          "start": { "line": 128, "column": 17 },
          "end": { "line": 130, "column": 10 }
        },
        "locations": [
          {
            "start": { "line": 128, "column": 17 },
            "end": { "line": 130, "column": 10 }
          }
        ]
      },
      "21": {
        "type": "branch",
        "line": 136,
        "loc": {
          "start": { "line": 136, "column": 17 },
          "end": { "line": 136, "column": 51 }
        },
        "locations": [
          {
            "start": { "line": 136, "column": 17 },
            "end": { "line": 136, "column": 51 }
          }
        ]
      }
    },
    "b": {
      "0": [37],
      "1": [1],
      "2": [36],
      "3": [1],
      "4": [0],
      "5": [0],
      "6": [3],
      "7": [1],
      "8": [0],
      "9": [0],
      "10": [0],
      "11": [0],
      "12": [3],
      "13": [1],
      "14": [3],
      "15": [111],
      "16": [36],
      "17": [75],
      "18": [2],
      "19": [1],
      "20": [1],
      "21": [1]
    },
    "fnMap": {
      "0": {
        "name": "Pagination",
        "decl": {
          "start": { "line": 14, "column": 0 },
          "end": { "line": 142, "column": 1 }
        },
        "loc": {
          "start": { "line": 14, "column": 0 },
          "end": { "line": 142, "column": 1 }
        },
        "line": 14
      },
      "1": {
        "name": "changePaginationButtonsValue",
        "decl": {
          "start": { "line": 25, "column": 2 },
          "end": { "line": 46, "column": 3 }
        },
        "loc": {
          "start": { "line": 25, "column": 2 },
          "end": { "line": 46, "column": 3 }
        },
        "line": 25
      },
      "2": {
        "name": "clickNextPrevButton",
        "decl": {
          "start": { "line": 48, "column": 2 },
          "end": { "line": 67, "column": 3 }
        },
        "loc": {
          "start": { "line": 48, "column": 2 },
          "end": { "line": 67, "column": 3 }
        },
        "line": 48
      },
      "3": {
        "name": "clickLastPage",
        "decl": {
          "start": { "line": 69, "column": 2 },
          "end": { "line": 79, "column": 3 }
        },
        "loc": {
          "start": { "line": 69, "column": 2 },
          "end": { "line": 79, "column": 3 }
        },
        "line": 69
      },
      "4": {
        "name": "onClick",
        "decl": {
          "start": { "line": 85, "column": 17 },
          "end": { "line": 85, "column": 51 }
        },
        "loc": {
          "start": { "line": 85, "column": 17 },
          "end": { "line": 85, "column": 51 }
        },
        "line": 85
      },
      "5": {
        "name": "onClick",
        "decl": {
          "start": { "line": 100, "column": 23 },
          "end": { "line": 103, "column": 16 }
        },
        "loc": {
          "start": { "line": 100, "column": 23 },
          "end": { "line": 103, "column": 16 }
        },
        "line": 100
      },
      "6": {
        "name": "onClick",
        "decl": {
          "start": { "line": 114, "column": 19 },
          "end": { "line": 116, "column": 12 }
        },
        "loc": {
          "start": { "line": 114, "column": 19 },
          "end": { "line": 116, "column": 12 }
        },
        "line": 114
      },
      "7": {
        "name": "onClick",
        "decl": {
          "start": { "line": 128, "column": 17 },
          "end": { "line": 130, "column": 10 }
        },
        "loc": {
          "start": { "line": 128, "column": 17 },
          "end": { "line": 130, "column": 10 }
        },
        "line": 128
      },
      "8": {
        "name": "onClick",
        "decl": {
          "start": { "line": 136, "column": 17 },
          "end": { "line": 136, "column": 51 }
        },
        "loc": {
          "start": { "line": 136, "column": 17 },
          "end": { "line": 136, "column": 51 }
        },
        "line": 136
      }
    },
    "f": {
      "0": 37,
      "1": 1,
      "2": 1,
      "3": 1,
      "4": 0,
      "5": 2,
      "6": 1,
      "7": 1,
      "8": 1
    }
  },
  "C:\\Users\\100nout\\Documents\\RS\\react\\src\\components\\SearchPage\\SearchForm.tsx": {
    "path": "C:\\Users\\100nout\\Documents\\RS\\react\\src\\components\\SearchPage\\SearchForm.tsx",
    "all": false,
    "statementMap": {
      "0": {
        "start": { "line": 1, "column": 0 },
        "end": { "line": 1, "column": 53 }
      },
      "1": {
        "start": { "line": 2, "column": 0 },
        "end": { "line": 2, "column": 54 }
      },
      "2": {
        "start": { "line": 3, "column": 0 },
        "end": { "line": 3, "column": 62 }
      },
      "3": {
        "start": { "line": 4, "column": 0 },
        "end": { "line": 4, "column": 48 }
      },
      "4": {
        "start": { "line": 5, "column": 0 },
        "end": { "line": 5, "column": 0 }
      },
      "5": {
        "start": { "line": 6, "column": 0 },
        "end": { "line": 6, "column": 17 }
      },
      "6": {
        "start": { "line": 7, "column": 0 },
        "end": { "line": 7, "column": 63 }
      },
      "7": {
        "start": { "line": 8, "column": 0 },
        "end": { "line": 8, "column": 21 }
      },
      "8": {
        "start": { "line": 9, "column": 0 },
        "end": { "line": 9, "column": 62 }
      },
      "9": {
        "start": { "line": 10, "column": 0 },
        "end": { "line": 10, "column": 76 }
      },
      "10": {
        "start": { "line": 11, "column": 0 },
        "end": { "line": 11, "column": 26 }
      },
      "11": {
        "start": { "line": 12, "column": 0 },
        "end": { "line": 12, "column": 32 }
      },
      "12": {
        "start": { "line": 13, "column": 0 },
        "end": { "line": 13, "column": 1 }
      },
      "13": {
        "start": { "line": 14, "column": 0 },
        "end": { "line": 14, "column": 0 }
      },
      "14": {
        "start": { "line": 15, "column": 0 },
        "end": { "line": 15, "column": 35 }
      },
      "15": {
        "start": { "line": 16, "column": 0 },
        "end": { "line": 16, "column": 9 }
      },
      "16": {
        "start": { "line": 17, "column": 0 },
        "end": { "line": 17, "column": 19 }
      },
      "17": {
        "start": { "line": 18, "column": 0 },
        "end": { "line": 18, "column": 15 }
      },
      "18": {
        "start": { "line": 19, "column": 0 },
        "end": { "line": 19, "column": 18 }
      },
      "19": {
        "start": { "line": 20, "column": 0 },
        "end": { "line": 20, "column": 30 }
      },
      "20": {
        "start": { "line": 21, "column": 0 },
        "end": { "line": 21, "column": 11 }
      },
      "21": {
        "start": { "line": 22, "column": 0 },
        "end": { "line": 22, "column": 14 }
      },
      "22": {
        "start": { "line": 23, "column": 0 },
        "end": { "line": 23, "column": 12 }
      },
      "23": {
        "start": { "line": 24, "column": 0 },
        "end": { "line": 24, "column": 53 }
      },
      "24": {
        "start": { "line": 25, "column": 0 },
        "end": { "line": 25, "column": 48 }
      },
      "25": {
        "start": { "line": 26, "column": 0 },
        "end": { "line": 26, "column": 58 }
      },
      "26": {
        "start": { "line": 27, "column": 0 },
        "end": { "line": 27, "column": 0 }
      },
      "27": {
        "start": { "line": 28, "column": 0 },
        "end": { "line": 28, "column": 21 }
      },
      "28": {
        "start": { "line": 29, "column": 0 },
        "end": { "line": 29, "column": 41 }
      },
      "29": {
        "start": { "line": 30, "column": 0 },
        "end": { "line": 30, "column": 3 }
      },
      "30": {
        "start": { "line": 31, "column": 0 },
        "end": { "line": 31, "column": 10 }
      },
      "31": {
        "start": { "line": 32, "column": 0 },
        "end": { "line": 32, "column": 9 }
      },
      "32": {
        "start": { "line": 33, "column": 0 },
        "end": { "line": 33, "column": 16 }
      },
      "33": {
        "start": { "line": 34, "column": 0 },
        "end": { "line": 34, "column": 67 }
      },
      "34": {
        "start": { "line": 35, "column": 0 },
        "end": { "line": 35, "column": 31 }
      },
      "35": {
        "start": { "line": 36, "column": 0 },
        "end": { "line": 36, "column": 24 }
      },
      "36": {
        "start": { "line": 37, "column": 0 },
        "end": { "line": 37, "column": 27 }
      },
      "37": {
        "start": { "line": 38, "column": 0 },
        "end": { "line": 38, "column": 71 }
      },
      "38": {
        "start": { "line": 39, "column": 0 },
        "end": { "line": 39, "column": 50 }
      },
      "39": {
        "start": { "line": 40, "column": 0 },
        "end": { "line": 40, "column": 45 }
      },
      "40": {
        "start": { "line": 41, "column": 0 },
        "end": { "line": 41, "column": 59 }
      },
      "41": {
        "start": { "line": 42, "column": 0 },
        "end": { "line": 42, "column": 41 }
      },
      "42": {
        "start": { "line": 43, "column": 0 },
        "end": { "line": 43, "column": 8 }
      },
      "43": {
        "start": { "line": 44, "column": 0 },
        "end": { "line": 44, "column": 5 }
      },
      "44": {
        "start": { "line": 45, "column": 0 },
        "end": { "line": 45, "column": 13 }
      },
      "45": {
        "start": { "line": 46, "column": 0 },
        "end": { "line": 46, "column": 21 }
      },
      "46": {
        "start": { "line": 47, "column": 0 },
        "end": { "line": 47, "column": 75 }
      },
      "47": {
        "start": { "line": 48, "column": 0 },
        "end": { "line": 48, "column": 24 }
      },
      "48": {
        "start": { "line": 49, "column": 0 },
        "end": { "line": 49, "column": 32 }
      },
      "49": {
        "start": { "line": 50, "column": 0 },
        "end": { "line": 50, "column": 10 }
      },
      "50": {
        "start": { "line": 51, "column": 0 },
        "end": { "line": 51, "column": 7 }
      },
      "51": {
        "start": { "line": 52, "column": 0 },
        "end": { "line": 52, "column": 13 }
      },
      "52": {
        "start": { "line": 53, "column": 0 },
        "end": { "line": 53, "column": 15 }
      },
      "53": {
        "start": { "line": 54, "column": 0 },
        "end": { "line": 54, "column": 0 }
      },
      "54": {
        "start": { "line": 55, "column": 0 },
        "end": { "line": 55, "column": 12 }
      },
      "55": {
        "start": { "line": 56, "column": 0 },
        "end": { "line": 56, "column": 34 }
      },
      "56": {
        "start": { "line": 57, "column": 0 },
        "end": { "line": 57, "column": 19 }
      },
      "57": {
        "start": { "line": 58, "column": 0 },
        "end": { "line": 58, "column": 21 }
      },
      "58": {
        "start": { "line": 59, "column": 0 },
        "end": { "line": 59, "column": 19 }
      },
      "59": {
        "start": { "line": 60, "column": 0 },
        "end": { "line": 60, "column": 34 }
      },
      "60": {
        "start": { "line": 61, "column": 0 },
        "end": { "line": 61, "column": 29 }
      },
      "61": {
        "start": { "line": 62, "column": 0 },
[...]
        "end": { "line": 1, "column": 40 }
      },
      "1": {
        "start": { "line": 2, "column": 0 },
        "end": { "line": 2, "column": 20 }
      },
      "2": {
        "start": { "line": 3, "column": 0 },
        "end": { "line": 3, "column": 16 }
      },
      "3": {
        "start": { "line": 4, "column": 0 },
        "end": { "line": 4, "column": 22 }
      },
      "4": {
        "start": { "line": 5, "column": 0 },
        "end": { "line": 5, "column": 3 }
      },
      "5": {
        "start": { "line": 6, "column": 0 },
        "end": { "line": 6, "column": 50 }
      },
      "6": {
        "start": { "line": 7, "column": 0 },
        "end": { "line": 7, "column": 14 }
      },
      "7": {
        "start": { "line": 8, "column": 0 },
        "end": { "line": 8, "column": 10 }
      },
      "8": {
        "start": { "line": 9, "column": 0 },
        "end": { "line": 9, "column": 15 }
      },
      "9": {
        "start": { "line": 10, "column": 0 },
        "end": { "line": 10, "column": 4 }
      },
      "10": {
        "start": { "line": 11, "column": 0 },
        "end": { "line": 11, "column": 20 }
      },
      "11": {
        "start": { "line": 12, "column": 0 },
        "end": { "line": 12, "column": 25 }
      },
      "12": {
        "start": { "line": 13, "column": 0 },
        "end": { "line": 13, "column": 11 }
      },
      "13": {
        "start": { "line": 14, "column": 0 },
        "end": { "line": 14, "column": 19 }
      },
      "14": {
        "start": { "line": 15, "column": 0 },
        "end": { "line": 15, "column": 45 }
      },
      "15": {
        "start": { "line": 16, "column": 0 },
        "end": { "line": 16, "column": 34 }
      },
      "16": {
        "start": { "line": 17, "column": 0 },
        "end": { "line": 17, "column": 20 }
      },
      "17": {
        "start": { "line": 18, "column": 0 },
        "end": { "line": 18, "column": 22 }
      },
      "18": {
        "start": { "line": 19, "column": 0 },
        "end": { "line": 19, "column": 31 }
      },
      "19": {
        "start": { "line": 20, "column": 0 },
        "end": { "line": 20, "column": 47 }
      },
      "20": {
        "start": { "line": 21, "column": 0 },
        "end": { "line": 21, "column": 6 }
      },
      "21": {
        "start": { "line": 22, "column": 0 },
        "end": { "line": 22, "column": 11 }
      },
      "22": {
        "start": { "line": 23, "column": 0 },
        "end": { "line": 23, "column": 18 }
      },
      "23": {
        "start": { "line": 24, "column": 0 },
        "end": { "line": 24, "column": 6 }
      },
      "24": {
        "start": { "line": 25, "column": 0 },
        "end": { "line": 25, "column": 4 }
      },
      "25": {
        "start": { "line": 26, "column": 0 },
        "end": { "line": 26, "column": 18 }
      },
      "26": {
        "start": { "line": 27, "column": 0 },
        "end": { "line": 27, "column": 1 }
      },
      "27": {
        "start": { "line": 28, "column": 0 },
        "end": { "line": 28, "column": 44 }
      },
      "28": {
        "start": { "line": 29, "column": 0 },
        "end": { "line": 29, "column": 20 }
      },
      "29": {
        "start": { "line": 30, "column": 0 },
        "end": { "line": 30, "column": 16 }
      },
      "30": {
        "start": { "line": 31, "column": 0 },
        "end": { "line": 31, "column": 22 }
      },
      "31": {
        "start": { "line": 32, "column": 0 },
        "end": { "line": 32, "column": 3 }
      },
      "32": {
        "start": { "line": 33, "column": 0 },
        "end": { "line": 33, "column": 29 }
      },
      "33": {
        "start": { "line": 34, "column": 0 },
        "end": { "line": 34, "column": 20 }
      },
      "34": {
        "start": { "line": 35, "column": 0 },
        "end": { "line": 35, "column": 23 }
      },
      "35": {
        "start": { "line": 36, "column": 0 },
        "end": { "line": 36, "column": 14 }
      },
      "36": {
        "start": { "line": 37, "column": 0 },
        "end": { "line": 37, "column": 20 }
      },
      "37": {
        "start": { "line": 38, "column": 0 },
        "end": { "line": 38, "column": 22 }
      },
      "38": {
        "start": { "line": 39, "column": 0 },
        "end": { "line": 39, "column": 27 }
      },
      "39": {
        "start": { "line": 40, "column": 0 },
        "end": { "line": 40, "column": 27 }
      },
      "40": {
        "start": { "line": 41, "column": 0 },
        "end": { "line": 41, "column": 22 }
      },
      "41": {
        "start": { "line": 42, "column": 0 },
        "end": { "line": 42, "column": 70 }
      },
      "42": {
        "start": { "line": 43, "column": 0 },
        "end": { "line": 43, "column": 28 }
      },
      "43": {
        "start": { "line": 44, "column": 0 },
        "end": { "line": 44, "column": 8 }
      },
      "44": {
        "start": { "line": 45, "column": 0 },
        "end": { "line": 45, "column": 6 }
      },
      "45": {
        "start": { "line": 46, "column": 0 },
        "end": { "line": 46, "column": 21 }
      },
      "46": {
        "start": { "line": 47, "column": 0 },
        "end": { "line": 47, "column": 1 }
      }
    },
    "s": {
      "0": 1,
      "1": 24,
      "2": 24,
      "3": 24,
      "4": 24,
      "5": 24,
      "6": 24,
      "7": 24,
      "8": 24,
      "9": 24,
      "10": 24,
      "11": 24,
      "12": 24,
      "13": 24,
      "14": 24,
      "15": 24,
      "16": 24,
      "17": 24,
      "18": 24,
      "19": 24,
      "20": 24,
      "21": 24,
      "22": 24,
      "23": 24,
      "24": 24,
      "25": 24,
      "26": 24,
      "27": 1,
      "28": 25,
      "29": 25,
      "30": 25,
      "31": 25,
      "32": 25,
      "33": 25,
      "34": 25,
      "35": 3016,
      "36": 3016,
      "37": 3016,
      "38": 3016,
      "39": 3016,
      "40": 3016,
      "41": 3016,
      "42": 3016,
      "43": 3016,
      "44": 25,
      "45": 25,
      "46": 25
    },
    "branchMap": {
      "0": {
        "type": "branch",
        "line": 1,
        "loc": {
          "start": { "line": 1, "column": 7 },
          "end": { "line": 27, "column": 1 }
        },
        "locations": [
          {
            "start": { "line": 1, "column": 7 },
            "end": { "line": 27, "column": 1 }
          }
        ]
      },
      "1": {
        "type": "branch",
        "line": 28,
        "loc": {
          "start": { "line": 28, "column": 7 },
          "end": { "line": 47, "column": 1 }
        },
        "locations": [
          {
            "start": { "line": 28, "column": 7 },
            "end": { "line": 47, "column": 1 }
          }
        ]
      },
      "2": {
        "type": "branch",
        "line": 35,
        "loc": {
          "start": { "line": 35, "column": 9 },
          "end": { "line": 45, "column": 5 }
        },
        "locations": [
          {
            "start": { "line": 35, "column": 9 },
            "end": { "line": 45, "column": 5 }
          }
        ]
      },
      "3": {
        "type": "branch",
        "line": 42,
        "loc": {
          "start": { "line": 42, "column": 14 },
          "end": { "line": 42, "column": 52 }
        },
        "locations": [
          {
            "start": { "line": 42, "column": 14 },
            "end": { "line": 42, "column": 52 }
          }
        ]
      },
      "4": {
        "type": "branch",
        "line": 42,
        "loc": {
          "start": { "line": 42, "column": 28 },
          "end": { "line": 42, "column": 70 }
        },
        "locations": [
          {
            "start": { "line": 42, "column": 28 },
            "end": { "line": 42, "column": 70 }
          }
        ]
      }
    },
    "b": { "0": [24], "1": [25], "2": [3016], "3": [9], "4": [3007] },
    "fnMap": {
      "0": {
        "name": "createCardsResponseMock",
        "decl": {
          "start": { "line": 1, "column": 7 },
          "end": { "line": 27, "column": 1 }
        },
        "loc": {
          "start": { "line": 1, "column": 7 },
          "end": { "line": 27, "column": 1 }
        },
        "line": 1
      },
      "1": {
        "name": "createCardsListResponseMock",
        "decl": {
          "start": { "line": 28, "column": 7 },
          "end": { "line": 47, "column": 1 }
        },
        "loc": {
          "start": { "line": 28, "column": 7 },
          "end": { "line": 47, "column": 1 }
        },
        "line": 28
      }
    },
    "f": { "0": 24, "1": 25 }
  },
  "C:\\Users\\100nout\\Documents\\RS\\react\\src\\utils\\api.ts": {
    "path": "C:\\Users\\100nout\\Documents\\RS\\react\\src\\utils\\api.ts",
    "all": false,
    "statementMap": {
      "0": {
        "start": { "line": 1, "column": 0 },
        "end": { "line": 1, "column": 38 }
      },
      "1": {
        "start": { "line": 2, "column": 0 },
        "end": { "line": 2, "column": 0 }
      },
      "2": {
        "start": { "line": 3, "column": 0 },
        "end": { "line": 3, "column": 34 }
      },
      "3": {
        "start": { "line": 4, "column": 0 },
        "end": { "line": 4, "column": 22 }
      },
      "4": {
        "start": { "line": 5, "column": 0 },
        "end": { "line": 5, "column": 21 }
      },
      "5": {
        "start": { "line": 6, "column": 0 },
        "end": { "line": 6, "column": 18 }
      },
      "6": {
        "start": { "line": 7, "column": 0 },
        "end": { "line": 7, "column": 3 }
      },
      "7": {
        "start": { "line": 8, "column": 0 },
        "end": { "line": 8, "column": 105 }
      },
      "8": {
        "start": { "line": 9, "column": 0 },
        "end": { "line": 9, "column": 7 }
      },
      "9": {
        "start": { "line": 10, "column": 0 },
        "end": { "line": 10, "column": 32 }
      },
      "10": {
        "start": { "line": 11, "column": 0 },
        "end": { "line": 11, "column": 26 }
      },
      "11": {
        "start": { "line": 12, "column": 0 },
        "end": { "line": 12, "column": 25 }
      },
      "12": {
        "start": { "line": 13, "column": 0 },
        "end": { "line": 13, "column": 75 }
      },
      "13": {
        "start": { "line": 14, "column": 0 },
        "end": { "line": 14, "column": 68 }
      },
      "14": {
        "start": { "line": 15, "column": 0 },
        "end": { "line": 15, "column": 23 }
      },
      "15": {
        "start": { "line": 16, "column": 0 },
        "end": { "line": 16, "column": 14 }
      },
      "16": {
        "start": { "line": 17, "column": 0 },
        "end": { "line": 17, "column": 10 }
      },
      "17": {
        "start": { "line": 18, "column": 0 },
        "end": { "line": 18, "column": 26 }
      },
      "18": {
        "start": { "line": 19, "column": 0 },
        "end": { "line": 19, "column": 24 }
      },
      "19": {
        "start": { "line": 20, "column": 0 },
        "end": { "line": 20, "column": 11 }
      },
      "20": {
        "start": { "line": 21, "column": 0 },
        "end": { "line": 21, "column": 0 }
      },
      "21": {
        "start": { "line": 22, "column": 0 },
        "end": { "line": 22, "column": 52 }
      },
      "22": {
        "start": { "line": 23, "column": 0 },
        "end": { "line": 23, "column": 16 }
      },
      "23": {
        "start": { "line": 24, "column": 0 },
        "end": { "line": 24, "column": 11 }
      },
      "24": {
        "start": { "line": 25, "column": 0 },
        "end": { "line": 25, "column": 41 }
      },
      "25": {
        "start": { "line": 26, "column": 0 },
        "end": { "line": 26, "column": 3 }
      },
      "26": {
        "start": { "line": 27, "column": 0 },
        "end": { "line": 27, "column": 1 }
      }
    },
    "s": {
      "0": 1,
      "1": 1,
      "2": 16,
      "3": 16,
      "4": 16,
      "5": 16,
      "6": 16,
      "7": 16,
      "8": 16,
      "9": 16,
      "10": 1,
      "11": 1,
      "12": 1,
      "13": 1,
      "14": 1,
      "15": 1,
      "16": 1,
      "17": 15,
      "18": 15,
      "19": 15,
      "20": 15,
      "21": 15,
      "22": 16,
      "23": 16,
      "24": 0,
      "25": 0,
      "26": 16
    },
    "branchMap": {
      "0": {
        "type": "branch",
        "line": 3,
        "loc": {
          "start": { "line": 3, "column": 0 },
          "end": { "line": 27, "column": 1 }
        },
        "locations": [
          {
            "start": { "line": 3, "column": 0 },
            "end": { "line": 27, "column": 1 }
          }
        ]
      },
      "1": {
        "type": "branch",
        "line": 10,
        "loc": {
          "start": { "line": 10, "column": 21 },
          "end": { "line": 17, "column": 10 }
        },
        "locations": [
          {
            "start": { "line": 10, "column": 21 },
            "end": { "line": 17, "column": 10 }
          }
        ]
      },
      "2": {
        "type": "branch",
        "line": 17,
        "loc": {
          "start": { "line": 17, "column": 9 },
          "end": { "line": 20, "column": 11 }
        },
        "locations": [
          {
            "start": { "line": 17, "column": 9 },
            "end": { "line": 20, "column": 11 }
          }
        ]
      },
      "3": {
        "type": "branch",
        "line": 20,
        "loc": {
          "start": { "line": 20, "column": 9 },
          "end": { "line": 22, "column": 52 }
        },
        "locations": [
          {
            "start": { "line": 20, "column": 9 },
            "end": { "line": 22, "column": 52 }
          }
        ]
      },
      "4": {
        "type": "branch",
        "line": 24,
        "loc": {
          "start": { "line": 24, "column": 2 },
          "end": { "line": 26, "column": 3 }
        },
        "locations": [
          {
            "start": { "line": 24, "column": 2 },
            "end": { "line": 26, "column": 3 }
          }
        ]
      }
    },
    "b": { "0": [16], "1": [1], "2": [15], "3": [15], "4": [0] },
    "fnMap": {
      "0": {
        "name": "searchCards",
        "decl": {
          "start": { "line": 3, "column": 0 },
          "end": { "line": 27, "column": 1 }
        },
        "loc": {
          "start": { "line": 3, "column": 0 },
          "end": { "line": 27, "column": 1 }
        },
        "line": 3
      }
    },
    "f": { "0": 16 }
  },
  "C:\\Users\\100nout\\Documents\\RS\\react\\src\\utils\\helpFunctions.ts": {
    "path": "C:\\Users\\100nout\\Documents\\RS\\react\\src\\utils\\helpFunctions.ts",
    "all": false,
    "statementMap": {
      "0": {
        "start": { "line": 1, "column": 0 },
        "end": { "line": 1, "column": 34 }
      },
      "1": {
        "start": { "line": 2, "column": 0 },
        "end": { "line": 2, "column": 26 }
      },
      "2": {
        "start": { "line": 3, "column": 0 },
        "end": { "line": 3, "column": 17 }
      },
      "3": {
        "start": { "line": 4, "column": 0 },
        "end": { "line": 4, "column": 18 }
      },
      "4": {
        "start": { "line": 5, "column": 0 },
        "end": { "line": 5, "column": 3 }
      },
      "5": {
        "start": { "line": 6, "column": 0 },
        "end": { "line": 6, "column": 51 }
      },
      "6": {
        "start": { "line": 7, "column": 0 },
        "end": { "line": 7, "column": 19 }
      },
      "7": {
        "start": { "line": 8, "column": 0 },
        "end": { "line": 8, "column": 20 }
      },
      "8": {
        "start": { "line": 9, "column": 0 },
        "end": { "line": 9, "column": 22 }
      },
      "9": {
        "start": { "line": 10, "column": 0 },
        "end": { "line": 10, "column": 12 }
      },
      "10": {
        "start": { "line": 11, "column": 0 },
        "end": { "line": 11, "column": 5 }
      },
      "11": {
        "start": { "line": 12, "column": 0 },
        "end": { "line": 12, "column": 17 }
      },
      "12": {
        "start": { "line": 13, "column": 0 },
        "end": { "line": 13, "column": 22 }
      },
      "13": {
        "start": { "line": 14, "column": 0 },
        "end": { "line": 14, "column": 29 }
      },
      "14": {
        "start": { "line": 15, "column": 0 },
        "end": { "line": 15, "column": 12 }
      },
      "15": {
        "start": { "line": 16, "column": 0 },
        "end": { "line": 16, "column": 12 }
      },
      "16": {
        "start": { "line": 17, "column": 0 },
        "end": { "line": 17, "column": 40 }
      },
      "17": {
        "start": { "line": 18, "column": 0 },
        "end": { "line": 18, "column": 12 }
      },
      "18": {
        "start": { "line": 19, "column": 0 },
        "end": { "line": 19, "column": 31 }
      },
      "19": {
        "start": { "line": 20, "column": 0 },
        "end": { "line": 20, "column": 7 }
      },
      "20": {
        "start": { "line": 21, "column": 0 },
        "end": { "line": 21, "column": 3 }
      },
      "21": {
        "start": { "line": 22, "column": 0 },
        "end": { "line": 22, "column": 13 }
      },
      "22": {
        "start": { "line": 23, "column": 0 },
        "end": { "line": 23, "column": 1 }
      }
    },
    "s": {
      "0": 1,
      "1": 12,
      "2": 12,
      "3": 12,
      "4": 12,
      "5": 12,
      "6": 12,
      "7": 12,
      "8": 2,
      "9": 2,
      "10": 2,
      "11": 12,
      "12": 0,
      "13": 0,
      "14": 0,
      "15": 12,
      "16": 10,
      "17": 9,
      "18": 9,
      "19": 9,
      "20": 12,
      "21": 12,
      "22": 12
    },
    "branchMap": {
      "0": {
        "type": "branch",
        "line": 1,
        "loc": {
          "start": { "line": 1, "column": 7 },
          "end": { "line": 23, "column": 1 }
        },
        "locations": [
          {
            "start": { "line": 1, "column": 7 },
            "end": { "line": 23, "column": 1 }
          }
        ]
      },
      "1": {
        "type": "branch",
        "line": 8,
        "loc": {
          "start": { "line": 8, "column": 4 },
          "end": { "line": 11, "column": 5 }
        },
        "locations": [
          {
            "start": { "line": 8, "column": 4 },
            "end": { "line": 11, "column": 5 }
          }
        ]
      },
      "2": {
        "type": "branch",
        "line": 12,
        "loc": {
          "start": { "line": 12, "column": 4 },
          "end": { "line": 15, "column": 12 }
        },
        "locations": [
          {
            "start": { "line": 12, "column": 4 },
            "end": { "line": 15, "column": 12 }
          }
        ]
      },
      "3": {
        "type": "branch",
        "line": 16,
        "loc": {
          "start": { "line": 16, "column": 4 },
          "end": { "line": 20, "column": 7 }
        },
        "locations": [
          {
            "start": { "line": 16, "column": 4 },
            "end": { "line": 20, "column": 7 }
          }
        ]
      },
      "4": {
        "type": "branch",
        "line": 17,
        "loc": {
          "start": { "line": 17, "column": 21 },
          "end": { "line": 17, "column": 40 }
        },
        "locations": [
          {
            "start": { "line": 17, "column": 21 },
            "end": { "line": 17, "column": 40 }
          }
        ]
      },
      "5": {
        "type": "branch",
        "line": 17,
        "loc": {
          "start": { "line": 17, "column": 38 },
          "end": { "line": 20, "column": 7 }
        },
        "locations": [
          {
            "start": { "line": 17, "column": 38 },
            "end": { "line": 20, "column": 7 }
          }
        ]
      }
    },
    "b": { "0": [12], "1": [2], "2": [0], "3": [10], "4": [1], "5": [9] },
    "fnMap": {
      "0": {
        "name": "updateQueryParams",
        "decl": {
          "start": { "line": 1, "column": 7 },
          "end": { "line": 23, "column": 1 }
        },
        "loc": {
          "start": { "line": 1, "column": 7 },
          "end": { "line": 23, "column": 1 }
        },
        "line": 1
      }
    },
    "f": { "0": 12 }
  }
}
